<?xml version="1.0" encoding="UTF-8"?>
<!-- Generated by org.testng.reporters.JUnitXMLReporter -->
<testsuite hostname="GabbooAlien" ignored="5" name="Testing XML Test Name" tests="14" failures="1" timestamp="22 Feb 2017 05:28:14 GMT" time="245.668" errors="0">
  <testcase name="createClassTest" time="15.101" classname="geForceSelenium.gForce.Script.webClassModule"/>
  <testcase name="publishClassTest" time="19.657" classname="geForceSelenium.gForce.Script.webClassModule"/>
  <testcase name="createStudentTest" time="8.522" classname="geForceSelenium.gForce.Script.webStudentModule"/>
  <testcase name="createTeacherFutureDateTest" time="12.175" classname="geForceSelenium.gForce.Script.webTeacherModule"/>
  <testcase name="createTeacherNotAvailableForTrainingTest" time="12.916" classname="geForceSelenium.gForce.Script.webTeacherModule"/>
  <testcase name="createTeacherTest" time="12.366" classname="geForceSelenium.gForce.Script.webTeacherModule"/>
  <testcase name="searchClassTest" time="9.497" classname="geForceSelenium.gForce.Script.webClassModule"/>
  <testcase name="searchStudentTest" time="5.653" classname="geForceSelenium.gForce.Script.webStudentModule"/>
  <testcase name="searchTeacherTest" time="9.598" classname="geForceSelenium.gForce.Script.webTeacherModule"/>
  <testcase name="editClassTest" time="9.764" classname="geForceSelenium.gForce.Script.webClassModule"/>
  <testcase name="editStudentTest" time="0.018" classname="geForceSelenium.gForce.Script.webStudentModule">
    <failure type="org.openqa.selenium.NoSuchElementException" message="Unable to locate element: {&amp;quot;method&amp;quot;:&amp;quot;css selector&amp;quot;,&amp;quot;selector&amp;quot;:&amp;quot;td.ng-binding&amp;quot;}
Command duration or timeout: 17 milliseconds
For documentation on this error, please visit: http://seleniumhq.org/exceptions/no_such_element.html
Build info: version: &amp;apos;unknown&amp;apos;, revision: &amp;apos;3169782&amp;apos;, time: &amp;apos;2016-09-29 10:24:50 -0700&amp;apos;
System info: host: &amp;apos;GabbooAlien&amp;apos;, ip: &amp;apos;192.168.30.95&amp;apos;, os.name: &amp;apos;Windows 8.1&amp;apos;, os.arch: &amp;apos;amd64&amp;apos;, os.version: &amp;apos;6.3&amp;apos;, java.version: &amp;apos;1.8.0_111&amp;apos;
Driver info: org.openqa.selenium.firefox.FirefoxDriver
Capabilities [{applicationCacheEnabled=true, rotatable=false, handlesAlerts=true, databaseEnabled=true, version=46.0, platform=WINDOWS, nativeEvents=false, acceptSslCerts=true, webStorageEnabled=true, locationContextEnabled=true, browserName=firefox, takesScreenshot=true, javascriptEnabled=true, cssSelectorsEnabled=true}]
Session ID: a3b620e3-4adf-40bb-a967-58432f9d5069
*** Element info: {Using=css selector, value=td.ng-binding}">
      <![CDATA[org.openqa.selenium.NoSuchElementException: Unable to locate element: {"method":"css selector","selector":"td.ng-binding"}
Command duration or timeout: 17 milliseconds
For documentation on this error, please visit: http://seleniumhq.org/exceptions/no_such_element.html
Build info: version: 'unknown', revision: '3169782', time: '2016-09-29 10:24:50 -0700'
System info: host: 'GabbooAlien', ip: '192.168.30.95', os.name: 'Windows 8.1', os.arch: 'amd64', os.version: '6.3', java.version: '1.8.0_111'
Driver info: org.openqa.selenium.firefox.FirefoxDriver
Capabilities [{applicationCacheEnabled=true, rotatable=false, handlesAlerts=true, databaseEnabled=true, version=46.0, platform=WINDOWS, nativeEvents=false, acceptSslCerts=true, webStorageEnabled=true, locationContextEnabled=true, browserName=firefox, takesScreenshot=true, javascriptEnabled=true, cssSelectorsEnabled=true}]
Session ID: a3b620e3-4adf-40bb-a967-58432f9d5069
*** Element info: {Using=css selector, value=td.ng-binding}
	at org.openqa.selenium.remote.ErrorHandler.createThrowable(ErrorHandler.java:206)
	at org.openqa.selenium.remote.ErrorHandler.throwIfResponseFailed(ErrorHandler.java:158)
	at org.openqa.selenium.remote.RemoteWebDriver.execute(RemoteWebDriver.java:636)
	at org.openqa.selenium.remote.RemoteWebDriver.findElement(RemoteWebDriver.java:369)
	at org.openqa.selenium.remote.RemoteWebDriver.findElementByCssSelector(RemoteWebDriver.java:466)
	at org.openqa.selenium.By$ByCssSelector.findElement(By.java:430)
	at org.openqa.selenium.remote.RemoteWebDriver.findElement(RemoteWebDriver.java:361)
	at geForceSelenium.gForce.Script.webStudentModule.editStudentTest(webStudentModule.java:56)
Caused by: org.openqa.selenium.NoSuchElementException: Unable to locate element: {"method":"css selector","selector":"td.ng-binding"}
For documentation on this error, please visit: http://seleniumhq.org/exceptions/no_such_element.html
Build info: version: 'unknown', revision: '3169782', time: '2016-09-29 10:24:50 -0700'
System info: host: 'GabbooAlien', ip: '192.168.30.95', os.name: 'Windows 8.1', os.arch: 'amd64', os.version: '6.3', java.version: '1.8.0_111'
Driver info: driver.version: unknown
	at <anonymous class>.FirefoxDriver.prototype.findElementInternal_(file:///C:/Users/Gabo/AppData/Local/Temp/anonymous1397963820253810363webdriver-profile/extensions/fxdriver@googlecode.com/components/driver-component.js:11187)
	at <anonymous class>.FirefoxDriver.prototype.findElement(file:///C:/Users/Gabo/AppData/Local/Temp/anonymous1397963820253810363webdriver-profile/extensions/fxdriver@googlecode.com/components/driver-component.js:11196)
	at <anonymous class>.DelayedCommand.prototype.executeInternal_/h(file:///C:/Users/Gabo/AppData/Local/Temp/anonymous1397963820253810363webdriver-profile/extensions/fxdriver@googlecode.com/components/command-processor.js:12698)
	at <anonymous class>.DelayedCommand.prototype.executeInternal_(file:///C:/Users/Gabo/AppData/Local/Temp/anonymous1397963820253810363webdriver-profile/extensions/fxdriver@googlecode.com/components/command-processor.js:12703)
	at <anonymous class>.DelayedCommand.prototype.execute/<(file:///C:/Users/Gabo/AppData/Local/Temp/anonymous1397963820253810363webdriver-profile/extensions/fxdriver@googlecode.com/components/command-processor.js:12645)
... Removed 28 stack frames]]>
    </failure>
  </testcase> <!-- editStudentTest -->
  <testcase name="deleteClassTest" time="11.48" classname="geForceSelenium.gForce.Script.webClassModule"/>
  <testcase name="viewStudentTest" time="2.808" classname="geForceSelenium.gForce.Script.webStudentModule"/>
  <testcase name="deleteStudentTest" time="6.163" classname="geForceSelenium.gForce.Script.webStudentModule"/>
  <testcase name="@AfterTest afterTest" time="0.0" classname="geForceSelenium.gForce.Util.TestCaseBase">
    <ignored/>
  </testcase> <!-- @AfterTest afterTest -->
  <testcase name="@AfterTest afterTest" time="0.0" classname="geForceSelenium.gForce.Util.TestCaseBase">
    <ignored/>
  </testcase> <!-- @AfterTest afterTest -->
  <testcase name="@BeforeTest setupTest" time="0.0" classname="geForceSelenium.gForce.Util.TestCaseBase">
    <ignored/>
  </testcase> <!-- @BeforeTest setupTest -->
  <testcase name="@BeforeTest setupTest" time="0.0" classname="geForceSelenium.gForce.Util.TestCaseBase">
    <ignored/>
  </testcase> <!-- @BeforeTest setupTest -->
  <testcase name="unifiedRunTest" time="0.0" classname="geForceSelenium.gForce.Script.webClassModule">
    <ignored/>
  </testcase> <!-- unifiedRunTest -->
</testsuite> <!-- Testing XML Test Name -->
