<?xml version="1.0" encoding="UTF-8"?>
<!-- Generated by org.testng.reporters.JUnitXMLReporter -->
<testsuite hostname="GabbooAlien" ignored="5" name="Test Name" tests="13" failures="1" timestamp="22 Feb 2017 05:04:19 GMT" time="226.516" errors="0">
  <testcase name="createClassTest" time="13.87" classname="geForceSelenium.gForce.Script.webClassModule"/>
  <testcase name="publishClassTest" time="8.425" classname="geForceSelenium.gForce.Script.webClassModule">
    <failure type="org.openqa.selenium.InvalidArgumentException" message="Element is not clickable at point (70.48333740234375, 115). Other element would receive the click: &amp;lt;div class=&amp;quot;modal-backdrop fade&amp;quot;&amp;gt;&amp;lt;/div&amp;gt;
Command duration or timeout: 70 milliseconds
Build info: version: &amp;apos;unknown&amp;apos;, revision: &amp;apos;3169782&amp;apos;, time: &amp;apos;2016-09-29 10:24:50 -0700&amp;apos;
System info: host: &amp;apos;GabbooAlien&amp;apos;, ip: &amp;apos;192.168.30.95&amp;apos;, os.name: &amp;apos;Windows 8.1&amp;apos;, os.arch: &amp;apos;amd64&amp;apos;, os.version: &amp;apos;6.3&amp;apos;, java.version: &amp;apos;1.8.0_111&amp;apos;
Driver info: org.openqa.selenium.firefox.FirefoxDriver
Capabilities [{applicationCacheEnabled=true, rotatable=false, handlesAlerts=true, databaseEnabled=true, version=46.0, platform=WINDOWS, nativeEvents=false, acceptSslCerts=true, webStorageEnabled=true, locationContextEnabled=true, browserName=firefox, takesScreenshot=true, javascriptEnabled=true, cssSelectorsEnabled=true}]
Session ID: c08bfedb-ed96-4a07-8cd4-6f9a45e7a51d">
      <![CDATA[org.openqa.selenium.InvalidArgumentException: Element is not clickable at point (70.48333740234375, 115). Other element would receive the click: <div class="modal-backdrop fade"></div>
Command duration or timeout: 70 milliseconds
Build info: version: 'unknown', revision: '3169782', time: '2016-09-29 10:24:50 -0700'
System info: host: 'GabbooAlien', ip: '192.168.30.95', os.name: 'Windows 8.1', os.arch: 'amd64', os.version: '6.3', java.version: '1.8.0_111'
Driver info: org.openqa.selenium.firefox.FirefoxDriver
Capabilities [{applicationCacheEnabled=true, rotatable=false, handlesAlerts=true, databaseEnabled=true, version=46.0, platform=WINDOWS, nativeEvents=false, acceptSslCerts=true, webStorageEnabled=true, locationContextEnabled=true, browserName=firefox, takesScreenshot=true, javascriptEnabled=true, cssSelectorsEnabled=true}]
Session ID: c08bfedb-ed96-4a07-8cd4-6f9a45e7a51d
	at org.openqa.selenium.remote.ErrorHandler.createThrowable(ErrorHandler.java:206)
	at org.openqa.selenium.remote.ErrorHandler.throwIfResponseFailed(ErrorHandler.java:164)
	at org.openqa.selenium.remote.RemoteWebDriver.execute(RemoteWebDriver.java:636)
	at org.openqa.selenium.remote.RemoteWebElement.execute(RemoteWebElement.java:284)
	at org.openqa.selenium.remote.RemoteWebElement.click(RemoteWebElement.java:84)
	at geForceSelenium.gForce.Util.Util.clickThis(Util.java:113)
	at geForceSelenium.gForce.POM.webClassPOM.click_class_tabLink(webClassPOM.java:61)
	at geForceSelenium.gForce.Script.webClassModule.searchClassTest(webClassModule.java:57)
	at geForceSelenium.gForce.Script.webClassModule.publishClassTest(webClassModule.java:94)
... Removed 29 stack frames]]>
    </failure>
  </testcase> <!-- publishClassTest -->
  <testcase name="createStudentTest" time="8.237" classname="geForceSelenium.gForce.Script.webStudentModule"/>
  <testcase name="createTeacherFutureDateTest" time="12.909" classname="geForceSelenium.gForce.Script.webTeacherModule"/>
  <testcase name="createTeacherNotAvailableForTrainingTest" time="11.306" classname="geForceSelenium.gForce.Script.webTeacherModule"/>
  <testcase name="createTeacherTest" time="13.259" classname="geForceSelenium.gForce.Script.webTeacherModule"/>
  <testcase name="searchClassTest" time="9.593" classname="geForceSelenium.gForce.Script.webClassModule"/>
  <testcase name="searchStudentTest" time="5.509" classname="geForceSelenium.gForce.Script.webStudentModule"/>
  <testcase name="searchTeacherTest" time="9.566" classname="geForceSelenium.gForce.Script.webTeacherModule"/>
  <testcase name="editClassTest" time="9.651" classname="geForceSelenium.gForce.Script.webClassModule"/>
  <testcase name="deleteClassTest" time="11.639" classname="geForceSelenium.gForce.Script.webClassModule"/>
  <testcase name="viewStudentTest" time="2.657" classname="geForceSelenium.gForce.Script.webStudentModule"/>
  <testcase name="deleteStudentTest" time="5.955" classname="geForceSelenium.gForce.Script.webStudentModule"/>
  <testcase name="@AfterTest afterTest" time="0.0" classname="geForceSelenium.gForce.Util.TestCaseBase">
    <ignored/>
  </testcase> <!-- @AfterTest afterTest -->
  <testcase name="@AfterTest afterTest" time="0.0" classname="geForceSelenium.gForce.Util.TestCaseBase">
    <ignored/>
  </testcase> <!-- @AfterTest afterTest -->
  <testcase name="@BeforeTest setupTest" time="0.0" classname="geForceSelenium.gForce.Util.TestCaseBase">
    <ignored/>
  </testcase> <!-- @BeforeTest setupTest -->
  <testcase name="@BeforeTest setupTest" time="0.0" classname="geForceSelenium.gForce.Util.TestCaseBase">
    <ignored/>
  </testcase> <!-- @BeforeTest setupTest -->
  <testcase name="unifiedRunTest" time="0.0" classname="geForceSelenium.gForce.Script.webClassModule">
    <ignored/>
  </testcase> <!-- unifiedRunTest -->
</testsuite> <!-- Test Name -->
