<html>
<head>
<title>TestNG:  Default test</title>
<link href="../testng.css" rel="stylesheet" type="text/css" />
<link href="../my-testng.css" rel="stylesheet" type="text/css" />

<style type="text/css">
.log { display: none;} 
.stack-trace { display: none;} 
</style>
<script type="text/javascript">
<!--
function flip(e) {
  current = e.style.display;
  if (current == 'block') {
    e.style.display = 'none';
    return 0;
  }
  else {
    e.style.display = 'block';
    return 1;
  }
}

function toggleBox(szDivId, elem, msg1, msg2)
{
  var res = -1;  if (document.getElementById) {
    res = flip(document.getElementById(szDivId));
  }
  else if (document.all) {
    // this is the way old msie versions work
    res = flip(document.all[szDivId]);
  }
  if(elem) {
    if(res == 0) elem.innerHTML = msg1; else elem.innerHTML = msg2;
  }

}

function toggleAllBoxes() {
  if (document.getElementsByTagName) {
    d = document.getElementsByTagName('div');
    for (i = 0; i < d.length; i++) {
      if (d[i].className == 'log') {
        flip(d[i]);
      }
    }
  }
}

// -->
</script>

</head>
<body>
<h2 align='center'>Default test</h2><table border='1' align="center">
<tr>
<td>Tests passed/Failed/Skipped:</td><td>5/3/0</td>
</tr><tr>
<td>Started on:</td><td>Wed Mar 15 11:27:14 SGT 2017</td>
</tr>
<tr><td>Total time:</td><td>89 seconds (89199 ms)</td>
</tr><tr>
<td>Included groups:</td><td></td>
</tr><tr>
<td>Excluded groups:</td><td></td>
</tr>
</table><p/>
<small><i>(Hover the method name to see the test class name)</i></small><p/>
<table width='100%' border='1' class='invocation-failed'>
<tr><td colspan='4' align='center'><b>FAILED TESTS</b></td></tr>
<tr><td><b>Test method</b></td>
<td width="30%"><b>Exception</b></td>
<td width="10%"><b>Time (seconds)</b></td>
<td><b>Instance</b></td>
</tr>
<tr>
<td title='geForceSelenium.gForce.Script.webClassModule.editClassTest()'><b>editClassTest</b><br>Test class: geForceSelenium.gForce.Script.webClassModule<br/>
<a href="#Output-516537656" onClick='toggleBox("Output-516537656", this, "Show output", "Hide output");'>Show output</a>

<a href="#Output-516537656" onClick="toggleAllBoxes();">Show all outputs</a>
<div class='log' id="Output-516537656">
<p>  Type this ClassNamec4CcG  </p><br/>
<p>  Typing ClassNamec4CcG in Class Name field  </p><br/>
<p>  Finished waiting  </p><br/>
<br> <img src=Test-Screenshot\2017-03-15_11-27-47\FAILED-editClassTest.png  width='600' height='400'/> </br><br/>
<p>  Performing Screenshot  </p><br/>
</div>
</td>
<td><div><pre>org.openqa.selenium.NoSuchElementException: Cannot locate element with text: Open Class
For documentation on this error, please visit: http://seleniumhq.org/exceptions/no_such_element.html
Build info: version: &apos;unknown&apos;, revision: &apos;3169782&apos;, time: &apos;2016-09-29 10:24:50 -0700&apos;
System info: host: &apos;GabbooAlien&apos;, ip: &apos;192.168.30.95&apos;, os.name: &apos;Windows 8.1&apos;, os.arch: &apos;amd64&apos;, os.version: &apos;6.3&apos;, java.version: &apos;1.8.0_111&apos;
Driver info: driver.version: unknown
	at org.openqa.selenium.support.ui.Select.selectByVisibleText(Select.java:151)
	at selenium.Util.Util.selectThis(Util.java:61)
	at selenium.Util.Util.selectThis(Util.java:52)
	at geForceSelenium.gForce.POM.webClassPOM.selectIn_searchClass_classType(webClassPOM.java:173)
	at geForceSelenium.gForce.Script.webClassModule.editClassTest(webClassModule.java:100)
	at sun.reflect.NativeMethodAccessorImpl.invoke0(Native Method)
	at sun.reflect.NativeMethodAccessorImpl.invoke(Unknown Source)
	at sun.reflect.DelegatingMethodAccessorImpl.invoke(Unknown Source)
	at java.lang.reflect.Method.invoke(Unknown Source)
	at org.testng.internal.MethodInvocationHelper.invokeMethod(MethodInvocationHelper.java:104)
	at org.testng.internal.Invoker.invokeMethod(Invoker.java:645)
	at org.testng.internal.Invoker.invokeTestMethod(Invoker.java:851)
	at org.testng.internal.Invoker.invokeTestMethods(Invoker.java:1177)
	at org.testng.internal.TestMethodWorker.invokeTestMethods(TestMethodWorker.java:129)
	at org.testng.internal.TestMethodWorker.run(TestMethodWorker.java:112)
	at org.testng.TestRunner.privateRun(TestRunner.java:756)
	at org.testng.TestRunner.run(TestRunner.java:610)
	at org.testng.SuiteRunner.runTest(SuiteRunner.java:387)
	at org.testng.SuiteRunner.runSequentially(SuiteRunner.java:382)
	at org.testng.SuiteRunner.privateRun(SuiteRunner.java:340)
	at org.testng.SuiteRunner.run(SuiteRunner.java:289)
	at org.testng.SuiteRunnerWorker.runSuite(SuiteRunnerWorker.java:52)
	at org.testng.SuiteRunnerWorker.run(SuiteRunnerWorker.java:86)
	at org.testng.TestNG.runSuitesSequentially(TestNG.java:1293)
	at org.testng.TestNG.runSuitesLocally(TestNG.java:1218)
	at org.testng.TestNG.runSuites(TestNG.java:1133)
	at org.testng.TestNG.run(TestNG.java:1104)
	at org.testng.remote.AbstractRemoteTestNG.run(AbstractRemoteTestNG.java:132)
	at org.testng.remote.RemoteTestNG.initAndRun(RemoteTestNG.java:236)
	at org.testng.remote.RemoteTestNG.main(RemoteTestNG.java:81)
</pre></div><a href='#' onClick='toggleBox("stack-trace516537656", this, "Click to show all stack frames", "Click to hide stack frames")'>Click to show all stack frames</a>
<div class='stack-trace' id='stack-trace516537656'><pre>org.openqa.selenium.NoSuchElementException: Cannot locate element with text: Open Class
For documentation on this error, please visit: http://seleniumhq.org/exceptions/no_such_element.html
Build info: version: &apos;unknown&apos;, revision: &apos;3169782&apos;, time: &apos;2016-09-29 10:24:50 -0700&apos;
System info: host: &apos;GabbooAlien&apos;, ip: &apos;192.168.30.95&apos;, os.name: &apos;Windows 8.1&apos;, os.arch: &apos;amd64&apos;, os.version: &apos;6.3&apos;, java.version: &apos;1.8.0_111&apos;
Driver info: driver.version: unknown
	at org.openqa.selenium.support.ui.Select.selectByVisibleText(Select.java:151)
	at selenium.Util.Util.selectThis(Util.java:61)
	at selenium.Util.Util.selectThis(Util.java:52)
	at geForceSelenium.gForce.POM.webClassPOM.selectIn_searchClass_classType(webClassPOM.java:173)
	at geForceSelenium.gForce.Script.webClassModule.editClassTest(webClassModule.java:100)
	at sun.reflect.NativeMethodAccessorImpl.invoke0(Native Method)
	at sun.reflect.NativeMethodAccessorImpl.invoke(Unknown Source)
	at sun.reflect.DelegatingMethodAccessorImpl.invoke(Unknown Source)
	at java.lang.reflect.Method.invoke(Unknown Source)
	at org.testng.internal.MethodInvocationHelper.invokeMethod(MethodInvocationHelper.java:104)
	at org.testng.internal.Invoker.invokeMethod(Invoker.java:645)
	at org.testng.internal.Invoker.invokeTestMethod(Invoker.java:851)
	at org.testng.internal.Invoker.invokeTestMethods(Invoker.java:1177)
	at org.testng.internal.TestMethodWorker.invokeTestMethods(TestMethodWorker.java:129)
	at org.testng.internal.TestMethodWorker.run(TestMethodWorker.java:112)
	at org.testng.TestRunner.privateRun(TestRunner.java:756)
	at org.testng.TestRunner.run(TestRunner.java:610)
	at org.testng.SuiteRunner.runTest(SuiteRunner.java:387)
	at org.testng.SuiteRunner.runSequentially(SuiteRunner.java:382)
	at org.testng.SuiteRunner.privateRun(SuiteRunner.java:340)
	at org.testng.SuiteRunner.run(SuiteRunner.java:289)
	at org.testng.SuiteRunnerWorker.runSuite(SuiteRunnerWorker.java:52)
	at org.testng.SuiteRunnerWorker.run(SuiteRunnerWorker.java:86)
	at org.testng.TestNG.runSuitesSequentially(TestNG.java:1293)
	at org.testng.TestNG.runSuitesLocally(TestNG.java:1218)
	at org.testng.TestNG.runSuites(TestNG.java:1133)
	at org.testng.TestNG.run(TestNG.java:1104)
	at org.testng.remote.AbstractRemoteTestNG.run(AbstractRemoteTestNG.java:132)
	at org.testng.remote.RemoteTestNG.initAndRun(RemoteTestNG.java:236)
	at org.testng.remote.RemoteTestNG.main(RemoteTestNG.java:81)
</pre></div></td>
<td>1</td>
<td>geForceSelenium.gForce.Script.webClassModule@553f17c</td></tr>
<tr>
<td title='geForceSelenium.gForce.Script.webClassModule.publishClassTest()'><b>publishClassTest</b><br>Test class: geForceSelenium.gForce.Script.webClassModule<br/>
<a href="#Output-1916700921" onClick='toggleBox("Output-1916700921", this, "Show output", "Hide output");'>Show output</a>

<a href="#Output-1916700921" onClick="toggleAllBoxes();">Show all outputs</a>
<div class='log' id="Output-1916700921">
<p>  Finished waiting  </p><br/>
<p>  Selecting Open Class in Class Type Select Field  </p><br/>
<p>  Type this ClassNamec4CcG  </p><br/>
<p>  Typing ClassNamec4CcG in Class Name field  </p><br/>
<p>  Type this 100.0  </p><br/>
<p>  Typing 100.0 in Class Rate field  </p><br/>
<p>  Selecting Danica Mozo in Class Teacher Select Field  </p><br/>
<p>  Type this Vnup7LWC  </p><br/>
<p>  Typing Vnup7LWC in Class Venue field  </p><br/>
<p>  Type this 50.0  </p><br/>
<p>  Typing 50.0 in Class Capacity field  </p><br/>
<p>  Clicking Start Time  </p><br/>
<p>  Clicking End Time  </p><br/>
<p>  Type this https://www.youtube.com/watch?v=9azGzlvCygA  </p><br/>
<p>  Typing https://www.youtube.com/watch?v=9azGzlvCygA in Youtube URL field  </p><br/>
<p>  Clicking Save Class  </p><br/>
<p>  Finished waiting  </p><br/>
<br> <img src=Test-Screenshot\2017-03-15_11-27-47\FAILED-publishClassTest.png  width='600' height='400'/> </br><br/>
<p>  Performing Screenshot  </p><br/>
</div>
</td>
<td><div><pre>org.openqa.selenium.InvalidArgumentException: unknown error: Element &lt;span class=&quot;menu-item-parent ng-binding&quot;&gt;...&lt;/span&gt; is not clickable at point (70, 113). Other element would receive the click: &lt;div class=&quot;modal-backdrop fade&quot;&gt;&lt;/div&gt;
  (Session info: chrome=56.0.2924.87)
  (Driver info: chromedriver=2.28.455520 (cc17746adff54984afff480136733114c6b3704b),platform=Windows NT 6.3.9600 x86_64) (WARNING: The server did not provide any stacktrace information)
Command duration or timeout: 62 milliseconds
Build info: version: &apos;unknown&apos;, revision: &apos;3169782&apos;, time: &apos;2016-09-29 10:24:50 -0700&apos;
System info: host: &apos;GabbooAlien&apos;, ip: &apos;192.168.30.95&apos;, os.name: &apos;Windows 8.1&apos;, os.arch: &apos;amd64&apos;, os.version: &apos;6.3&apos;, java.version: &apos;1.8.0_111&apos;
Driver info: org.openqa.selenium.chrome.ChromeDriver
Capabilities [{applicationCacheEnabled=false, rotatable=false, mobileEmulationEnabled=false, networkConnectionEnabled=false, chrome={chromedriverVersion=2.28.455520 (cc17746adff54984afff480136733114c6b3704b), userDataDir=C:\Users\Gabo\AppData\Local\Temp\scoped_dir7192_32253}, takesHeapSnapshot=true, pageLoadStrategy=normal, databaseEnabled=false, handlesAlerts=true, hasTouchScreen=false, version=56.0.2924.87, platform=WIN8_1, browserConnectionEnabled=false, nativeEvents=true, acceptSslCerts=true, locationContextEnabled=true, webStorageEnabled=true, browserName=chrome, takesScreenshot=true, javascriptEnabled=true, cssSelectorsEnabled=true, unexpectedAlertBehaviour=}]
Session ID: 0f8997a57d8f1ff6fa2ff880964cfabf
	at sun.reflect.NativeConstructorAccessorImpl.newInstance0(Native Method)
	at sun.reflect.NativeConstructorAccessorImpl.newInstance(Unknown Source)
	at sun.reflect.DelegatingConstructorAccessorImpl.newInstance(Unknown Source)
	at java.lang.reflect.Constructor.newInstance(Unknown Source)
	at org.openqa.selenium.remote.ErrorHandler.createThrowable(ErrorHandler.java:206)
	at org.openqa.selenium.remote.ErrorHandler.throwIfResponseFailed(ErrorHandler.java:164)
	at org.openqa.selenium.remote.RemoteWebDriver.execute(RemoteWebDriver.java:636)
	at org.openqa.selenium.remote.RemoteWebElement.execute(RemoteWebElement.java:284)
	at org.openqa.selenium.remote.RemoteWebElement.click(RemoteWebElement.java:84)
	at selenium.Util.Util.clickThis(Util.java:114)
	at geForceSelenium.gForce.POM.webClassPOM.click_class_tabLink(webClassPOM.java:62)
	at geForceSelenium.gForce.Script.webClassModule.searchClassTest(webClassModule.java:81)
	at geForceSelenium.gForce.Script.webClassModule.publishClassTest(webClassModule.java:144)
	at sun.reflect.NativeMethodAccessorImpl.invoke0(Native Method)
	at sun.reflect.NativeMethodAccessorImpl.invoke(Unknown Source)
	at sun.reflect.DelegatingMethodAccessorImpl.invoke(Unknown Source)
	at java.lang.reflect.Method.invoke(Unknown Source)
	at org.testng.internal.MethodInvocationHelper.invokeMethod(MethodInvocationHelper.java:104)
	at org.testng.internal.Invoker.invokeMethod(Invoker.java:645)
	at org.testng.internal.Invoker.invokeTestMethod(Invoker.java:851)
	at org.testng.internal.Invoker.invokeTestMethods(Invoker.java:1177)
	at org.testng.internal.TestMethodWorker.invokeTestMethods(TestMethodWorker.java:129)
	at org.testng.internal.TestMethodWorker.run(TestMethodWorker.java:112)
	at org.testng.TestRunner.privateRun(TestRunner.java:756)
	at org.testng.TestRunner.run(TestRunner.java:610)
	at org.testng.SuiteRunner.runTest(SuiteRunner.java:387)
	at org.testng.SuiteRunner.runSequentially(SuiteRunner.java:382)
	at org.testng.SuiteRunner.privateRun(SuiteRunner.java:340)
	at org.testng.SuiteRunner.run(SuiteRunner.java:289)
	at org.testng.SuiteRunnerWorker.runSuite(SuiteRunnerWorker.java:52)
	at org.testng.SuiteRunnerWorker.run(SuiteRunnerWorker.java:86)
	at org.testng.TestNG.runSuitesSequentially(TestNG.java:1293)
	at org.testng.TestNG.runSuitesLocally(TestNG.java:1218)
	at org.testng.TestNG.runSuites(TestNG.java:1133)
	at org.testng.TestNG.run(TestNG.java:1104)
	at org.testng.remote.AbstractRemoteTestNG.run(AbstractRemoteTestNG.java:132)
	at org.testng.remote.RemoteTestNG.initAndRun(RemoteTestNG.java:236)
	at org.testng.remote.RemoteTestNG.main(RemoteTestNG.java:81)
</pre></div><a href='#' onClick='toggleBox("stack-trace1916700921", this, "Click to show all stack frames", "Click to hide stack frames")'>Click to show all stack frames</a>
<div class='stack-trace' id='stack-trace1916700921'><pre>org.openqa.selenium.InvalidArgumentException: unknown error: Element &lt;span class=&quot;menu-item-parent ng-binding&quot;&gt;...&lt;/span&gt; is not clickable at point (70, 113). Other element would receive the click: &lt;div class=&quot;modal-backdrop fade&quot;&gt;&lt;/div&gt;
  (Session info: chrome=56.0.2924.87)
  (Driver info: chromedriver=2.28.455520 (cc17746adff54984afff480136733114c6b3704b),platform=Windows NT 6.3.9600 x86_64) (WARNING: The server did not provide any stacktrace information)
Command duration or timeout: 62 milliseconds
Build info: version: &apos;unknown&apos;, revision: &apos;3169782&apos;, time: &apos;2016-09-29 10:24:50 -0700&apos;
System info: host: &apos;GabbooAlien&apos;, ip: &apos;192.168.30.95&apos;, os.name: &apos;Windows 8.1&apos;, os.arch: &apos;amd64&apos;, os.version: &apos;6.3&apos;, java.version: &apos;1.8.0_111&apos;
Driver info: org.openqa.selenium.chrome.ChromeDriver
Capabilities [{applicationCacheEnabled=false, rotatable=false, mobileEmulationEnabled=false, networkConnectionEnabled=false, chrome={chromedriverVersion=2.28.455520 (cc17746adff54984afff480136733114c6b3704b), userDataDir=C:\Users\Gabo\AppData\Local\Temp\scoped_dir7192_32253}, takesHeapSnapshot=true, pageLoadStrategy=normal, databaseEnabled=false, handlesAlerts=true, hasTouchScreen=false, version=56.0.2924.87, platform=WIN8_1, browserConnectionEnabled=false, nativeEvents=true, acceptSslCerts=true, locationContextEnabled=true, webStorageEnabled=true, browserName=chrome, takesScreenshot=true, javascriptEnabled=true, cssSelectorsEnabled=true, unexpectedAlertBehaviour=}]
Session ID: 0f8997a57d8f1ff6fa2ff880964cfabf
	at sun.reflect.NativeConstructorAccessorImpl.newInstance0(Native Method)
	at sun.reflect.NativeConstructorAccessorImpl.newInstance(Unknown Source)
	at sun.reflect.DelegatingConstructorAccessorImpl.newInstance(Unknown Source)
	at java.lang.reflect.Constructor.newInstance(Unknown Source)
	at org.openqa.selenium.remote.ErrorHandler.createThrowable(ErrorHandler.java:206)
	at org.openqa.selenium.remote.ErrorHandler.throwIfResponseFailed(ErrorHandler.java:164)
	at org.openqa.selenium.remote.RemoteWebDriver.execute(RemoteWebDriver.java:636)
	at org.openqa.selenium.remote.RemoteWebElement.execute(RemoteWebElement.java:284)
	at org.openqa.selenium.remote.RemoteWebElement.click(RemoteWebElement.java:84)
	at selenium.Util.Util.clickThis(Util.java:114)
	at geForceSelenium.gForce.POM.webClassPOM.click_class_tabLink(webClassPOM.java:62)
	at geForceSelenium.gForce.Script.webClassModule.searchClassTest(webClassModule.java:81)
	at geForceSelenium.gForce.Script.webClassModule.publishClassTest(webClassModule.java:144)
	at sun.reflect.NativeMethodAccessorImpl.invoke0(Native Method)
	at sun.reflect.NativeMethodAccessorImpl.invoke(Unknown Source)
	at sun.reflect.DelegatingMethodAccessorImpl.invoke(Unknown Source)
	at java.lang.reflect.Method.invoke(Unknown Source)
	at org.testng.internal.MethodInvocationHelper.invokeMethod(MethodInvocationHelper.java:104)
	at org.testng.internal.Invoker.invokeMethod(Invoker.java:645)
	at org.testng.internal.Invoker.invokeTestMethod(Invoker.java:851)
	at org.testng.internal.Invoker.invokeTestMethods(Invoker.java:1177)
	at org.testng.internal.TestMethodWorker.invokeTestMethods(TestMethodWorker.java:129)
	at org.testng.internal.TestMethodWorker.run(TestMethodWorker.java:112)
	at org.testng.TestRunner.privateRun(TestRunner.java:756)
	at org.testng.TestRunner.run(TestRunner.java:610)
	at org.testng.SuiteRunner.runTest(SuiteRunner.java:387)
	at org.testng.SuiteRunner.runSequentially(SuiteRunner.java:382)
	at org.testng.SuiteRunner.privateRun(SuiteRunner.java:340)
	at org.testng.SuiteRunner.run(SuiteRunner.java:289)
	at org.testng.SuiteRunnerWorker.runSuite(SuiteRunnerWorker.java:52)
	at org.testng.SuiteRunnerWorker.run(SuiteRunnerWorker.java:86)
	at org.testng.TestNG.runSuitesSequentially(TestNG.java:1293)
	at org.testng.TestNG.runSuitesLocally(TestNG.java:1218)
	at org.testng.TestNG.runSuites(TestNG.java:1133)
	at org.testng.TestNG.run(TestNG.java:1104)
	at org.testng.remote.AbstractRemoteTestNG.run(AbstractRemoteTestNG.java:132)
	at org.testng.remote.RemoteTestNG.initAndRun(RemoteTestNG.java:236)
	at org.testng.remote.RemoteTestNG.main(RemoteTestNG.java:81)
</pre></div></td>
<td>5</td>
<td>geForceSelenium.gForce.Script.webClassModule@553f17c</td></tr>
<tr>
<td title='geForceSelenium.gForce.Script.webClassModule.unifiedRunTest()'><b>unifiedRunTest</b><br>Test class: geForceSelenium.gForce.Script.webClassModule<br/>
<a href="#Output-1408974251" onClick='toggleBox("Output-1408974251", this, "Show output", "Hide output");'>Show output</a>

<a href="#Output-1408974251" onClick="toggleAllBoxes();">Show all outputs</a>
<div class='log' id="Output-1408974251">
<p>  Finished waiting  </p><br/>
<p>  Selecting Open Class in Class Type Select Field  </p><br/>
<p>  Type this ClassNamec4CcG  </p><br/>
<p>  Typing ClassNamec4CcG in Class Name field  </p><br/>
<p>  Type this 100.0  </p><br/>
<p>  Typing 100.0 in Class Rate field  </p><br/>
<p>  Selecting Danica Mozo in Class Teacher Select Field  </p><br/>
<p>  Type this Vnup7LWC  </p><br/>
<p>  Typing Vnup7LWC in Class Venue field  </p><br/>
<p>  Type this 50.0  </p><br/>
<p>  Typing 50.0 in Class Capacity field  </p><br/>
<p>  Clicking Start Time  </p><br/>
<p>  Clicking End Time  </p><br/>
<p>  Type this https://www.youtube.com/watch?v=9azGzlvCygA  </p><br/>
<p>  Typing https://www.youtube.com/watch?v=9azGzlvCygA in Youtube URL field  </p><br/>
<p>  Clicking Save Class  </p><br/>
<p>  Finished waiting  </p><br/>
<br> <img src=Test-Screenshot\2017-03-15_11-27-47\FAILED-unifiedRunTest.png  width='600' height='400'/> </br><br/>
<p>  Performing Screenshot  </p><br/>
</div>
</td>
<td><div><pre>org.openqa.selenium.InvalidArgumentException: unknown error: Element &lt;span class=&quot;menu-item-parent ng-binding&quot;&gt;...&lt;/span&gt; is not clickable at point (70, 113). Other element would receive the click: &lt;div class=&quot;modal-backdrop fade&quot;&gt;&lt;/div&gt;
  (Session info: chrome=56.0.2924.87)
  (Driver info: chromedriver=2.28.455520 (cc17746adff54984afff480136733114c6b3704b),platform=Windows NT 6.3.9600 x86_64) (WARNING: The server did not provide any stacktrace information)
Command duration or timeout: 52 milliseconds
Build info: version: &apos;unknown&apos;, revision: &apos;3169782&apos;, time: &apos;2016-09-29 10:24:50 -0700&apos;
System info: host: &apos;GabbooAlien&apos;, ip: &apos;192.168.30.95&apos;, os.name: &apos;Windows 8.1&apos;, os.arch: &apos;amd64&apos;, os.version: &apos;6.3&apos;, java.version: &apos;1.8.0_111&apos;
Driver info: org.openqa.selenium.chrome.ChromeDriver
Capabilities [{applicationCacheEnabled=false, rotatable=false, mobileEmulationEnabled=false, networkConnectionEnabled=false, chrome={chromedriverVersion=2.28.455520 (cc17746adff54984afff480136733114c6b3704b), userDataDir=C:\Users\Gabo\AppData\Local\Temp\scoped_dir7192_32253}, takesHeapSnapshot=true, pageLoadStrategy=normal, databaseEnabled=false, handlesAlerts=true, hasTouchScreen=false, version=56.0.2924.87, platform=WIN8_1, browserConnectionEnabled=false, nativeEvents=true, acceptSslCerts=true, locationContextEnabled=true, webStorageEnabled=true, browserName=chrome, takesScreenshot=true, javascriptEnabled=true, cssSelectorsEnabled=true, unexpectedAlertBehaviour=}]
Session ID: 0f8997a57d8f1ff6fa2ff880964cfabf
	at sun.reflect.NativeConstructorAccessorImpl.newInstance0(Native Method)
	at sun.reflect.NativeConstructorAccessorImpl.newInstance(Unknown Source)
	at sun.reflect.DelegatingConstructorAccessorImpl.newInstance(Unknown Source)
	at java.lang.reflect.Constructor.newInstance(Unknown Source)
	at org.openqa.selenium.remote.ErrorHandler.createThrowable(ErrorHandler.java:206)
	at org.openqa.selenium.remote.ErrorHandler.throwIfResponseFailed(ErrorHandler.java:164)
	at org.openqa.selenium.remote.RemoteWebDriver.execute(RemoteWebDriver.java:636)
	at org.openqa.selenium.remote.RemoteWebElement.execute(RemoteWebElement.java:284)
	at org.openqa.selenium.remote.RemoteWebElement.click(RemoteWebElement.java:84)
	at selenium.Util.Util.clickThis(Util.java:114)
	at geForceSelenium.gForce.POM.webClassPOM.click_class_tabLink(webClassPOM.java:62)
	at geForceSelenium.gForce.Script.webClassModule.createGForceClassTest(webClassModule.java:34)
	at geForceSelenium.gForce.Script.webClassModule.unifiedRunTest(webClassModule.java:163)
	at sun.reflect.NativeMethodAccessorImpl.invoke0(Native Method)
	at sun.reflect.NativeMethodAccessorImpl.invoke(Unknown Source)
	at sun.reflect.DelegatingMethodAccessorImpl.invoke(Unknown Source)
	at java.lang.reflect.Method.invoke(Unknown Source)
	at org.testng.internal.MethodInvocationHelper.invokeMethod(MethodInvocationHelper.java:104)
	at org.testng.internal.Invoker.invokeMethod(Invoker.java:645)
	at org.testng.internal.Invoker.invokeTestMethod(Invoker.java:851)
	at org.testng.internal.Invoker.invokeTestMethods(Invoker.java:1177)
	at org.testng.internal.TestMethodWorker.invokeTestMethods(TestMethodWorker.java:129)
	at org.testng.internal.TestMethodWorker.run(TestMethodWorker.java:112)
	at org.testng.TestRunner.privateRun(TestRunner.java:756)
	at org.testng.TestRunner.run(TestRunner.java:610)
	at org.testng.SuiteRunner.runTest(SuiteRunner.java:387)
	at org.testng.SuiteRunner.runSequentially(SuiteRunner.java:382)
	at org.testng.SuiteRunner.privateRun(SuiteRunner.java:340)
	at org.testng.SuiteRunner.run(SuiteRunner.java:289)
	at org.testng.SuiteRunnerWorker.runSuite(SuiteRunnerWorker.java:52)
	at org.testng.SuiteRunnerWorker.run(SuiteRunnerWorker.java:86)
	at org.testng.TestNG.runSuitesSequentially(TestNG.java:1293)
	at org.testng.TestNG.runSuitesLocally(TestNG.java:1218)
	at org.testng.TestNG.runSuites(TestNG.java:1133)
	at org.testng.TestNG.run(TestNG.java:1104)
	at org.testng.remote.AbstractRemoteTestNG.run(AbstractRemoteTestNG.java:132)
	at org.testng.remote.RemoteTestNG.initAndRun(RemoteTestNG.java:236)
	at org.testng.remote.RemoteTestNG.main(RemoteTestNG.java:81)
</pre></div><a href='#' onClick='toggleBox("stack-trace1408974251", this, "Click to show all stack frames", "Click to hide stack frames")'>Click to show all stack frames</a>
<div class='stack-trace' id='stack-trace1408974251'><pre>org.openqa.selenium.InvalidArgumentException: unknown error: Element &lt;span class=&quot;menu-item-parent ng-binding&quot;&gt;...&lt;/span&gt; is not clickable at point (70, 113). Other element would receive the click: &lt;div class=&quot;modal-backdrop fade&quot;&gt;&lt;/div&gt;
  (Session info: chrome=56.0.2924.87)
  (Driver info: chromedriver=2.28.455520 (cc17746adff54984afff480136733114c6b3704b),platform=Windows NT 6.3.9600 x86_64) (WARNING: The server did not provide any stacktrace information)
Command duration or timeout: 52 milliseconds
Build info: version: &apos;unknown&apos;, revision: &apos;3169782&apos;, time: &apos;2016-09-29 10:24:50 -0700&apos;
System info: host: &apos;GabbooAlien&apos;, ip: &apos;192.168.30.95&apos;, os.name: &apos;Windows 8.1&apos;, os.arch: &apos;amd64&apos;, os.version: &apos;6.3&apos;, java.version: &apos;1.8.0_111&apos;
Driver info: org.openqa.selenium.chrome.ChromeDriver
Capabilities [{applicationCacheEnabled=false, rotatable=false, mobileEmulationEnabled=false, networkConnectionEnabled=false, chrome={chromedriverVersion=2.28.455520 (cc17746adff54984afff480136733114c6b3704b), userDataDir=C:\Users\Gabo\AppData\Local\Temp\scoped_dir7192_32253}, takesHeapSnapshot=true, pageLoadStrategy=normal, databaseEnabled=false, handlesAlerts=true, hasTouchScreen=false, version=56.0.2924.87, platform=WIN8_1, browserConnectionEnabled=false, nativeEvents=true, acceptSslCerts=true, locationContextEnabled=true, webStorageEnabled=true, browserName=chrome, takesScreenshot=true, javascriptEnabled=true, cssSelectorsEnabled=true, unexpectedAlertBehaviour=}]
Session ID: 0f8997a57d8f1ff6fa2ff880964cfabf
	at sun.reflect.NativeConstructorAccessorImpl.newInstance0(Native Method)
	at sun.reflect.NativeConstructorAccessorImpl.newInstance(Unknown Source)
	at sun.reflect.DelegatingConstructorAccessorImpl.newInstance(Unknown Source)
	at java.lang.reflect.Constructor.newInstance(Unknown Source)
	at org.openqa.selenium.remote.ErrorHandler.createThrowable(ErrorHandler.java:206)
	at org.openqa.selenium.remote.ErrorHandler.throwIfResponseFailed(ErrorHandler.java:164)
	at org.openqa.selenium.remote.RemoteWebDriver.execute(RemoteWebDriver.java:636)
	at org.openqa.selenium.remote.RemoteWebElement.execute(RemoteWebElement.java:284)
	at org.openqa.selenium.remote.RemoteWebElement.click(RemoteWebElement.java:84)
	at selenium.Util.Util.clickThis(Util.java:114)
	at geForceSelenium.gForce.POM.webClassPOM.click_class_tabLink(webClassPOM.java:62)
	at geForceSelenium.gForce.Script.webClassModule.createGForceClassTest(webClassModule.java:34)
	at geForceSelenium.gForce.Script.webClassModule.unifiedRunTest(webClassModule.java:163)
	at sun.reflect.NativeMethodAccessorImpl.invoke0(Native Method)
	at sun.reflect.NativeMethodAccessorImpl.invoke(Unknown Source)
	at sun.reflect.DelegatingMethodAccessorImpl.invoke(Unknown Source)
	at java.lang.reflect.Method.invoke(Unknown Source)
	at org.testng.internal.MethodInvocationHelper.invokeMethod(MethodInvocationHelper.java:104)
	at org.testng.internal.Invoker.invokeMethod(Invoker.java:645)
	at org.testng.internal.Invoker.invokeTestMethod(Invoker.java:851)
	at org.testng.internal.Invoker.invokeTestMethods(Invoker.java:1177)
	at org.testng.internal.TestMethodWorker.invokeTestMethods(TestMethodWorker.java:129)
	at org.testng.internal.TestMethodWorker.run(TestMethodWorker.java:112)
	at org.testng.TestRunner.privateRun(TestRunner.java:756)
	at org.testng.TestRunner.run(TestRunner.java:610)
	at org.testng.SuiteRunner.runTest(SuiteRunner.java:387)
	at org.testng.SuiteRunner.runSequentially(SuiteRunner.java:382)
	at org.testng.SuiteRunner.privateRun(SuiteRunner.java:340)
	at org.testng.SuiteRunner.run(SuiteRunner.java:289)
	at org.testng.SuiteRunnerWorker.runSuite(SuiteRunnerWorker.java:52)
	at org.testng.SuiteRunnerWorker.run(SuiteRunnerWorker.java:86)
	at org.testng.TestNG.runSuitesSequentially(TestNG.java:1293)
	at org.testng.TestNG.runSuitesLocally(TestNG.java:1218)
	at org.testng.TestNG.runSuites(TestNG.java:1133)
	at org.testng.TestNG.run(TestNG.java:1104)
	at org.testng.remote.AbstractRemoteTestNG.run(AbstractRemoteTestNG.java:132)
	at org.testng.remote.RemoteTestNG.initAndRun(RemoteTestNG.java:236)
	at org.testng.remote.RemoteTestNG.main(RemoteTestNG.java:81)
</pre></div></td>
<td>9</td>
<td>geForceSelenium.gForce.Script.webClassModule@553f17c</td></tr>
</table><p>
<table width='100%' border='1' class='invocation-passed'>
<tr><td colspan='4' align='center'><b>PASSED TESTS</b></td></tr>
<tr><td><b>Test method</b></td>
<td width="30%"><b>Exception</b></td>
<td width="10%"><b>Time (seconds)</b></td>
<td><b>Instance</b></td>
</tr>
<tr>
<td title='geForceSelenium.gForce.Script.webClassModule.createClassTest()'><b>createClassTest</b><br>Test class: geForceSelenium.gForce.Script.webClassModule<br/>
<a href="#Output-1704491411" onClick='toggleBox("Output-1704491411", this, "Show output", "Hide output");'>Show output</a>

<a href="#Output-1704491411" onClick="toggleAllBoxes();">Show all outputs</a>
<div class='log' id="Output-1704491411">
<p>  Finished waiting  </p><br/>
<p>  Selecting Open Class in Class Type Select Field  </p><br/>
<p>  Type this ClassNamec4CcG  </p><br/>
<p>  Typing ClassNamec4CcG in Class Name field  </p><br/>
<p>  Type this 100.0  </p><br/>
<p>  Typing 100.0 in Class Rate field  </p><br/>
<p>  Selecting Danica Mozo in Class Teacher Select Field  </p><br/>
<p>  Type this Vnup7LWC  </p><br/>
<p>  Typing Vnup7LWC in Class Venue field  </p><br/>
<p>  Type this 50.0  </p><br/>
<p>  Typing 50.0 in Class Capacity field  </p><br/>
<p>  Clicking Start Time  </p><br/>
<p>  Clicking End Time  </p><br/>
<p>  Type this https://www.youtube.com/watch?v=9azGzlvCygA  </p><br/>
<p>  Typing https://www.youtube.com/watch?v=9azGzlvCygA in Youtube URL field  </p><br/>
<p>  Clicking Save Class  </p><br/>
<p>  Finished waiting  </p><br/>
<br> <img src=Test-Screenshot\2017-03-15_11-27-47\SUCCESS-createClassTest.png  width='600' height='400'/> </br><br/>
<p>  Performing Screenshot  </p><br/>
</div>
</td>
<td></td>
<td>5</td>
<td>geForceSelenium.gForce.Script.webClassModule@553f17c</td></tr>
<tr>
<td title='geForceSelenium.gForce.Script.webClassModule.createGForceClassTest()'><b>createGForceClassTest</b><br>Test class: geForceSelenium.gForce.Script.webClassModule<br/>
<a href="#Output-11249189" onClick='toggleBox("Output-11249189", this, "Show output", "Hide output");'>Show output</a>

<a href="#Output-11249189" onClick="toggleAllBoxes();">Show all outputs</a>
<div class='log' id="Output-11249189">
<p>  Finished waiting  </p><br/>
<p>  Selecting G-Force Project in Class Type Select Field  </p><br/>
<p>  Selecting 2017 in gForceProject SubType Select Field  </p><br/>
<p>  Type this G-Force Project1ELON Batangas  </p><br/>
<p>  Typing G-Force Project1ELON Batangas in Class Name field  </p><br/>
<p>  Type this 100.0  </p><br/>
<p>  Typing 100.0 in Class Rate field  </p><br/>
<p>  Selecting Danica Mozo in Class Teacher Select Field  </p><br/>
<p>  Type this VnuX1uGj  </p><br/>
<p>  Typing VnuX1uGj in Class Venue field  </p><br/>
<p>  Type this Test AddressBatangas  </p><br/>
<p>  Typing Test AddressBatangas in Address field  </p><br/>
<p>  Selecting Batangas in Area Select Field  </p><br/>
<p>  Type this 50.0  </p><br/>
<p>  Typing 50.0 in Class Capacity field  </p><br/>
<p>  Type this https://www.youtube.com/watch?v=9azGzlvCygA  </p><br/>
<p>  Typing https://www.youtube.com/watch?v=9azGzlvCygA in Youtube URL field  </p><br/>
<p>  Clicking Save Class  </p><br/>
<p>  Finished waiting  </p><br/>
<br> <img src=Test-Screenshot\2017-03-15_11-27-47\SUCCESS-createGForceClassTest.png  width='600' height='400'/> </br><br/>
<p>  Performing Screenshot  </p><br/>
</div>
</td>
<td></td>
<td>5</td>
<td>geForceSelenium.gForce.Script.webClassModule@553f17c</td></tr>
<tr>
<td title='geForceSelenium.gForce.Script.webClassModule.createGForceRegionalClassTest()'><b>createGForceRegionalClassTest</b><br>Test class: geForceSelenium.gForce.Script.webClassModule<br/>
<a href="#Output-504807594" onClick='toggleBox("Output-504807594", this, "Show output", "Hide output");'>Show output</a>

<a href="#Output-504807594" onClick="toggleAllBoxes();">Show all outputs</a>
<div class='log' id="Output-504807594">
<p>  Finished waiting  </p><br/>
<p>  Selecting G-Force Project Regional in Class Type Select Field  </p><br/>
<p>  Selecting 2017 in gForceProject SubType Select Field  </p><br/>
<p>  Type this G-Force Project RegionalJABtH Cavite  </p><br/>
<p>  Typing G-Force Project RegionalJABtH Cavite in Class Name field  </p><br/>
<p>  Type this 500.0  </p><br/>
<p>  Typing 500.0 in Class Rate field  </p><br/>
<p>  Selecting Danica Mozo in Class Teacher Select Field  </p><br/>
<p>  Type this VnuHtSh1  </p><br/>
<p>  Typing VnuHtSh1 in Class Venue field  </p><br/>
<p>  Type this Test AddressBatangas  </p><br/>
<p>  Typing Test AddressBatangas in Address field  </p><br/>
<p>  Selecting Cavite in Area Select Field  </p><br/>
<p>  Type this 50.0  </p><br/>
<p>  Typing 50.0 in Class Capacity field  </p><br/>
<p>  Type this https://www.youtube.com/watch?v=9azGzlvCygA  </p><br/>
<p>  Typing https://www.youtube.com/watch?v=9azGzlvCygA in Youtube URL field  </p><br/>
<p>  Clicking Save Class  </p><br/>
<p>  Finished waiting  </p><br/>
<br> <img src=Test-Screenshot\2017-03-15_11-27-47\SUCCESS-createGForceRegionalClassTest.png  width='600' height='400'/> </br><br/>
<p>  Performing Screenshot  </p><br/>
</div>
</td>
<td></td>
<td>5</td>
<td>geForceSelenium.gForce.Script.webClassModule@553f17c</td></tr>
<tr>
<td title='geForceSelenium.gForce.Script.webClassModule.deleteClassTest()'><b>deleteClassTest</b><br>Test class: geForceSelenium.gForce.Script.webClassModule<br/>
<a href="#Output-2031951755" onClick='toggleBox("Output-2031951755", this, "Show output", "Hide output");'>Show output</a>

<a href="#Output-2031951755" onClick="toggleAllBoxes();">Show all outputs</a>
<div class='log' id="Output-2031951755">
<p>  Type this ClassNameffLbE  </p><br/>
<p>  Typing ClassNameffLbE in Class Name field  </p><br/>
<p>  Selecting Open Class in Class Type Select Field  </p><br/>
<p>  Clicking Search Button  </p><br/>
<p>  Finished waiting  </p><br/>
<p>  Finished waiting  </p><br/>
<p>  Clicking Class Table  </p><br/>
<p>  Clicking Remove Class  </p><br/>
<p>  Clicking Delete Class Confirmation  </p><br/>
<p>  Finished waiting  </p><br/>
<br> <img src=Test-Screenshot\2017-03-15_11-27-47\SUCCESS-deleteClassTest.png  width='600' height='400'/> </br><br/>
<p>  Performing Screenshot  </p><br/>
</div>
</td>
<td></td>
<td>4</td>
<td>geForceSelenium.gForce.Script.webClassModule@553f17c</td></tr>
<tr>
<td title='geForceSelenium.gForce.Script.webClassModule.searchClassTest()'><b>searchClassTest</b><br>Test class: geForceSelenium.gForce.Script.webClassModule<br/>
<a href="#Output-873634936" onClick='toggleBox("Output-873634936", this, "Show output", "Hide output");'>Show output</a>

<a href="#Output-873634936" onClick="toggleAllBoxes();">Show all outputs</a>
<div class='log' id="Output-873634936">
<p>  Type this ClassNamec4CcG  </p><br/>
<p>  Typing ClassNamec4CcG in Class Name field  </p><br/>
<p>  Selecting Open Class in Class Type Select Field  </p><br/>
<p>  Selecting No in Class Published Select Field  </p><br/>
<p>  Clicking Search Button  </p><br/>
<p>  Finished waiting  </p><br/>
<p>  Retrieve this element ClassNamec4CcG  </p><br/>
<p>  Strings Matched : ClassNamec4CcG & ClassNamec4CcG  </p><br/>
<p>  Retrieve this element Open Class  </p><br/>
<p>  Strings Matched : Open Class & Open Class  </p><br/>
<p>  Finished waiting  </p><br/>
<br> <img src=Test-Screenshot\2017-03-15_11-27-47\SUCCESS-searchClassTest.png  width='600' height='400'/> </br><br/>
<p>  Performing Screenshot  </p><br/>
</div>
</td>
<td></td>
<td>3</td>
<td>geForceSelenium.gForce.Script.webClassModule@553f17c</td></tr>
</table><p>
</body>
</html>