<html>
<head>
<title>TestNG:  Default test</title>
<link href="../testng.css" rel="stylesheet" type="text/css" />
<link href="../my-testng.css" rel="stylesheet" type="text/css" />

<style type="text/css">
.log { display: none;} 
.stack-trace { display: none;} 
</style>
<script type="text/javascript">
<!--
function flip(e) {
  current = e.style.display;
  if (current == 'block') {
    e.style.display = 'none';
    return 0;
  }
  else {
    e.style.display = 'block';
    return 1;
  }
}

function toggleBox(szDivId, elem, msg1, msg2)
{
  var res = -1;  if (document.getElementById) {
    res = flip(document.getElementById(szDivId));
  }
  else if (document.all) {
    // this is the way old msie versions work
    res = flip(document.all[szDivId]);
  }
  if(elem) {
    if(res == 0) elem.innerHTML = msg1; else elem.innerHTML = msg2;
  }

}

function toggleAllBoxes() {
  if (document.getElementsByTagName) {
    d = document.getElementsByTagName('div');
    for (i = 0; i < d.length; i++) {
      if (d[i].className == 'log') {
        flip(d[i]);
      }
    }
  }
}

// -->
</script>

</head>
<body>
<h2 align='center'>Default test</h2><table border='1' align="center">
<tr>
<td>Tests passed/Failed/Skipped:</td><td>5/3/0</td>
</tr><tr>
<td>Started on:</td><td>Fri Mar 17 11:19:03 SGT 2017</td>
</tr>
<tr><td>Total time:</td><td>158 seconds (158525 ms)</td>
</tr><tr>
<td>Included groups:</td><td></td>
</tr><tr>
<td>Excluded groups:</td><td></td>
</tr>
</table><p/>
<small><i>(Hover the method name to see the test class name)</i></small><p/>
<table width='100%' border='1' class='invocation-failed'>
<tr><td colspan='4' align='center'><b>FAILED TESTS</b></td></tr>
<tr><td><b>Test method</b></td>
<td width="30%"><b>Exception</b></td>
<td width="10%"><b>Time (seconds)</b></td>
<td><b>Instance</b></td>
</tr>
<tr>
<td title='geForceSelenium.gForce.Script.webClassModule.publishClassTest()'><b>publishClassTest</b><br>Test class: geForceSelenium.gForce.Script.webClassModule<br/>
<a href="#Output-1634387050" onClick='toggleBox("Output-1634387050", this, "Show output", "Hide output");'>Show output</a>

<a href="#Output-1634387050" onClick="toggleAllBoxes();">Show all outputs</a>
<div class='log' id="Output-1634387050">
<p>  Finished waiting  </p><br/>
<p>  Selecting Open Class in Class Type Select Field  </p><br/>
<p>  Typing ClassNameUld0Y in Class Name field  </p><br/>
<p>  Typing 100.0 in Class Rate field  </p><br/>
<p>  Selecting Danica Mozo in Class Teacher Select Field  </p><br/>
<p>  Typing VnulNskC in Class Venue field  </p><br/>
<p>  Typing 50.0 in Class Capacity field  </p><br/>
<p>  Clicking Start Time  </p><br/>
<p>  Clicking End Time  </p><br/>
<p>  Typing https://www.youtube.com/watch?v=9azGzlvCygA in Youtube URL field  </p><br/>
<p>  Clicking Save Class  </p><br/>
<p>  Element has been located  </p><br/>
<p>  Finished waiting  </p><br/>
<br> <img src=Test-Screenshot\2017-03-17_11-19-57\FAILED-publishClassTest.png  width='600' height='400'/> </br><br/>
<p>  Performing Screenshot  </p><br/>
</div>
</td>
<td><div><pre>org.openqa.selenium.InvalidArgumentException: Element is not clickable at point (70.48333740234375, 115). Other element would receive the click: &lt;div class=&quot;modal-backdrop fade&quot;&gt;&lt;/div&gt;
Command duration or timeout: 65 milliseconds
Build info: version: &apos;unknown&apos;, revision: &apos;3169782&apos;, time: &apos;2016-09-29 10:24:50 -0700&apos;
System info: host: &apos;GabbooAlien&apos;, ip: &apos;192.168.30.95&apos;, os.name: &apos;Windows 8.1&apos;, os.arch: &apos;amd64&apos;, os.version: &apos;6.3&apos;, java.version: &apos;1.8.0_111&apos;
Driver info: org.openqa.selenium.firefox.FirefoxDriver
Capabilities [{applicationCacheEnabled=true, rotatable=false, handlesAlerts=true, databaseEnabled=true, version=46.0, platform=WINDOWS, nativeEvents=false, acceptSslCerts=true, webStorageEnabled=true, locationContextEnabled=true, browserName=firefox, takesScreenshot=true, javascriptEnabled=true, cssSelectorsEnabled=true}]
Session ID: f40980d6-e153-4fc7-ac6d-6fb208e0c1d0
	at sun.reflect.NativeConstructorAccessorImpl.newInstance0(Native Method)
	at sun.reflect.NativeConstructorAccessorImpl.newInstance(Unknown Source)
	at sun.reflect.DelegatingConstructorAccessorImpl.newInstance(Unknown Source)
	at java.lang.reflect.Constructor.newInstance(Unknown Source)
	at org.openqa.selenium.remote.ErrorHandler.createThrowable(ErrorHandler.java:206)
	at org.openqa.selenium.remote.ErrorHandler.throwIfResponseFailed(ErrorHandler.java:164)
	at org.openqa.selenium.remote.RemoteWebDriver.execute(RemoteWebDriver.java:636)
	at org.openqa.selenium.remote.RemoteWebElement.execute(RemoteWebElement.java:284)
	at org.openqa.selenium.remote.RemoteWebElement.click(RemoteWebElement.java:84)
	at selenium.Util.Util.clickThis(Util.java:117)
	at geForceSelenium.gForce.POM.webClassPOM.click_class_tabLink(webClassPOM.java:62)
	at geForceSelenium.gForce.Script.webClassModule.searchClassTest(webClassModule.java:81)
	at geForceSelenium.gForce.Script.webClassModule.publishClassTest(webClassModule.java:144)
	at sun.reflect.NativeMethodAccessorImpl.invoke0(Native Method)
	at sun.reflect.NativeMethodAccessorImpl.invoke(Unknown Source)
	at sun.reflect.DelegatingMethodAccessorImpl.invoke(Unknown Source)
	at java.lang.reflect.Method.invoke(Unknown Source)
	at org.testng.internal.MethodInvocationHelper.invokeMethod(MethodInvocationHelper.java:86)
	at org.testng.internal.Invoker.invokeMethod(Invoker.java:643)
	at org.testng.internal.Invoker.invokeTestMethod(Invoker.java:820)
	at org.testng.internal.Invoker.invokeTestMethods(Invoker.java:1128)
	at org.testng.internal.TestMethodWorker.invokeTestMethods(TestMethodWorker.java:129)
	at org.testng.internal.TestMethodWorker.run(TestMethodWorker.java:112)
	at org.testng.TestRunner.privateRun(TestRunner.java:782)
	at org.testng.TestRunner.run(TestRunner.java:632)
	at org.testng.SuiteRunner.runTest(SuiteRunner.java:366)
	at org.testng.SuiteRunner.runSequentially(SuiteRunner.java:361)
	at org.testng.SuiteRunner.privateRun(SuiteRunner.java:319)
	at org.testng.SuiteRunner.run(SuiteRunner.java:268)
	at org.testng.SuiteRunnerWorker.runSuite(SuiteRunnerWorker.java:52)
	at org.testng.SuiteRunnerWorker.run(SuiteRunnerWorker.java:86)
	at org.testng.TestNG.runSuitesSequentially(TestNG.java:1244)
	at org.testng.TestNG.runSuitesLocally(TestNG.java:1169)
	at org.testng.TestNG.run(TestNG.java:1064)
	at org.testng.remote.AbstractRemoteTestNG.run(AbstractRemoteTestNG.java:132)
	at org.testng.remote.RemoteTestNG.initAndRun(RemoteTestNG.java:236)
	at org.testng.remote.RemoteTestNG.main(RemoteTestNG.java:81)
</pre></div><a href='#' onClick='toggleBox("stack-trace1634387050", this, "Click to show all stack frames", "Click to hide stack frames")'>Click to show all stack frames</a>
<div class='stack-trace' id='stack-trace1634387050'><pre>org.openqa.selenium.InvalidArgumentException: Element is not clickable at point (70.48333740234375, 115). Other element would receive the click: &lt;div class=&quot;modal-backdrop fade&quot;&gt;&lt;/div&gt;
Command duration or timeout: 65 milliseconds
Build info: version: &apos;unknown&apos;, revision: &apos;3169782&apos;, time: &apos;2016-09-29 10:24:50 -0700&apos;
System info: host: &apos;GabbooAlien&apos;, ip: &apos;192.168.30.95&apos;, os.name: &apos;Windows 8.1&apos;, os.arch: &apos;amd64&apos;, os.version: &apos;6.3&apos;, java.version: &apos;1.8.0_111&apos;
Driver info: org.openqa.selenium.firefox.FirefoxDriver
Capabilities [{applicationCacheEnabled=true, rotatable=false, handlesAlerts=true, databaseEnabled=true, version=46.0, platform=WINDOWS, nativeEvents=false, acceptSslCerts=true, webStorageEnabled=true, locationContextEnabled=true, browserName=firefox, takesScreenshot=true, javascriptEnabled=true, cssSelectorsEnabled=true}]
Session ID: f40980d6-e153-4fc7-ac6d-6fb208e0c1d0
	at sun.reflect.NativeConstructorAccessorImpl.newInstance0(Native Method)
	at sun.reflect.NativeConstructorAccessorImpl.newInstance(Unknown Source)
	at sun.reflect.DelegatingConstructorAccessorImpl.newInstance(Unknown Source)
	at java.lang.reflect.Constructor.newInstance(Unknown Source)
	at org.openqa.selenium.remote.ErrorHandler.createThrowable(ErrorHandler.java:206)
	at org.openqa.selenium.remote.ErrorHandler.throwIfResponseFailed(ErrorHandler.java:164)
	at org.openqa.selenium.remote.RemoteWebDriver.execute(RemoteWebDriver.java:636)
	at org.openqa.selenium.remote.RemoteWebElement.execute(RemoteWebElement.java:284)
	at org.openqa.selenium.remote.RemoteWebElement.click(RemoteWebElement.java:84)
	at selenium.Util.Util.clickThis(Util.java:117)
	at geForceSelenium.gForce.POM.webClassPOM.click_class_tabLink(webClassPOM.java:62)
	at geForceSelenium.gForce.Script.webClassModule.searchClassTest(webClassModule.java:81)
	at geForceSelenium.gForce.Script.webClassModule.publishClassTest(webClassModule.java:144)
	at sun.reflect.NativeMethodAccessorImpl.invoke0(Native Method)
	at sun.reflect.NativeMethodAccessorImpl.invoke(Unknown Source)
	at sun.reflect.DelegatingMethodAccessorImpl.invoke(Unknown Source)
	at java.lang.reflect.Method.invoke(Unknown Source)
	at org.testng.internal.MethodInvocationHelper.invokeMethod(MethodInvocationHelper.java:86)
	at org.testng.internal.Invoker.invokeMethod(Invoker.java:643)
	at org.testng.internal.Invoker.invokeTestMethod(Invoker.java:820)
	at org.testng.internal.Invoker.invokeTestMethods(Invoker.java:1128)
	at org.testng.internal.TestMethodWorker.invokeTestMethods(TestMethodWorker.java:129)
	at org.testng.internal.TestMethodWorker.run(TestMethodWorker.java:112)
	at org.testng.TestRunner.privateRun(TestRunner.java:782)
	at org.testng.TestRunner.run(TestRunner.java:632)
	at org.testng.SuiteRunner.runTest(SuiteRunner.java:366)
	at org.testng.SuiteRunner.runSequentially(SuiteRunner.java:361)
	at org.testng.SuiteRunner.privateRun(SuiteRunner.java:319)
	at org.testng.SuiteRunner.run(SuiteRunner.java:268)
	at org.testng.SuiteRunnerWorker.runSuite(SuiteRunnerWorker.java:52)
	at org.testng.SuiteRunnerWorker.run(SuiteRunnerWorker.java:86)
	at org.testng.TestNG.runSuitesSequentially(TestNG.java:1244)
	at org.testng.TestNG.runSuitesLocally(TestNG.java:1169)
	at org.testng.TestNG.run(TestNG.java:1064)
	at org.testng.remote.AbstractRemoteTestNG.run(AbstractRemoteTestNG.java:132)
	at org.testng.remote.RemoteTestNG.initAndRun(RemoteTestNG.java:236)
	at org.testng.remote.RemoteTestNG.main(RemoteTestNG.java:81)
</pre></div></td>
<td>9</td>
<td>geForceSelenium.gForce.Script.webClassModule@e25b2fe</td></tr>
<tr>
<td title='geForceSelenium.gForce.Script.webClassModule.searchClassTest()'><b>searchClassTest</b><br>Test class: geForceSelenium.gForce.Script.webClassModule<br/>
<a href="#Output-1122130699" onClick='toggleBox("Output-1122130699", this, "Show output", "Hide output");'>Show output</a>

<a href="#Output-1122130699" onClick="toggleAllBoxes();">Show all outputs</a>
<div class='log' id="Output-1122130699">
<p>  Typing ClassNameUld0Y in Class Name field  </p><br/>
<p>  FAILED: Unable to Select Element, See below for more details : org.openqa.selenium.NoSuchElementException: Cannot locate element with text: Open Class
For documentation on this error, please visit: http://seleniumhq.org/exceptions/no_such_element.html
Build info: version: 'unknown', revision: '3169782', time: '2016-09-29 10:24:50 -0700'
System info: host: 'GabbooAlien', ip: '192.168.30.95', os.name: 'Windows 8.1', os.arch: 'amd64', os.version: '6.3', java.version: '1.8.0_111'
Driver info: driver.version: unknown  </p><br/>
<p>  Finished waiting  </p><br/>
<br> <img src=Test-Screenshot\2017-03-17_11-19-57\FAILED-searchClassTest.png  width='600' height='400'/> </br><br/>
<p>  Performing Screenshot  </p><br/>
</div>
</td>
<td><div><pre>org.openqa.selenium.NoSuchElementException: Cannot locate element with text: Open Class
For documentation on this error, please visit: http://seleniumhq.org/exceptions/no_such_element.html
Build info: version: &apos;unknown&apos;, revision: &apos;3169782&apos;, time: &apos;2016-09-29 10:24:50 -0700&apos;
System info: host: &apos;GabbooAlien&apos;, ip: &apos;192.168.30.95&apos;, os.name: &apos;Windows 8.1&apos;, os.arch: &apos;amd64&apos;, os.version: &apos;6.3&apos;, java.version: &apos;1.8.0_111&apos;
Driver info: driver.version: unknown
	at org.openqa.selenium.support.ui.Select.selectByVisibleText(Select.java:151)
	at selenium.Util.Util.selectThis(Util.java:64)
	at selenium.Util.Util.selectThis(Util.java:55)
	at geForceSelenium.gForce.POM.webClassPOM.selectIn_searchClass_classType(webClassPOM.java:173)
	at geForceSelenium.gForce.Script.webClassModule.searchClassTest(webClassModule.java:83)
	at sun.reflect.NativeMethodAccessorImpl.invoke0(Native Method)
	at sun.reflect.NativeMethodAccessorImpl.invoke(Unknown Source)
	at sun.reflect.DelegatingMethodAccessorImpl.invoke(Unknown Source)
	at java.lang.reflect.Method.invoke(Unknown Source)
	at org.testng.internal.MethodInvocationHelper.invokeMethod(MethodInvocationHelper.java:86)
	at org.testng.internal.Invoker.invokeMethod(Invoker.java:643)
	at org.testng.internal.Invoker.invokeTestMethod(Invoker.java:820)
	at org.testng.internal.Invoker.invokeTestMethods(Invoker.java:1128)
	at org.testng.internal.TestMethodWorker.invokeTestMethods(TestMethodWorker.java:129)
	at org.testng.internal.TestMethodWorker.run(TestMethodWorker.java:112)
	at org.testng.TestRunner.privateRun(TestRunner.java:782)
	at org.testng.TestRunner.run(TestRunner.java:632)
	at org.testng.SuiteRunner.runTest(SuiteRunner.java:366)
	at org.testng.SuiteRunner.runSequentially(SuiteRunner.java:361)
	at org.testng.SuiteRunner.privateRun(SuiteRunner.java:319)
	at org.testng.SuiteRunner.run(SuiteRunner.java:268)
	at org.testng.SuiteRunnerWorker.runSuite(SuiteRunnerWorker.java:52)
	at org.testng.SuiteRunnerWorker.run(SuiteRunnerWorker.java:86)
	at org.testng.TestNG.runSuitesSequentially(TestNG.java:1244)
	at org.testng.TestNG.runSuitesLocally(TestNG.java:1169)
	at org.testng.TestNG.run(TestNG.java:1064)
	at org.testng.remote.AbstractRemoteTestNG.run(AbstractRemoteTestNG.java:132)
	at org.testng.remote.RemoteTestNG.initAndRun(RemoteTestNG.java:236)
	at org.testng.remote.RemoteTestNG.main(RemoteTestNG.java:81)
</pre></div><a href='#' onClick='toggleBox("stack-trace1122130699", this, "Click to show all stack frames", "Click to hide stack frames")'>Click to show all stack frames</a>
<div class='stack-trace' id='stack-trace1122130699'><pre>org.openqa.selenium.NoSuchElementException: Cannot locate element with text: Open Class
For documentation on this error, please visit: http://seleniumhq.org/exceptions/no_such_element.html
Build info: version: &apos;unknown&apos;, revision: &apos;3169782&apos;, time: &apos;2016-09-29 10:24:50 -0700&apos;
System info: host: &apos;GabbooAlien&apos;, ip: &apos;192.168.30.95&apos;, os.name: &apos;Windows 8.1&apos;, os.arch: &apos;amd64&apos;, os.version: &apos;6.3&apos;, java.version: &apos;1.8.0_111&apos;
Driver info: driver.version: unknown
	at org.openqa.selenium.support.ui.Select.selectByVisibleText(Select.java:151)
	at selenium.Util.Util.selectThis(Util.java:64)
	at selenium.Util.Util.selectThis(Util.java:55)
	at geForceSelenium.gForce.POM.webClassPOM.selectIn_searchClass_classType(webClassPOM.java:173)
	at geForceSelenium.gForce.Script.webClassModule.searchClassTest(webClassModule.java:83)
	at sun.reflect.NativeMethodAccessorImpl.invoke0(Native Method)
	at sun.reflect.NativeMethodAccessorImpl.invoke(Unknown Source)
	at sun.reflect.DelegatingMethodAccessorImpl.invoke(Unknown Source)
	at java.lang.reflect.Method.invoke(Unknown Source)
	at org.testng.internal.MethodInvocationHelper.invokeMethod(MethodInvocationHelper.java:86)
	at org.testng.internal.Invoker.invokeMethod(Invoker.java:643)
	at org.testng.internal.Invoker.invokeTestMethod(Invoker.java:820)
	at org.testng.internal.Invoker.invokeTestMethods(Invoker.java:1128)
	at org.testng.internal.TestMethodWorker.invokeTestMethods(TestMethodWorker.java:129)
	at org.testng.internal.TestMethodWorker.run(TestMethodWorker.java:112)
	at org.testng.TestRunner.privateRun(TestRunner.java:782)
	at org.testng.TestRunner.run(TestRunner.java:632)
	at org.testng.SuiteRunner.runTest(SuiteRunner.java:366)
	at org.testng.SuiteRunner.runSequentially(SuiteRunner.java:361)
	at org.testng.SuiteRunner.privateRun(SuiteRunner.java:319)
	at org.testng.SuiteRunner.run(SuiteRunner.java:268)
	at org.testng.SuiteRunnerWorker.runSuite(SuiteRunnerWorker.java:52)
	at org.testng.SuiteRunnerWorker.run(SuiteRunnerWorker.java:86)
	at org.testng.TestNG.runSuitesSequentially(TestNG.java:1244)
	at org.testng.TestNG.runSuitesLocally(TestNG.java:1169)
	at org.testng.TestNG.run(TestNG.java:1064)
	at org.testng.remote.AbstractRemoteTestNG.run(AbstractRemoteTestNG.java:132)
	at org.testng.remote.RemoteTestNG.initAndRun(RemoteTestNG.java:236)
	at org.testng.remote.RemoteTestNG.main(RemoteTestNG.java:81)
</pre></div></td>
<td>4</td>
<td>geForceSelenium.gForce.Script.webClassModule@e25b2fe</td></tr>
<tr>
<td title='geForceSelenium.gForce.Script.webClassModule.unifiedRunTest()'><b>unifiedRunTest</b><br>Test class: geForceSelenium.gForce.Script.webClassModule<br/>
<a href="#Output-572145572" onClick='toggleBox("Output-572145572", this, "Show output", "Hide output");'>Show output</a>

<a href="#Output-572145572" onClick="toggleAllBoxes();">Show all outputs</a>
<div class='log' id="Output-572145572">
<p>  Finished waiting  </p><br/>
<p>  Selecting Open Class in Class Type Select Field  </p><br/>
<p>  Typing ClassNameUld0Y in Class Name field  </p><br/>
<p>  Typing 100.0 in Class Rate field  </p><br/>
<p>  Selecting Danica Mozo in Class Teacher Select Field  </p><br/>
<p>  Typing VnulNskC in Class Venue field  </p><br/>
<p>  Typing 50.0 in Class Capacity field  </p><br/>
<p>  Clicking Start Time  </p><br/>
<p>  Clicking End Time  </p><br/>
<p>  Typing https://www.youtube.com/watch?v=9azGzlvCygA in Youtube URL field  </p><br/>
<p>  Clicking Save Class  </p><br/>
<p>  Element has been located  </p><br/>
<p>  Finished waiting  </p><br/>
<p>  Selecting G-Force Project in Class Type Select Field  </p><br/>
<p>  Selecting 2017 in gForceProject SubType Select Field  </p><br/>
<p>  Typing G-Force ProjectzstJL Makati in Class Name field  </p><br/>
<p>  Typing 100.0 in Class Rate field  </p><br/>
<p>  Selecting Danica Mozo in Class Teacher Select Field  </p><br/>
<p>  Typing VnubEH1U in Class Venue field  </p><br/>
<p>  Typing Test AddressMakati in Address field  </p><br/>
<p>  Selecting Makati in Area Select Field  </p><br/>
<p>  Typing 50.0 in Class Capacity field  </p><br/>
<p>  Typing https://www.youtube.com/watch?v=9azGzlvCygA in Youtube URL field  </p><br/>
<p>  Clicking Save Class  </p><br/>
<p>  Element has been located  </p><br/>
<p>  Finished waiting  </p><br/>
<br> <img src=Test-Screenshot\2017-03-17_11-19-57\FAILED-unifiedRunTest.png  width='600' height='400'/> </br><br/>
<p>  Performing Screenshot  </p><br/>
</div>
</td>
<td><div><pre>org.openqa.selenium.InvalidArgumentException: Element is not clickable at point (70.48333740234375, 115). Other element would receive the click: &lt;div style=&quot;display: block;&quot; class=&quot;modal fade in&quot; id=&quot;formModal&quot; tabindex=&quot;-1&quot; role=&quot;dialog&quot; aria-labelledby=&quot;formModalLabel&quot; aria-hidden=&quot;true&quot;&gt;&lt;/div&gt;
Command duration or timeout: 126 milliseconds
Build info: version: &apos;unknown&apos;, revision: &apos;3169782&apos;, time: &apos;2016-09-29 10:24:50 -0700&apos;
System info: host: &apos;GabbooAlien&apos;, ip: &apos;192.168.30.95&apos;, os.name: &apos;Windows 8.1&apos;, os.arch: &apos;amd64&apos;, os.version: &apos;6.3&apos;, java.version: &apos;1.8.0_111&apos;
Driver info: org.openqa.selenium.firefox.FirefoxDriver
Capabilities [{applicationCacheEnabled=true, rotatable=false, handlesAlerts=true, databaseEnabled=true, version=46.0, platform=WINDOWS, nativeEvents=false, acceptSslCerts=true, webStorageEnabled=true, locationContextEnabled=true, browserName=firefox, takesScreenshot=true, javascriptEnabled=true, cssSelectorsEnabled=true}]
Session ID: f40980d6-e153-4fc7-ac6d-6fb208e0c1d0
	at sun.reflect.NativeConstructorAccessorImpl.newInstance0(Native Method)
	at sun.reflect.NativeConstructorAccessorImpl.newInstance(Unknown Source)
	at sun.reflect.DelegatingConstructorAccessorImpl.newInstance(Unknown Source)
	at java.lang.reflect.Constructor.newInstance(Unknown Source)
	at org.openqa.selenium.remote.ErrorHandler.createThrowable(ErrorHandler.java:206)
	at org.openqa.selenium.remote.ErrorHandler.throwIfResponseFailed(ErrorHandler.java:164)
	at org.openqa.selenium.remote.RemoteWebDriver.execute(RemoteWebDriver.java:636)
	at org.openqa.selenium.remote.RemoteWebElement.execute(RemoteWebElement.java:284)
	at org.openqa.selenium.remote.RemoteWebElement.click(RemoteWebElement.java:84)
	at selenium.Util.Util.clickThis(Util.java:117)
	at geForceSelenium.gForce.POM.webClassPOM.click_class_tabLink(webClassPOM.java:62)
	at geForceSelenium.gForce.Script.webClassModule.createGForceRegionalClassTest(webClassModule.java:56)
	at geForceSelenium.gForce.Script.webClassModule.unifiedRunTest(webClassModule.java:164)
	at sun.reflect.NativeMethodAccessorImpl.invoke0(Native Method)
	at sun.reflect.NativeMethodAccessorImpl.invoke(Unknown Source)
	at sun.reflect.DelegatingMethodAccessorImpl.invoke(Unknown Source)
	at java.lang.reflect.Method.invoke(Unknown Source)
	at org.testng.internal.MethodInvocationHelper.invokeMethod(MethodInvocationHelper.java:86)
	at org.testng.internal.Invoker.invokeMethod(Invoker.java:643)
	at org.testng.internal.Invoker.invokeTestMethod(Invoker.java:820)
	at org.testng.internal.Invoker.invokeTestMethods(Invoker.java:1128)
	at org.testng.internal.TestMethodWorker.invokeTestMethods(TestMethodWorker.java:129)
	at org.testng.internal.TestMethodWorker.run(TestMethodWorker.java:112)
	at org.testng.TestRunner.privateRun(TestRunner.java:782)
	at org.testng.TestRunner.run(TestRunner.java:632)
	at org.testng.SuiteRunner.runTest(SuiteRunner.java:366)
	at org.testng.SuiteRunner.runSequentially(SuiteRunner.java:361)
	at org.testng.SuiteRunner.privateRun(SuiteRunner.java:319)
	at org.testng.SuiteRunner.run(SuiteRunner.java:268)
	at org.testng.SuiteRunnerWorker.runSuite(SuiteRunnerWorker.java:52)
	at org.testng.SuiteRunnerWorker.run(SuiteRunnerWorker.java:86)
	at org.testng.TestNG.runSuitesSequentially(TestNG.java:1244)
	at org.testng.TestNG.runSuitesLocally(TestNG.java:1169)
	at org.testng.TestNG.run(TestNG.java:1064)
	at org.testng.remote.AbstractRemoteTestNG.run(AbstractRemoteTestNG.java:132)
	at org.testng.remote.RemoteTestNG.initAndRun(RemoteTestNG.java:236)
	at org.testng.remote.RemoteTestNG.main(RemoteTestNG.java:81)
</pre></div><a href='#' onClick='toggleBox("stack-trace572145572", this, "Click to show all stack frames", "Click to hide stack frames")'>Click to show all stack frames</a>
<div class='stack-trace' id='stack-trace572145572'><pre>org.openqa.selenium.InvalidArgumentException: Element is not clickable at point (70.48333740234375, 115). Other element would receive the click: &lt;div style=&quot;display: block;&quot; class=&quot;modal fade in&quot; id=&quot;formModal&quot; tabindex=&quot;-1&quot; role=&quot;dialog&quot; aria-labelledby=&quot;formModalLabel&quot; aria-hidden=&quot;true&quot;&gt;&lt;/div&gt;
Command duration or timeout: 126 milliseconds
Build info: version: &apos;unknown&apos;, revision: &apos;3169782&apos;, time: &apos;2016-09-29 10:24:50 -0700&apos;
System info: host: &apos;GabbooAlien&apos;, ip: &apos;192.168.30.95&apos;, os.name: &apos;Windows 8.1&apos;, os.arch: &apos;amd64&apos;, os.version: &apos;6.3&apos;, java.version: &apos;1.8.0_111&apos;
Driver info: org.openqa.selenium.firefox.FirefoxDriver
Capabilities [{applicationCacheEnabled=true, rotatable=false, handlesAlerts=true, databaseEnabled=true, version=46.0, platform=WINDOWS, nativeEvents=false, acceptSslCerts=true, webStorageEnabled=true, locationContextEnabled=true, browserName=firefox, takesScreenshot=true, javascriptEnabled=true, cssSelectorsEnabled=true}]
Session ID: f40980d6-e153-4fc7-ac6d-6fb208e0c1d0
	at sun.reflect.NativeConstructorAccessorImpl.newInstance0(Native Method)
	at sun.reflect.NativeConstructorAccessorImpl.newInstance(Unknown Source)
	at sun.reflect.DelegatingConstructorAccessorImpl.newInstance(Unknown Source)
	at java.lang.reflect.Constructor.newInstance(Unknown Source)
	at org.openqa.selenium.remote.ErrorHandler.createThrowable(ErrorHandler.java:206)
	at org.openqa.selenium.remote.ErrorHandler.throwIfResponseFailed(ErrorHandler.java:164)
	at org.openqa.selenium.remote.RemoteWebDriver.execute(RemoteWebDriver.java:636)
	at org.openqa.selenium.remote.RemoteWebElement.execute(RemoteWebElement.java:284)
	at org.openqa.selenium.remote.RemoteWebElement.click(RemoteWebElement.java:84)
	at selenium.Util.Util.clickThis(Util.java:117)
	at geForceSelenium.gForce.POM.webClassPOM.click_class_tabLink(webClassPOM.java:62)
	at geForceSelenium.gForce.Script.webClassModule.createGForceRegionalClassTest(webClassModule.java:56)
	at geForceSelenium.gForce.Script.webClassModule.unifiedRunTest(webClassModule.java:164)
	at sun.reflect.NativeMethodAccessorImpl.invoke0(Native Method)
	at sun.reflect.NativeMethodAccessorImpl.invoke(Unknown Source)
	at sun.reflect.DelegatingMethodAccessorImpl.invoke(Unknown Source)
	at java.lang.reflect.Method.invoke(Unknown Source)
	at org.testng.internal.MethodInvocationHelper.invokeMethod(MethodInvocationHelper.java:86)
	at org.testng.internal.Invoker.invokeMethod(Invoker.java:643)
	at org.testng.internal.Invoker.invokeTestMethod(Invoker.java:820)
	at org.testng.internal.Invoker.invokeTestMethods(Invoker.java:1128)
	at org.testng.internal.TestMethodWorker.invokeTestMethods(TestMethodWorker.java:129)
	at org.testng.internal.TestMethodWorker.run(TestMethodWorker.java:112)
	at org.testng.TestRunner.privateRun(TestRunner.java:782)
	at org.testng.TestRunner.run(TestRunner.java:632)
	at org.testng.SuiteRunner.runTest(SuiteRunner.java:366)
	at org.testng.SuiteRunner.runSequentially(SuiteRunner.java:361)
	at org.testng.SuiteRunner.privateRun(SuiteRunner.java:319)
	at org.testng.SuiteRunner.run(SuiteRunner.java:268)
	at org.testng.SuiteRunnerWorker.runSuite(SuiteRunnerWorker.java:52)
	at org.testng.SuiteRunnerWorker.run(SuiteRunnerWorker.java:86)
	at org.testng.TestNG.runSuitesSequentially(TestNG.java:1244)
	at org.testng.TestNG.runSuitesLocally(TestNG.java:1169)
	at org.testng.TestNG.run(TestNG.java:1064)
	at org.testng.remote.AbstractRemoteTestNG.run(AbstractRemoteTestNG.java:132)
	at org.testng.remote.RemoteTestNG.initAndRun(RemoteTestNG.java:236)
	at org.testng.remote.RemoteTestNG.main(RemoteTestNG.java:81)
</pre></div></td>
<td>21</td>
<td>geForceSelenium.gForce.Script.webClassModule@e25b2fe</td></tr>
</table><p>
<table width='100%' border='1' class='invocation-passed'>
<tr><td colspan='4' align='center'><b>PASSED TESTS</b></td></tr>
<tr><td><b>Test method</b></td>
<td width="30%"><b>Exception</b></td>
<td width="10%"><b>Time (seconds)</b></td>
<td><b>Instance</b></td>
</tr>
<tr>
<td title='geForceSelenium.gForce.Script.webClassModule.createClassTest()'><b>createClassTest</b><br>Test class: geForceSelenium.gForce.Script.webClassModule<br/>
<a href="#Output-379303133" onClick='toggleBox("Output-379303133", this, "Show output", "Hide output");'>Show output</a>

<a href="#Output-379303133" onClick="toggleAllBoxes();">Show all outputs</a>
<div class='log' id="Output-379303133">
<p>  Finished waiting  </p><br/>
<p>  Selecting Open Class in Class Type Select Field  </p><br/>
<p>  Typing ClassNameUld0Y in Class Name field  </p><br/>
<p>  Typing 100.0 in Class Rate field  </p><br/>
<p>  Selecting Danica Mozo in Class Teacher Select Field  </p><br/>
<p>  Typing VnulNskC in Class Venue field  </p><br/>
<p>  Typing 50.0 in Class Capacity field  </p><br/>
<p>  Clicking Start Time  </p><br/>
<p>  Clicking End Time  </p><br/>
<p>  Typing https://www.youtube.com/watch?v=9azGzlvCygA in Youtube URL field  </p><br/>
<p>  Clicking Save Class  </p><br/>
<p>  Element has been located  </p><br/>
<p>  Finished waiting  </p><br/>
<br> <img src=Test-Screenshot\2017-03-17_11-19-57\SUCCESS-createClassTest.png  width='600' height='400'/> </br><br/>
<p>  Performing Screenshot  </p><br/>
</div>
</td>
<td></td>
<td>10</td>
<td>geForceSelenium.gForce.Script.webClassModule@e25b2fe</td></tr>
<tr>
<td title='geForceSelenium.gForce.Script.webClassModule.createGForceClassTest()'><b>createGForceClassTest</b><br>Test class: geForceSelenium.gForce.Script.webClassModule<br/>
<a href="#Output-391135083" onClick='toggleBox("Output-391135083", this, "Show output", "Hide output");'>Show output</a>

<a href="#Output-391135083" onClick="toggleAllBoxes();">Show all outputs</a>
<div class='log' id="Output-391135083">
<p>  Finished waiting  </p><br/>
<p>  Selecting G-Force Project in Class Type Select Field  </p><br/>
<p>  Selecting 2017 in gForceProject SubType Select Field  </p><br/>
<p>  Typing G-Force ProjectzstJL Makati in Class Name field  </p><br/>
<p>  Typing 100.0 in Class Rate field  </p><br/>
<p>  Selecting Danica Mozo in Class Teacher Select Field  </p><br/>
<p>  Typing VnubEH1U in Class Venue field  </p><br/>
<p>  Typing Test AddressMakati in Address field  </p><br/>
<p>  Selecting Makati in Area Select Field  </p><br/>
<p>  Typing 50.0 in Class Capacity field  </p><br/>
<p>  Typing https://www.youtube.com/watch?v=9azGzlvCygA in Youtube URL field  </p><br/>
<p>  Clicking Save Class  </p><br/>
<p>  Element has been located  </p><br/>
<p>  Finished waiting  </p><br/>
<br> <img src=Test-Screenshot\2017-03-17_11-19-57\SUCCESS-createGForceClassTest.png  width='600' height='400'/> </br><br/>
<p>  Performing Screenshot  </p><br/>
</div>
</td>
<td></td>
<td>11</td>
<td>geForceSelenium.gForce.Script.webClassModule@e25b2fe</td></tr>
<tr>
<td title='geForceSelenium.gForce.Script.webClassModule.createGForceRegionalClassTest()'><b>createGForceRegionalClassTest</b><br>Test class: geForceSelenium.gForce.Script.webClassModule<br/>
<a href="#Output-418179060" onClick='toggleBox("Output-418179060", this, "Show output", "Hide output");'>Show output</a>

<a href="#Output-418179060" onClick="toggleAllBoxes();">Show all outputs</a>
<div class='log' id="Output-418179060">
<p>  Finished waiting  </p><br/>
<p>  Selecting G-Force Project Regional in Class Type Select Field  </p><br/>
<p>  Selecting 2017 in gForceProject SubType Select Field  </p><br/>
<p>  Typing G-Force Project RegionalfYXJR Davao in Class Name field  </p><br/>
<p>  Typing 500.0 in Class Rate field  </p><br/>
<p>  Selecting Danica Mozo in Class Teacher Select Field  </p><br/>
<p>  Typing VnuZQzk1 in Class Venue field  </p><br/>
<p>  Typing Test AddressMakati in Address field  </p><br/>
<p>  Selecting Davao in Area Select Field  </p><br/>
<p>  Typing 50.0 in Class Capacity field  </p><br/>
<p>  Typing https://www.youtube.com/watch?v=9azGzlvCygA in Youtube URL field  </p><br/>
<p>  Clicking Save Class  </p><br/>
<p>  Element has been located  </p><br/>
<p>  Finished waiting  </p><br/>
<br> <img src=Test-Screenshot\2017-03-17_11-19-57\SUCCESS-createGForceRegionalClassTest.png  width='600' height='400'/> </br><br/>
<p>  Performing Screenshot  </p><br/>
</div>
</td>
<td></td>
<td>11</td>
<td>geForceSelenium.gForce.Script.webClassModule@e25b2fe</td></tr>
<tr>
<td title='geForceSelenium.gForce.Script.webClassModule.deleteClassTest()'><b>deleteClassTest</b><br>Test class: geForceSelenium.gForce.Script.webClassModule<br/>
<a href="#Output-1261764601" onClick='toggleBox("Output-1261764601", this, "Show output", "Hide output");'>Show output</a>

<a href="#Output-1261764601" onClick="toggleAllBoxes();">Show all outputs</a>
<div class='log' id="Output-1261764601">
<p>  Typing ClassNameruA0b in Class Name field  </p><br/>
<p>  Selecting Open Class in Class Type Select Field  </p><br/>
<p>  Clicking Search Button  </p><br/>
<p>  Finished waiting  </p><br/>
<p>  Finished waiting  </p><br/>
<p>  Clicking Class Table  </p><br/>
<p>  Clicking Remove Class  </p><br/>
<p>  Clicking Delete Class Confirmation  </p><br/>
<p>  Element has been located  </p><br/>
<p>  Finished waiting  </p><br/>
<br> <img src=Test-Screenshot\2017-03-17_11-19-57\SUCCESS-deleteClassTest.png  width='600' height='400'/> </br><br/>
<p>  Performing Screenshot  </p><br/>
</div>
</td>
<td></td>
<td>8</td>
<td>geForceSelenium.gForce.Script.webClassModule@e25b2fe</td></tr>
<tr>
<td title='geForceSelenium.gForce.Script.webClassModule.editClassTest()'><b>editClassTest</b><br>Test class: geForceSelenium.gForce.Script.webClassModule<br/>
<a href="#Output-1594873248" onClick='toggleBox("Output-1594873248", this, "Show output", "Hide output");'>Show output</a>

<a href="#Output-1594873248" onClick="toggleAllBoxes();">Show all outputs</a>
<div class='log' id="Output-1594873248">
<p>  Typing ClassNameUld0Y in Class Name field  </p><br/>
<p>  Selecting Open Class in Class Type Select Field  </p><br/>
<p>  Selecting No in Class Published Select Field  </p><br/>
<p>  Clicking Search Button  </p><br/>
<p>  Finished waiting  </p><br/>
<p>  Retrieve this element ClassNameUld0Y  </p><br/>
<p>  Strings Matched : ClassNameUld0Y & ClassNameUld0Y  </p><br/>
<p>  Retrieve this element Open Class  </p><br/>
<p>  Strings Matched : Open Class & Open Class  </p><br/>
<p>  Clicking Class Table  </p><br/>
<p>  Clicking Edit Class  </p><br/>
<p>  Finished waiting  </p><br/>
<p>  Selecting Open Class in Class Type Select Field  </p><br/>
<p>  Typing ClassNameruA0b in Class Name field  </p><br/>
<p>  Typing 300.0 in Class Rate field  </p><br/>
<p>  Selecting AJ Albaniel in Class Teacher Select Field  </p><br/>
<p>  Typing VnucgPt7 in Class Venue field  </p><br/>
<p>  Typing 50.0 in Class Capacity field  </p><br/>
<p>  Clicking Start Time  </p><br/>
<p>  Clicking End Time  </p><br/>
<p>  Typing https://www.youtube.com/watch?v=ll8KDdQzoKY&t=1266s in Youtube URL field  </p><br/>
<p>  Clicking Save Class  </p><br/>
<p>  Element has been located  </p><br/>
<p>  Finished waiting  </p><br/>
<br> <img src=Test-Screenshot\2017-03-17_11-19-57\SUCCESS-editClassTest.png  width='600' height='400'/> </br><br/>
<p>  Performing Screenshot  </p><br/>
</div>
</td>
<td></td>
<td>13</td>
<td>geForceSelenium.gForce.Script.webClassModule@e25b2fe</td></tr>
</table><p>
</body>
</html>