<html>
<head>
<title>TestNG:  geForceSelenium.gForce.Script</title>
<link href="../testng.css" rel="stylesheet" type="text/css" />
<link href="../my-testng.css" rel="stylesheet" type="text/css" />

<style type="text/css">
.log { display: none;} 
.stack-trace { display: none;} 
</style>
<script type="text/javascript">
<!--
function flip(e) {
  current = e.style.display;
  if (current == 'block') {
    e.style.display = 'none';
    return 0;
  }
  else {
    e.style.display = 'block';
    return 1;
  }
}

function toggleBox(szDivId, elem, msg1, msg2)
{
  var res = -1;  if (document.getElementById) {
    res = flip(document.getElementById(szDivId));
  }
  else if (document.all) {
    // this is the way old msie versions work
    res = flip(document.all[szDivId]);
  }
  if(elem) {
    if(res == 0) elem.innerHTML = msg1; else elem.innerHTML = msg2;
  }

}

function toggleAllBoxes() {
  if (document.getElementsByTagName) {
    d = document.getElementsByTagName('div');
    for (i = 0; i < d.length; i++) {
      if (d[i].className == 'log') {
        flip(d[i]);
      }
    }
  }
}

// -->
</script>

</head>
<body>
<h2 align='center'>geForceSelenium.gForce.Script</h2><table border='1' align="center">
<tr>
<td>Tests passed/Failed/Skipped:</td><td>1/5/12</td>
</tr><tr>
<td>Started on:</td><td>Fri Mar 17 11:14:30 SGT 2017</td>
</tr>
<tr><td>Total time:</td><td>102 seconds (102185 ms)</td>
</tr><tr>
<td>Included groups:</td><td></td>
</tr><tr>
<td>Excluded groups:</td><td></td>
</tr>
</table><p/>
<small><i>(Hover the method name to see the test class name)</i></small><p/>
<table width='100%' border='1' class='invocation-failed'>
<tr><td colspan='4' align='center'><b>FAILED CONFIGURATIONS</b></td></tr>
<tr><td><b>Test method</b></td>
<td width="30%"><b>Exception</b></td>
<td width="10%"><b>Time (seconds)</b></td>
<td><b>Instance</b></td>
</tr>
<tr>
<td title='geForceSelenium.gForce.Script.webClassModule.afterMethod()'><b>afterMethod</b><br>Test class: geForceSelenium.gForce.Script.webClassModule<br>Parameters: public void geForceSelenium.gForce.Script.webClassModule.searchClassTest(), [TestResult name=searchClassTest status=FAILURE method=webClassModule.searchClassTest()[pri:2, instance:geForceSelenium.gForce.Script.webClassModule@598067a5] output=<p>  Finished waiting  </p>]</td>
<td><div><pre>org.openqa.selenium.remote.UnreachableBrowserException: Error communicating with the remote browser. It may have died.
Build info: version: &apos;unknown&apos;, revision: &apos;3169782&apos;, time: &apos;2016-09-29 10:24:50 -0700&apos;
System info: host: &apos;GabbooAlien&apos;, ip: &apos;192.168.30.95&apos;, os.name: &apos;Windows 8.1&apos;, os.arch: &apos;amd64&apos;, os.version: &apos;6.3&apos;, java.version: &apos;1.8.0_111&apos;
Driver info: driver.version: FirefoxDriver
Capabilities [{applicationCacheEnabled=true, rotatable=false, handlesAlerts=true, databaseEnabled=true, version=46.0, platform=WINDOWS, nativeEvents=false, acceptSslCerts=true, webStorageEnabled=true, locationContextEnabled=true, browserName=firefox, takesScreenshot=true, javascriptEnabled=true, cssSelectorsEnabled=true}]
Session ID: 2faf8a9d-c146-4940-86db-95d0fff350ca
	at org.openqa.selenium.remote.RemoteWebDriver.execute(RemoteWebDriver.java:623)
	at org.openqa.selenium.remote.RemoteWebDriver.execute(RemoteWebDriver.java:659)
	at org.openqa.selenium.firefox.FirefoxDriver.getScreenshotAs(FirefoxDriver.java:416)
	at selenium.Util.Util.takeScreenshot(Util.java:307)
	at geForceSelenium.gForce.Configuration.TestCaseBase.afterMethod(TestCaseBase.java:73)
	at sun.reflect.NativeMethodAccessorImpl.invoke0(Native Method)
	at sun.reflect.NativeMethodAccessorImpl.invoke(Unknown Source)
	at sun.reflect.DelegatingMethodAccessorImpl.invoke(Unknown Source)
	at java.lang.reflect.Method.invoke(Unknown Source)
	at org.testng.internal.MethodInvocationHelper.invokeMethod(MethodInvocationHelper.java:86)
	at org.testng.internal.Invoker.invokeConfigurationMethod(Invoker.java:514)
	at org.testng.internal.Invoker.invokeConfigurations(Invoker.java:215)
	at org.testng.internal.Invoker.invokeMethod(Invoker.java:707)
	at org.testng.internal.Invoker.invokeTestMethod(Invoker.java:820)
	at org.testng.internal.Invoker.invokeTestMethods(Invoker.java:1128)
	at org.testng.internal.TestMethodWorker.invokeTestMethods(TestMethodWorker.java:129)
	at org.testng.internal.TestMethodWorker.run(TestMethodWorker.java:112)
	at org.testng.TestRunner.privateRun(TestRunner.java:782)
	at org.testng.TestRunner.run(TestRunner.java:632)
	at org.testng.SuiteRunner.runTest(SuiteRunner.java:366)
	at org.testng.SuiteRunner.runSequentially(SuiteRunner.java:361)
	at org.testng.SuiteRunner.privateRun(SuiteRunner.java:319)
	at org.testng.SuiteRunner.run(SuiteRunner.java:268)
	at org.testng.SuiteRunnerWorker.runSuite(SuiteRunnerWorker.java:52)
	at org.testng.SuiteRunnerWorker.run(SuiteRunnerWorker.java:86)
	at org.testng.TestNG.runSuitesSequentially(TestNG.java:1244)
	at org.testng.TestNG.runSuitesLocally(TestNG.java:1169)
	at org.testng.TestNG.run(TestNG.java:1064)
	at org.testng.remote.AbstractRemoteTestNG.run(AbstractRemoteTestNG.java:132)
	at org.testng.remote.RemoteTestNG.initAndRun(RemoteTestNG.java:236)
	at org.testng.remote.RemoteTestNG.main(RemoteTestNG.java:81)
Caused by: org.apache.http.conn.HttpHostConnectException: Connect to 127.0.0.1:7058 [/127.0.0.1] failed: Connection refused: connect
	at org.apache.http.impl.conn.DefaultHttpClientConnectionOperator.connect(DefaultHttpClientConnectionOperator.java:158)
	at org.apache.http.impl.conn.PoolingHttpClientConnectionManager.connect(PoolingHttpClientConnectionManager.java:353)
	at org.apache.http.impl.execchain.MainClientExec.establishRoute(MainClientExec.java:380)
	at org.apache.http.impl.execchain.MainClientExec.execute(MainClientExec.java:236)
	at org.apache.http.impl.execchain.ProtocolExec.execute(ProtocolExec.java:184)
	at org.apache.http.impl.execchain.RetryExec.execute(RetryExec.java:88)
	at org.apache.http.impl.execchain.RedirectExec.execute(RedirectExec.java:110)
	at org.apache.http.impl.client.InternalHttpClient.doExecute(InternalHttpClient.java:184)
	at org.apache.http.impl.client.CloseableHttpClient.execute(CloseableHttpClient.java:71)
	at org.apache.http.impl.client.CloseableHttpClient.execute(CloseableHttpClient.java:55)
	at org.openqa.selenium.remote.internal.ApacheHttpClient.fallBackExecute(ApacheHttpClient.java:142)
	at org.openqa.selenium.remote.internal.ApacheHttpClient.execute(ApacheHttpClient.java:88)
	at org.openqa.selenium.remote.HttpCommandExecutor.execute(HttpCommandExecutor.java:160)
	at org.openqa.selenium.firefox.internal.NewProfileExtensionConnection.execute(NewProfileExtensionConnection.java:160)
	at org.openqa.selenium.firefox.FirefoxDriver$LazyCommandExecutor.execute(FirefoxDriver.java:455)
	at org.openqa.selenium.remote.RemoteWebDriver.execute(RemoteWebDriver.java:602)
	... 30 more
Caused by: java.net.ConnectException: Connection refused: connect
	at java.net.DualStackPlainSocketImpl.waitForConnect(Native Method)
	at java.net.DualStackPlainSocketImpl.socketConnect(Unknown Source)
	at java.net.AbstractPlainSocketImpl.doConnect(Unknown Source)
	at java.net.AbstractPlainSocketImpl.connectToAddress(Unknown Source)
	at java.net.AbstractPlainSocketImpl.connect(Unknown Source)
	at java.net.PlainSocketImpl.connect(Unknown Source)
	at java.net.SocksSocketImpl.connect(Unknown Source)
	at java.net.Socket.connect(Unknown Source)
	at org.apache.http.conn.socket.PlainConnectionSocketFactory.connectSocket(PlainConnectionSocketFactory.java:74)
	at org.apache.http.impl.conn.DefaultHttpClientConnectionOperator.connect(DefaultHttpClientConnectionOperator.java:141)
	... 45 more
</pre></div><a href='#' onClick='toggleBox("stack-trace1204481453", this, "Click to show all stack frames", "Click to hide stack frames")'>Click to show all stack frames</a>
<div class='stack-trace' id='stack-trace1204481453'><pre>org.openqa.selenium.remote.UnreachableBrowserException: Error communicating with the remote browser. It may have died.
Build info: version: &apos;unknown&apos;, revision: &apos;3169782&apos;, time: &apos;2016-09-29 10:24:50 -0700&apos;
System info: host: &apos;GabbooAlien&apos;, ip: &apos;192.168.30.95&apos;, os.name: &apos;Windows 8.1&apos;, os.arch: &apos;amd64&apos;, os.version: &apos;6.3&apos;, java.version: &apos;1.8.0_111&apos;
Driver info: driver.version: FirefoxDriver
Capabilities [{applicationCacheEnabled=true, rotatable=false, handlesAlerts=true, databaseEnabled=true, version=46.0, platform=WINDOWS, nativeEvents=false, acceptSslCerts=true, webStorageEnabled=true, locationContextEnabled=true, browserName=firefox, takesScreenshot=true, javascriptEnabled=true, cssSelectorsEnabled=true}]
Session ID: 2faf8a9d-c146-4940-86db-95d0fff350ca
	at org.openqa.selenium.remote.RemoteWebDriver.execute(RemoteWebDriver.java:623)
	at org.openqa.selenium.remote.RemoteWebDriver.execute(RemoteWebDriver.java:659)
	at org.openqa.selenium.firefox.FirefoxDriver.getScreenshotAs(FirefoxDriver.java:416)
	at selenium.Util.Util.takeScreenshot(Util.java:307)
	at geForceSelenium.gForce.Configuration.TestCaseBase.afterMethod(TestCaseBase.java:73)
	at sun.reflect.NativeMethodAccessorImpl.invoke0(Native Method)
	at sun.reflect.NativeMethodAccessorImpl.invoke(Unknown Source)
	at sun.reflect.DelegatingMethodAccessorImpl.invoke(Unknown Source)
	at java.lang.reflect.Method.invoke(Unknown Source)
	at org.testng.internal.MethodInvocationHelper.invokeMethod(MethodInvocationHelper.java:86)
	at org.testng.internal.Invoker.invokeConfigurationMethod(Invoker.java:514)
	at org.testng.internal.Invoker.invokeConfigurations(Invoker.java:215)
	at org.testng.internal.Invoker.invokeMethod(Invoker.java:707)
	at org.testng.internal.Invoker.invokeTestMethod(Invoker.java:820)
	at org.testng.internal.Invoker.invokeTestMethods(Invoker.java:1128)
	at org.testng.internal.TestMethodWorker.invokeTestMethods(TestMethodWorker.java:129)
	at org.testng.internal.TestMethodWorker.run(TestMethodWorker.java:112)
	at org.testng.TestRunner.privateRun(TestRunner.java:782)
	at org.testng.TestRunner.run(TestRunner.java:632)
	at org.testng.SuiteRunner.runTest(SuiteRunner.java:366)
	at org.testng.SuiteRunner.runSequentially(SuiteRunner.java:361)
	at org.testng.SuiteRunner.privateRun(SuiteRunner.java:319)
	at org.testng.SuiteRunner.run(SuiteRunner.java:268)
	at org.testng.SuiteRunnerWorker.runSuite(SuiteRunnerWorker.java:52)
	at org.testng.SuiteRunnerWorker.run(SuiteRunnerWorker.java:86)
	at org.testng.TestNG.runSuitesSequentially(TestNG.java:1244)
	at org.testng.TestNG.runSuitesLocally(TestNG.java:1169)
	at org.testng.TestNG.run(TestNG.java:1064)
	at org.testng.remote.AbstractRemoteTestNG.run(AbstractRemoteTestNG.java:132)
	at org.testng.remote.RemoteTestNG.initAndRun(RemoteTestNG.java:236)
	at org.testng.remote.RemoteTestNG.main(RemoteTestNG.java:81)
Caused by: org.apache.http.conn.HttpHostConnectException: Connect to 127.0.0.1:7058 [/127.0.0.1] failed: Connection refused: connect
	at org.apache.http.impl.conn.DefaultHttpClientConnectionOperator.connect(DefaultHttpClientConnectionOperator.java:158)
	at org.apache.http.impl.conn.PoolingHttpClientConnectionManager.connect(PoolingHttpClientConnectionManager.java:353)
	at org.apache.http.impl.execchain.MainClientExec.establishRoute(MainClientExec.java:380)
	at org.apache.http.impl.execchain.MainClientExec.execute(MainClientExec.java:236)
	at org.apache.http.impl.execchain.ProtocolExec.execute(ProtocolExec.java:184)
	at org.apache.http.impl.execchain.RetryExec.execute(RetryExec.java:88)
	at org.apache.http.impl.execchain.RedirectExec.execute(RedirectExec.java:110)
	at org.apache.http.impl.client.InternalHttpClient.doExecute(InternalHttpClient.java:184)
	at org.apache.http.impl.client.CloseableHttpClient.execute(CloseableHttpClient.java:71)
	at org.apache.http.impl.client.CloseableHttpClient.execute(CloseableHttpClient.java:55)
	at org.openqa.selenium.remote.internal.ApacheHttpClient.fallBackExecute(ApacheHttpClient.java:142)
	at org.openqa.selenium.remote.internal.ApacheHttpClient.execute(ApacheHttpClient.java:88)
	at org.openqa.selenium.remote.HttpCommandExecutor.execute(HttpCommandExecutor.java:160)
	at org.openqa.selenium.firefox.internal.NewProfileExtensionConnection.execute(NewProfileExtensionConnection.java:160)
	at org.openqa.selenium.firefox.FirefoxDriver$LazyCommandExecutor.execute(FirefoxDriver.java:455)
	at org.openqa.selenium.remote.RemoteWebDriver.execute(RemoteWebDriver.java:602)
	... 30 more
Caused by: java.net.ConnectException: Connection refused: connect
	at java.net.DualStackPlainSocketImpl.waitForConnect(Native Method)
	at java.net.DualStackPlainSocketImpl.socketConnect(Unknown Source)
	at java.net.AbstractPlainSocketImpl.doConnect(Unknown Source)
	at java.net.AbstractPlainSocketImpl.connectToAddress(Unknown Source)
	at java.net.AbstractPlainSocketImpl.connect(Unknown Source)
	at java.net.PlainSocketImpl.connect(Unknown Source)
	at java.net.SocksSocketImpl.connect(Unknown Source)
	at java.net.Socket.connect(Unknown Source)
	at org.apache.http.conn.socket.PlainConnectionSocketFactory.connectSocket(PlainConnectionSocketFactory.java:74)
	at org.apache.http.impl.conn.DefaultHttpClientConnectionOperator.connect(DefaultHttpClientConnectionOperator.java:141)
	... 45 more
</pre></div></td>
<td>0</td>
<td>geForceSelenium.gForce.Script.webClassModule@598067a5</td></tr>
</table><p>
<table width='100%' border='1' class='invocation-skipped'>
<tr><td colspan='4' align='center'><b>SKIPPED CONFIGURATIONS</b></td></tr>
<tr><td><b>Test method</b></td>
<td width="30%"><b>Exception</b></td>
<td width="10%"><b>Time (seconds)</b></td>
<td><b>Instance</b></td>
</tr>
<tr>
<td title='geForceSelenium.gForce.Script.webClassModule.beforeTest()'><b>beforeTest</b><br>Test class: geForceSelenium.gForce.Script.webClassModule</td>
<td></td>
<td>0</td>
<td>geForceSelenium.gForce.Script.webClassModule@598067a5</td></tr>
<tr>
<td title='geForceSelenium.gForce.Script.webClassModule.beforeTest()'><b>beforeTest</b><br>Test class: geForceSelenium.gForce.Script.webClassModule</td>
<td></td>
<td>0</td>
<td>geForceSelenium.gForce.Script.webClassModule@598067a5</td></tr>
<tr>
<td title='geForceSelenium.gForce.Script.webClassModule.beforeTest()'><b>beforeTest</b><br>Test class: geForceSelenium.gForce.Script.webClassModule</td>
<td></td>
<td>0</td>
<td>geForceSelenium.gForce.Script.webClassModule@598067a5</td></tr>
<tr>
<td title='geForceSelenium.gForce.Script.webStudentModule.beforeTest()'><b>beforeTest</b><br>Test class: geForceSelenium.gForce.Script.webStudentModule</td>
<td></td>
<td>0</td>
<td>geForceSelenium.gForce.Script.webStudentModule@3c0ecd4b</td></tr>
<tr>
<td title='geForceSelenium.gForce.Script.webStudentModule.beforeTest()'><b>beforeTest</b><br>Test class: geForceSelenium.gForce.Script.webStudentModule</td>
<td></td>
<td>0</td>
<td>geForceSelenium.gForce.Script.webStudentModule@3c0ecd4b</td></tr>
<tr>
<td title='geForceSelenium.gForce.Script.webStudentModule.beforeTest()'><b>beforeTest</b><br>Test class: geForceSelenium.gForce.Script.webStudentModule</td>
<td></td>
<td>0</td>
<td>geForceSelenium.gForce.Script.webStudentModule@3c0ecd4b</td></tr>
<tr>
<td title='geForceSelenium.gForce.Script.webStudentModule.beforeTest()'><b>beforeTest</b><br>Test class: geForceSelenium.gForce.Script.webStudentModule</td>
<td></td>
<td>0</td>
<td>geForceSelenium.gForce.Script.webStudentModule@3c0ecd4b</td></tr>
<tr>
<td title='geForceSelenium.gForce.Script.webStudentModule.beforeTest()'><b>beforeTest</b><br>Test class: geForceSelenium.gForce.Script.webStudentModule</td>
<td></td>
<td>0</td>
<td>geForceSelenium.gForce.Script.webStudentModule@3c0ecd4b</td></tr>
<tr>
<td title='geForceSelenium.gForce.Script.webTeacherModule.beforeTest()'><b>beforeTest</b><br>Test class: geForceSelenium.gForce.Script.webTeacherModule</td>
<td></td>
<td>0</td>
<td>geForceSelenium.gForce.Script.webTeacherModule@14bf9759</td></tr>
<tr>
<td title='geForceSelenium.gForce.Script.webTeacherModule.beforeTest()'><b>beforeTest</b><br>Test class: geForceSelenium.gForce.Script.webTeacherModule</td>
<td></td>
<td>0</td>
<td>geForceSelenium.gForce.Script.webTeacherModule@14bf9759</td></tr>
<tr>
<td title='geForceSelenium.gForce.Script.webTeacherModule.beforeTest()'><b>beforeTest</b><br>Test class: geForceSelenium.gForce.Script.webTeacherModule</td>
<td></td>
<td>0</td>
<td>geForceSelenium.gForce.Script.webTeacherModule@14bf9759</td></tr>
<tr>
<td title='geForceSelenium.gForce.Script.webTeacherModule.beforeTest()'><b>beforeTest</b><br>Test class: geForceSelenium.gForce.Script.webTeacherModule</td>
<td></td>
<td>0</td>
<td>geForceSelenium.gForce.Script.webTeacherModule@14bf9759</td></tr>
<tr>
<td title='geForceSelenium.gForce.Script.webClassModule.afterMethod()'><b>afterMethod</b><br>Test class: geForceSelenium.gForce.Script.webClassModule</td>
<td></td>
<td>0</td>
<td>geForceSelenium.gForce.Script.webClassModule@598067a5</td></tr>
<tr>
<td title='geForceSelenium.gForce.Script.webClassModule.afterMethod()'><b>afterMethod</b><br>Test class: geForceSelenium.gForce.Script.webClassModule</td>
<td></td>
<td>0</td>
<td>geForceSelenium.gForce.Script.webClassModule@598067a5</td></tr>
<tr>
<td title='geForceSelenium.gForce.Script.webClassModule.afterMethod()'><b>afterMethod</b><br>Test class: geForceSelenium.gForce.Script.webClassModule</td>
<td></td>
<td>0</td>
<td>geForceSelenium.gForce.Script.webClassModule@598067a5</td></tr>
<tr>
<td title='geForceSelenium.gForce.Script.webStudentModule.afterMethod()'><b>afterMethod</b><br>Test class: geForceSelenium.gForce.Script.webStudentModule</td>
<td></td>
<td>0</td>
<td>geForceSelenium.gForce.Script.webStudentModule@3c0ecd4b</td></tr>
<tr>
<td title='geForceSelenium.gForce.Script.webStudentModule.afterMethod()'><b>afterMethod</b><br>Test class: geForceSelenium.gForce.Script.webStudentModule</td>
<td></td>
<td>0</td>
<td>geForceSelenium.gForce.Script.webStudentModule@3c0ecd4b</td></tr>
<tr>
<td title='geForceSelenium.gForce.Script.webStudentModule.afterMethod()'><b>afterMethod</b><br>Test class: geForceSelenium.gForce.Script.webStudentModule</td>
<td></td>
<td>0</td>
<td>geForceSelenium.gForce.Script.webStudentModule@3c0ecd4b</td></tr>
<tr>
<td title='geForceSelenium.gForce.Script.webStudentModule.afterMethod()'><b>afterMethod</b><br>Test class: geForceSelenium.gForce.Script.webStudentModule</td>
<td></td>
<td>0</td>
<td>geForceSelenium.gForce.Script.webStudentModule@3c0ecd4b</td></tr>
<tr>
<td title='geForceSelenium.gForce.Script.webStudentModule.afterMethod()'><b>afterMethod</b><br>Test class: geForceSelenium.gForce.Script.webStudentModule</td>
<td></td>
<td>0</td>
<td>geForceSelenium.gForce.Script.webStudentModule@3c0ecd4b</td></tr>
<tr>
<td title='geForceSelenium.gForce.Script.webTeacherModule.afterMethod()'><b>afterMethod</b><br>Test class: geForceSelenium.gForce.Script.webTeacherModule</td>
<td></td>
<td>0</td>
<td>geForceSelenium.gForce.Script.webTeacherModule@14bf9759</td></tr>
<tr>
<td title='geForceSelenium.gForce.Script.webTeacherModule.afterMethod()'><b>afterMethod</b><br>Test class: geForceSelenium.gForce.Script.webTeacherModule</td>
<td></td>
<td>0</td>
<td>geForceSelenium.gForce.Script.webTeacherModule@14bf9759</td></tr>
<tr>
<td title='geForceSelenium.gForce.Script.webTeacherModule.afterMethod()'><b>afterMethod</b><br>Test class: geForceSelenium.gForce.Script.webTeacherModule</td>
<td></td>
<td>0</td>
<td>geForceSelenium.gForce.Script.webTeacherModule@14bf9759</td></tr>
<tr>
<td title='geForceSelenium.gForce.Script.webTeacherModule.afterMethod()'><b>afterMethod</b><br>Test class: geForceSelenium.gForce.Script.webTeacherModule</td>
<td></td>
<td>0</td>
<td>geForceSelenium.gForce.Script.webTeacherModule@14bf9759</td></tr>
<tr>
<td title='geForceSelenium.gForce.Script.testing_Script.afterTest()'><b>afterTest</b><br>Test class: geForceSelenium.gForce.Script.testing_Script</td>
<td></td>
<td>0</td>
<td>null</td></tr>
</table><p>
<table width='100%' border='1' class='invocation-failed'>
<tr><td colspan='4' align='center'><b>FAILED TESTS</b></td></tr>
<tr><td><b>Test method</b></td>
<td width="30%"><b>Exception</b></td>
<td width="10%"><b>Time (seconds)</b></td>
<td><b>Instance</b></td>
</tr>
<tr>
<td title='geForceSelenium.gForce.Script.webClassModule.createClassTest()'><b>createClassTest</b><br>Test class: geForceSelenium.gForce.Script.webClassModule<br/>
<a href="#Output-398457879" onClick='toggleBox("Output-398457879", this, "Show output", "Hide output");'>Show output</a>

<a href="#Output-398457879" onClick="toggleAllBoxes();">Show all outputs</a>
<div class='log' id="Output-398457879">
<p>  Finished waiting  </p><br/>
<br> <img src=Test-Screenshot\2017-03-17_11-15-08\FAILED-createClassTest.png  width='600' height='400'/> </br><br/>
<p>  Performing Screenshot  </p><br/>
</div>
</td>
<td><div><pre>org.openqa.selenium.TimeoutException: Expected condition failed: waiting for element to be clickable: By.cssSelector: a[title=&quot;Classes&quot;] &gt; span.menu-item-parent.ng-binding (tried for 10 second(s) with 500 MILLISECONDS interval)
Build info: version: &apos;unknown&apos;, revision: &apos;3169782&apos;, time: &apos;2016-09-29 10:24:50 -0700&apos;
System info: host: &apos;GabbooAlien&apos;, ip: &apos;192.168.30.95&apos;, os.name: &apos;Windows 8.1&apos;, os.arch: &apos;amd64&apos;, os.version: &apos;6.3&apos;, java.version: &apos;1.8.0_111&apos;
Driver info: org.openqa.selenium.firefox.FirefoxDriver
Capabilities [{applicationCacheEnabled=true, rotatable=false, handlesAlerts=true, databaseEnabled=true, version=46.0, platform=WINDOWS, nativeEvents=false, acceptSslCerts=true, webStorageEnabled=true, locationContextEnabled=true, browserName=firefox, takesScreenshot=true, javascriptEnabled=true, cssSelectorsEnabled=true}]
Session ID: 2faf8a9d-c146-4940-86db-95d0fff350ca
	at org.openqa.selenium.support.ui.WebDriverWait.timeoutException(WebDriverWait.java:80)
	at org.openqa.selenium.support.ui.FluentWait.until(FluentWait.java:265)
	at selenium.Util.Util.clickThis(Util.java:117)
	at geForceSelenium.gForce.POM.webClassPOM.click_class_tabLink(webClassPOM.java:62)
	at geForceSelenium.gForce.Script.webClassModule.createClassTest(webClassModule.java:15)
	at sun.reflect.NativeMethodAccessorImpl.invoke0(Native Method)
	at sun.reflect.NativeMethodAccessorImpl.invoke(Unknown Source)
	at sun.reflect.DelegatingMethodAccessorImpl.invoke(Unknown Source)
	at java.lang.reflect.Method.invoke(Unknown Source)
	at org.testng.internal.MethodInvocationHelper.invokeMethod(MethodInvocationHelper.java:86)
	at org.testng.internal.Invoker.invokeMethod(Invoker.java:643)
	at org.testng.internal.Invoker.invokeTestMethod(Invoker.java:820)
	at org.testng.internal.Invoker.invokeTestMethods(Invoker.java:1128)
	at org.testng.internal.TestMethodWorker.invokeTestMethods(TestMethodWorker.java:129)
	at org.testng.internal.TestMethodWorker.run(TestMethodWorker.java:112)
	at org.testng.TestRunner.privateRun(TestRunner.java:782)
	at org.testng.TestRunner.run(TestRunner.java:632)
	at org.testng.SuiteRunner.runTest(SuiteRunner.java:366)
	at org.testng.SuiteRunner.runSequentially(SuiteRunner.java:361)
	at org.testng.SuiteRunner.privateRun(SuiteRunner.java:319)
	at org.testng.SuiteRunner.run(SuiteRunner.java:268)
	at org.testng.SuiteRunnerWorker.runSuite(SuiteRunnerWorker.java:52)
	at org.testng.SuiteRunnerWorker.run(SuiteRunnerWorker.java:86)
	at org.testng.TestNG.runSuitesSequentially(TestNG.java:1244)
	at org.testng.TestNG.runSuitesLocally(TestNG.java:1169)
	at org.testng.TestNG.run(TestNG.java:1064)
	at org.testng.remote.AbstractRemoteTestNG.run(AbstractRemoteTestNG.java:132)
	at org.testng.remote.RemoteTestNG.initAndRun(RemoteTestNG.java:236)
	at org.testng.remote.RemoteTestNG.main(RemoteTestNG.java:81)
Caused by: org.openqa.selenium.NoSuchElementException: Unable to locate element: {&quot;method&quot;:&quot;css selector&quot;,&quot;selector&quot;:&quot;a[title=\&quot;Classes\&quot;] &gt; span.menu-item-parent.ng-binding&quot;}
Command duration or timeout: 26 milliseconds
For documentation on this error, please visit: http://seleniumhq.org/exceptions/no_such_element.html
Build info: version: &apos;unknown&apos;, revision: &apos;3169782&apos;, time: &apos;2016-09-29 10:24:50 -0700&apos;
System info: host: &apos;GabbooAlien&apos;, ip: &apos;192.168.30.95&apos;, os.name: &apos;Windows 8.1&apos;, os.arch: &apos;amd64&apos;, os.version: &apos;6.3&apos;, java.version: &apos;1.8.0_111&apos;
Driver info: org.openqa.selenium.firefox.FirefoxDriver
Capabilities [{applicationCacheEnabled=true, rotatable=false, handlesAlerts=true, databaseEnabled=true, version=46.0, platform=WINDOWS, nativeEvents=false, acceptSslCerts=true, webStorageEnabled=true, locationContextEnabled=true, browserName=firefox, takesScreenshot=true, javascriptEnabled=true, cssSelectorsEnabled=true}]
Session ID: 2faf8a9d-c146-4940-86db-95d0fff350ca
*** Element info: {Using=css selector, value=a[title=&quot;Classes&quot;] &gt; span.menu-item-parent.ng-binding}
	at sun.reflect.GeneratedConstructorAccessor12.newInstance(Unknown Source)
	at sun.reflect.DelegatingConstructorAccessorImpl.newInstance(Unknown Source)
	at java.lang.reflect.Constructor.newInstance(Unknown Source)
	at org.openqa.selenium.remote.ErrorHandler.createThrowable(ErrorHandler.java:206)
	at org.openqa.selenium.remote.ErrorHandler.throwIfResponseFailed(ErrorHandler.java:158)
	at org.openqa.selenium.remote.RemoteWebDriver.execute(RemoteWebDriver.java:636)
	at org.openqa.selenium.remote.RemoteWebDriver.findElement(RemoteWebDriver.java:369)
	at org.openqa.selenium.remote.RemoteWebDriver.findElementByCssSelector(RemoteWebDriver.java:466)
	at org.openqa.selenium.By$ByCssSelector.findElement(By.java:430)
	at org.openqa.selenium.remote.RemoteWebDriver.findElement(RemoteWebDriver.java:361)
	at org.openqa.selenium.support.ui.ExpectedConditions.findElement(ExpectedConditions.java:895)
	at org.openqa.selenium.support.ui.ExpectedConditions.access$000(ExpectedConditions.java:41)
	at org.openqa.selenium.support.ui.ExpectedConditions$7.apply(ExpectedConditions.java:205)
	at org.openqa.selenium.support.ui.ExpectedConditions$7.apply(ExpectedConditions.java:201)
	at org.openqa.selenium.support.ui.ExpectedConditions$22.apply(ExpectedConditions.java:651)
	at org.openqa.selenium.support.ui.ExpectedConditions$22.apply(ExpectedConditions.java:644)
	at org.openqa.selenium.support.ui.FluentWait.until(FluentWait.java:238)
	... 27 more
Caused by: org.openqa.selenium.NoSuchElementException: Unable to locate element: {&quot;method&quot;:&quot;css selector&quot;,&quot;selector&quot;:&quot;a[title=\&quot;Classes\&quot;] &gt; span.menu-item-parent.ng-binding&quot;}
For documentation on this error, please visit: http://seleniumhq.org/exceptions/no_such_element.html
Build info: version: &apos;unknown&apos;, revision: &apos;3169782&apos;, time: &apos;2016-09-29 10:24:50 -0700&apos;
System info: host: &apos;GabbooAlien&apos;, ip: &apos;192.168.30.95&apos;, os.name: &apos;Windows 8.1&apos;, os.arch: &apos;amd64&apos;, os.version: &apos;6.3&apos;, java.version: &apos;1.8.0_111&apos;
Driver info: driver.version: unknown
	at &lt;anonymous class&gt;.FirefoxDriver.prototype.findElementInternal_(file:///C:/Users/Gabo/AppData/Local/Temp/anonymous8604641325014842828webdriver-profile/extensions/fxdriver@googlecode.com/components/driver-component.js:11187)
	at &lt;anonymous class&gt;.FirefoxDriver.prototype.findElement(file:///C:/Users/Gabo/AppData/Local/Temp/anonymous8604641325014842828webdriver-profile/extensions/fxdriver@googlecode.com/components/driver-component.js:11196)
	at &lt;anonymous class&gt;.DelayedCommand.prototype.executeInternal_/h(file:///C:/Users/Gabo/AppData/Local/Temp/anonymous8604641325014842828webdriver-profile/extensions/fxdriver@googlecode.com/components/command-processor.js:12698)
	at &lt;anonymous class&gt;.DelayedCommand.prototype.executeInternal_(file:///C:/Users/Gabo/AppData/Local/Temp/anonymous8604641325014842828webdriver-profile/extensions/fxdriver@googlecode.com/components/command-processor.js:12703)
	at &lt;anonymous class&gt;.DelayedCommand.prototype.execute/&lt;(file:///C:/Users/Gabo/AppData/Local/Temp/anonymous8604641325014842828webdriver-profile/extensions/fxdriver@googlecode.com/components/command-processor.js:12645)
</pre></div><a href='#' onClick='toggleBox("stack-trace398457879", this, "Click to show all stack frames", "Click to hide stack frames")'>Click to show all stack frames</a>
<div class='stack-trace' id='stack-trace398457879'><pre>org.openqa.selenium.TimeoutException: Expected condition failed: waiting for element to be clickable: By.cssSelector: a[title=&quot;Classes&quot;] &gt; span.menu-item-parent.ng-binding (tried for 10 second(s) with 500 MILLISECONDS interval)
Build info: version: &apos;unknown&apos;, revision: &apos;3169782&apos;, time: &apos;2016-09-29 10:24:50 -0700&apos;
System info: host: &apos;GabbooAlien&apos;, ip: &apos;192.168.30.95&apos;, os.name: &apos;Windows 8.1&apos;, os.arch: &apos;amd64&apos;, os.version: &apos;6.3&apos;, java.version: &apos;1.8.0_111&apos;
Driver info: org.openqa.selenium.firefox.FirefoxDriver
Capabilities [{applicationCacheEnabled=true, rotatable=false, handlesAlerts=true, databaseEnabled=true, version=46.0, platform=WINDOWS, nativeEvents=false, acceptSslCerts=true, webStorageEnabled=true, locationContextEnabled=true, browserName=firefox, takesScreenshot=true, javascriptEnabled=true, cssSelectorsEnabled=true}]
Session ID: 2faf8a9d-c146-4940-86db-95d0fff350ca
	at org.openqa.selenium.support.ui.WebDriverWait.timeoutException(WebDriverWait.java:80)
	at org.openqa.selenium.support.ui.FluentWait.until(FluentWait.java:265)
	at selenium.Util.Util.clickThis(Util.java:117)
	at geForceSelenium.gForce.POM.webClassPOM.click_class_tabLink(webClassPOM.java:62)
	at geForceSelenium.gForce.Script.webClassModule.createClassTest(webClassModule.java:15)
	at sun.reflect.NativeMethodAccessorImpl.invoke0(Native Method)
	at sun.reflect.NativeMethodAccessorImpl.invoke(Unknown Source)
	at sun.reflect.DelegatingMethodAccessorImpl.invoke(Unknown Source)
	at java.lang.reflect.Method.invoke(Unknown Source)
	at org.testng.internal.MethodInvocationHelper.invokeMethod(MethodInvocationHelper.java:86)
	at org.testng.internal.Invoker.invokeMethod(Invoker.java:643)
	at org.testng.internal.Invoker.invokeTestMethod(Invoker.java:820)
	at org.testng.internal.Invoker.invokeTestMethods(Invoker.java:1128)
	at org.testng.internal.TestMethodWorker.invokeTestMethods(TestMethodWorker.java:129)
	at org.testng.internal.TestMethodWorker.run(TestMethodWorker.java:112)
	at org.testng.TestRunner.privateRun(TestRunner.java:782)
	at org.testng.TestRunner.run(TestRunner.java:632)
	at org.testng.SuiteRunner.runTest(SuiteRunner.java:366)
	at org.testng.SuiteRunner.runSequentially(SuiteRunner.java:361)
	at org.testng.SuiteRunner.privateRun(SuiteRunner.java:319)
	at org.testng.SuiteRunner.run(SuiteRunner.java:268)
	at org.testng.SuiteRunnerWorker.runSuite(SuiteRunnerWorker.java:52)
	at org.testng.SuiteRunnerWorker.run(SuiteRunnerWorker.java:86)
	at org.testng.TestNG.runSuitesSequentially(TestNG.java:1244)
	at org.testng.TestNG.runSuitesLocally(TestNG.java:1169)
	at org.testng.TestNG.run(TestNG.java:1064)
	at org.testng.remote.AbstractRemoteTestNG.run(AbstractRemoteTestNG.java:132)
	at org.testng.remote.RemoteTestNG.initAndRun(RemoteTestNG.java:236)
	at org.testng.remote.RemoteTestNG.main(RemoteTestNG.java:81)
Caused by: org.openqa.selenium.NoSuchElementException: Unable to locate element: {&quot;method&quot;:&quot;css selector&quot;,&quot;selector&quot;:&quot;a[title=\&quot;Classes\&quot;] &gt; span.menu-item-parent.ng-binding&quot;}
Command duration or timeout: 26 milliseconds
For documentation on this error, please visit: http://seleniumhq.org/exceptions/no_such_element.html
Build info: version: &apos;unknown&apos;, revision: &apos;3169782&apos;, time: &apos;2016-09-29 10:24:50 -0700&apos;
System info: host: &apos;GabbooAlien&apos;, ip: &apos;192.168.30.95&apos;, os.name: &apos;Windows 8.1&apos;, os.arch: &apos;amd64&apos;, os.version: &apos;6.3&apos;, java.version: &apos;1.8.0_111&apos;
Driver info: org.openqa.selenium.firefox.FirefoxDriver
Capabilities [{applicationCacheEnabled=true, rotatable=false, handlesAlerts=true, databaseEnabled=true, version=46.0, platform=WINDOWS, nativeEvents=false, acceptSslCerts=true, webStorageEnabled=true, locationContextEnabled=true, browserName=firefox, takesScreenshot=true, javascriptEnabled=true, cssSelectorsEnabled=true}]
Session ID: 2faf8a9d-c146-4940-86db-95d0fff350ca
*** Element info: {Using=css selector, value=a[title=&quot;Classes&quot;] &gt; span.menu-item-parent.ng-binding}
	at sun.reflect.GeneratedConstructorAccessor12.newInstance(Unknown Source)
	at sun.reflect.DelegatingConstructorAccessorImpl.newInstance(Unknown Source)
	at java.lang.reflect.Constructor.newInstance(Unknown Source)
	at org.openqa.selenium.remote.ErrorHandler.createThrowable(ErrorHandler.java:206)
	at org.openqa.selenium.remote.ErrorHandler.throwIfResponseFailed(ErrorHandler.java:158)
	at org.openqa.selenium.remote.RemoteWebDriver.execute(RemoteWebDriver.java:636)
	at org.openqa.selenium.remote.RemoteWebDriver.findElement(RemoteWebDriver.java:369)
	at org.openqa.selenium.remote.RemoteWebDriver.findElementByCssSelector(RemoteWebDriver.java:466)
	at org.openqa.selenium.By$ByCssSelector.findElement(By.java:430)
	at org.openqa.selenium.remote.RemoteWebDriver.findElement(RemoteWebDriver.java:361)
	at org.openqa.selenium.support.ui.ExpectedConditions.findElement(ExpectedConditions.java:895)
	at org.openqa.selenium.support.ui.ExpectedConditions.access$000(ExpectedConditions.java:41)
	at org.openqa.selenium.support.ui.ExpectedConditions$7.apply(ExpectedConditions.java:205)
	at org.openqa.selenium.support.ui.ExpectedConditions$7.apply(ExpectedConditions.java:201)
	at org.openqa.selenium.support.ui.ExpectedConditions$22.apply(ExpectedConditions.java:651)
	at org.openqa.selenium.support.ui.ExpectedConditions$22.apply(ExpectedConditions.java:644)
	at org.openqa.selenium.support.ui.FluentWait.until(FluentWait.java:238)
	... 27 more
Caused by: org.openqa.selenium.NoSuchElementException: Unable to locate element: {&quot;method&quot;:&quot;css selector&quot;,&quot;selector&quot;:&quot;a[title=\&quot;Classes\&quot;] &gt; span.menu-item-parent.ng-binding&quot;}
For documentation on this error, please visit: http://seleniumhq.org/exceptions/no_such_element.html
Build info: version: &apos;unknown&apos;, revision: &apos;3169782&apos;, time: &apos;2016-09-29 10:24:50 -0700&apos;
System info: host: &apos;GabbooAlien&apos;, ip: &apos;192.168.30.95&apos;, os.name: &apos;Windows 8.1&apos;, os.arch: &apos;amd64&apos;, os.version: &apos;6.3&apos;, java.version: &apos;1.8.0_111&apos;
Driver info: driver.version: unknown
	at &lt;anonymous class&gt;.FirefoxDriver.prototype.findElementInternal_(file:///C:/Users/Gabo/AppData/Local/Temp/anonymous8604641325014842828webdriver-profile/extensions/fxdriver@googlecode.com/components/driver-component.js:11187)
	at &lt;anonymous class&gt;.FirefoxDriver.prototype.findElement(file:///C:/Users/Gabo/AppData/Local/Temp/anonymous8604641325014842828webdriver-profile/extensions/fxdriver@googlecode.com/components/driver-component.js:11196)
	at &lt;anonymous class&gt;.DelayedCommand.prototype.executeInternal_/h(file:///C:/Users/Gabo/AppData/Local/Temp/anonymous8604641325014842828webdriver-profile/extensions/fxdriver@googlecode.com/components/command-processor.js:12698)
	at &lt;anonymous class&gt;.DelayedCommand.prototype.executeInternal_(file:///C:/Users/Gabo/AppData/Local/Temp/anonymous8604641325014842828webdriver-profile/extensions/fxdriver@googlecode.com/components/command-processor.js:12703)
	at &lt;anonymous class&gt;.DelayedCommand.prototype.execute/&lt;(file:///C:/Users/Gabo/AppData/Local/Temp/anonymous8604641325014842828webdriver-profile/extensions/fxdriver@googlecode.com/components/command-processor.js:12645)
</pre></div></td>
<td>10</td>
<td>geForceSelenium.gForce.Script.webClassModule@598067a5</td></tr>
<tr>
<td title='geForceSelenium.gForce.Script.webClassModule.createGForceClassTest()'><b>createGForceClassTest</b><br>Test class: geForceSelenium.gForce.Script.webClassModule<br/>
<a href="#Output-871160466" onClick='toggleBox("Output-871160466", this, "Show output", "Hide output");'>Show output</a>

<a href="#Output-871160466" onClick="toggleAllBoxes();">Show all outputs</a>
<div class='log' id="Output-871160466">
<p>  Finished waiting  </p><br/>
<br> <img src=Test-Screenshot\2017-03-17_11-15-08\FAILED-createGForceClassTest.png  width='600' height='400'/> </br><br/>
<p>  Performing Screenshot  </p><br/>
</div>
</td>
<td><div><pre>org.openqa.selenium.TimeoutException: Expected condition failed: waiting for element to be clickable: By.cssSelector: a[title=&quot;Classes&quot;] &gt; span.menu-item-parent.ng-binding (tried for 10 second(s) with 500 MILLISECONDS interval)
Build info: version: &apos;unknown&apos;, revision: &apos;3169782&apos;, time: &apos;2016-09-29 10:24:50 -0700&apos;
System info: host: &apos;GabbooAlien&apos;, ip: &apos;192.168.30.95&apos;, os.name: &apos;Windows 8.1&apos;, os.arch: &apos;amd64&apos;, os.version: &apos;6.3&apos;, java.version: &apos;1.8.0_111&apos;
Driver info: org.openqa.selenium.firefox.FirefoxDriver
Capabilities [{applicationCacheEnabled=true, rotatable=false, handlesAlerts=true, databaseEnabled=true, version=46.0, platform=WINDOWS, nativeEvents=false, acceptSslCerts=true, webStorageEnabled=true, locationContextEnabled=true, browserName=firefox, takesScreenshot=true, javascriptEnabled=true, cssSelectorsEnabled=true}]
Session ID: 2faf8a9d-c146-4940-86db-95d0fff350ca
	at org.openqa.selenium.support.ui.WebDriverWait.timeoutException(WebDriverWait.java:80)
	at org.openqa.selenium.support.ui.FluentWait.until(FluentWait.java:265)
	at selenium.Util.Util.clickThis(Util.java:117)
	at geForceSelenium.gForce.POM.webClassPOM.click_class_tabLink(webClassPOM.java:62)
	at geForceSelenium.gForce.Script.webClassModule.createGForceClassTest(webClassModule.java:34)
	at sun.reflect.NativeMethodAccessorImpl.invoke0(Native Method)
	at sun.reflect.NativeMethodAccessorImpl.invoke(Unknown Source)
	at sun.reflect.DelegatingMethodAccessorImpl.invoke(Unknown Source)
	at java.lang.reflect.Method.invoke(Unknown Source)
	at org.testng.internal.MethodInvocationHelper.invokeMethod(MethodInvocationHelper.java:86)
	at org.testng.internal.Invoker.invokeMethod(Invoker.java:643)
	at org.testng.internal.Invoker.invokeTestMethod(Invoker.java:820)
	at org.testng.internal.Invoker.invokeTestMethods(Invoker.java:1128)
	at org.testng.internal.TestMethodWorker.invokeTestMethods(TestMethodWorker.java:129)
	at org.testng.internal.TestMethodWorker.run(TestMethodWorker.java:112)
	at org.testng.TestRunner.privateRun(TestRunner.java:782)
	at org.testng.TestRunner.run(TestRunner.java:632)
	at org.testng.SuiteRunner.runTest(SuiteRunner.java:366)
	at org.testng.SuiteRunner.runSequentially(SuiteRunner.java:361)
	at org.testng.SuiteRunner.privateRun(SuiteRunner.java:319)
	at org.testng.SuiteRunner.run(SuiteRunner.java:268)
	at org.testng.SuiteRunnerWorker.runSuite(SuiteRunnerWorker.java:52)
	at org.testng.SuiteRunnerWorker.run(SuiteRunnerWorker.java:86)
	at org.testng.TestNG.runSuitesSequentially(TestNG.java:1244)
	at org.testng.TestNG.runSuitesLocally(TestNG.java:1169)
	at org.testng.TestNG.run(TestNG.java:1064)
	at org.testng.remote.AbstractRemoteTestNG.run(AbstractRemoteTestNG.java:132)
	at org.testng.remote.RemoteTestNG.initAndRun(RemoteTestNG.java:236)
	at org.testng.remote.RemoteTestNG.main(RemoteTestNG.java:81)
Caused by: org.openqa.selenium.NoSuchElementException: Unable to locate element: {&quot;method&quot;:&quot;css selector&quot;,&quot;selector&quot;:&quot;a[title=\&quot;Classes\&quot;] &gt; span.menu-item-parent.ng-binding&quot;}
Command duration or timeout: 28 milliseconds
For documentation on this error, please visit: http://seleniumhq.org/exceptions/no_such_element.html
Build info: version: &apos;unknown&apos;, revision: &apos;3169782&apos;, time: &apos;2016-09-29 10:24:50 -0700&apos;
System info: host: &apos;GabbooAlien&apos;, ip: &apos;192.168.30.95&apos;, os.name: &apos;Windows 8.1&apos;, os.arch: &apos;amd64&apos;, os.version: &apos;6.3&apos;, java.version: &apos;1.8.0_111&apos;
Driver info: org.openqa.selenium.firefox.FirefoxDriver
Capabilities [{applicationCacheEnabled=true, rotatable=false, handlesAlerts=true, databaseEnabled=true, version=46.0, platform=WINDOWS, nativeEvents=false, acceptSslCerts=true, webStorageEnabled=true, locationContextEnabled=true, browserName=firefox, takesScreenshot=true, javascriptEnabled=true, cssSelectorsEnabled=true}]
Session ID: 2faf8a9d-c146-4940-86db-95d0fff350ca
*** Element info: {Using=css selector, value=a[title=&quot;Classes&quot;] &gt; span.menu-item-parent.ng-binding}
	at sun.reflect.GeneratedConstructorAccessor12.newInstance(Unknown Source)
	at sun.reflect.DelegatingConstructorAccessorImpl.newInstance(Unknown Source)
	at java.lang.reflect.Constructor.newInstance(Unknown Source)
	at org.openqa.selenium.remote.ErrorHandler.createThrowable(ErrorHandler.java:206)
	at org.openqa.selenium.remote.ErrorHandler.throwIfResponseFailed(ErrorHandler.java:158)
	at org.openqa.selenium.remote.RemoteWebDriver.execute(RemoteWebDriver.java:636)
	at org.openqa.selenium.remote.RemoteWebDriver.findElement(RemoteWebDriver.java:369)
	at org.openqa.selenium.remote.RemoteWebDriver.findElementByCssSelector(RemoteWebDriver.java:466)
	at org.openqa.selenium.By$ByCssSelector.findElement(By.java:430)
	at org.openqa.selenium.remote.RemoteWebDriver.findElement(RemoteWebDriver.java:361)
	at org.openqa.selenium.support.ui.ExpectedConditions.findElement(ExpectedConditions.java:895)
	at org.openqa.selenium.support.ui.ExpectedConditions.access$000(ExpectedConditions.java:41)
	at org.openqa.selenium.support.ui.ExpectedConditions$7.apply(ExpectedConditions.java:205)
	at org.openqa.selenium.support.ui.ExpectedConditions$7.apply(ExpectedConditions.java:201)
	at org.openqa.selenium.support.ui.ExpectedConditions$22.apply(ExpectedConditions.java:651)
	at org.openqa.selenium.support.ui.ExpectedConditions$22.apply(ExpectedConditions.java:644)
	at org.openqa.selenium.support.ui.FluentWait.until(FluentWait.java:238)
	... 27 more
Caused by: org.openqa.selenium.NoSuchElementException: Unable to locate element: {&quot;method&quot;:&quot;css selector&quot;,&quot;selector&quot;:&quot;a[title=\&quot;Classes\&quot;] &gt; span.menu-item-parent.ng-binding&quot;}
For documentation on this error, please visit: http://seleniumhq.org/exceptions/no_such_element.html
Build info: version: &apos;unknown&apos;, revision: &apos;3169782&apos;, time: &apos;2016-09-29 10:24:50 -0700&apos;
System info: host: &apos;GabbooAlien&apos;, ip: &apos;192.168.30.95&apos;, os.name: &apos;Windows 8.1&apos;, os.arch: &apos;amd64&apos;, os.version: &apos;6.3&apos;, java.version: &apos;1.8.0_111&apos;
Driver info: driver.version: unknown
	at &lt;anonymous class&gt;.FirefoxDriver.prototype.findElementInternal_(file:///C:/Users/Gabo/AppData/Local/Temp/anonymous8604641325014842828webdriver-profile/extensions/fxdriver@googlecode.com/components/driver-component.js:11187)
	at &lt;anonymous class&gt;.FirefoxDriver.prototype.findElement(file:///C:/Users/Gabo/AppData/Local/Temp/anonymous8604641325014842828webdriver-profile/extensions/fxdriver@googlecode.com/components/driver-component.js:11196)
	at &lt;anonymous class&gt;.DelayedCommand.prototype.executeInternal_/h(file:///C:/Users/Gabo/AppData/Local/Temp/anonymous8604641325014842828webdriver-profile/extensions/fxdriver@googlecode.com/components/command-processor.js:12698)
	at &lt;anonymous class&gt;.DelayedCommand.prototype.executeInternal_(file:///C:/Users/Gabo/AppData/Local/Temp/anonymous8604641325014842828webdriver-profile/extensions/fxdriver@googlecode.com/components/command-processor.js:12703)
	at &lt;anonymous class&gt;.DelayedCommand.prototype.execute/&lt;(file:///C:/Users/Gabo/AppData/Local/Temp/anonymous8604641325014842828webdriver-profile/extensions/fxdriver@googlecode.com/components/command-processor.js:12645)
</pre></div><a href='#' onClick='toggleBox("stack-trace871160466", this, "Click to show all stack frames", "Click to hide stack frames")'>Click to show all stack frames</a>
<div class='stack-trace' id='stack-trace871160466'><pre>org.openqa.selenium.TimeoutException: Expected condition failed: waiting for element to be clickable: By.cssSelector: a[title=&quot;Classes&quot;] &gt; span.menu-item-parent.ng-binding (tried for 10 second(s) with 500 MILLISECONDS interval)
Build info: version: &apos;unknown&apos;, revision: &apos;3169782&apos;, time: &apos;2016-09-29 10:24:50 -0700&apos;
System info: host: &apos;GabbooAlien&apos;, ip: &apos;192.168.30.95&apos;, os.name: &apos;Windows 8.1&apos;, os.arch: &apos;amd64&apos;, os.version: &apos;6.3&apos;, java.version: &apos;1.8.0_111&apos;
Driver info: org.openqa.selenium.firefox.FirefoxDriver
Capabilities [{applicationCacheEnabled=true, rotatable=false, handlesAlerts=true, databaseEnabled=true, version=46.0, platform=WINDOWS, nativeEvents=false, acceptSslCerts=true, webStorageEnabled=true, locationContextEnabled=true, browserName=firefox, takesScreenshot=true, javascriptEnabled=true, cssSelectorsEnabled=true}]
Session ID: 2faf8a9d-c146-4940-86db-95d0fff350ca
	at org.openqa.selenium.support.ui.WebDriverWait.timeoutException(WebDriverWait.java:80)
	at org.openqa.selenium.support.ui.FluentWait.until(FluentWait.java:265)
	at selenium.Util.Util.clickThis(Util.java:117)
	at geForceSelenium.gForce.POM.webClassPOM.click_class_tabLink(webClassPOM.java:62)
	at geForceSelenium.gForce.Script.webClassModule.createGForceClassTest(webClassModule.java:34)
	at sun.reflect.NativeMethodAccessorImpl.invoke0(Native Method)
	at sun.reflect.NativeMethodAccessorImpl.invoke(Unknown Source)
	at sun.reflect.DelegatingMethodAccessorImpl.invoke(Unknown Source)
	at java.lang.reflect.Method.invoke(Unknown Source)
	at org.testng.internal.MethodInvocationHelper.invokeMethod(MethodInvocationHelper.java:86)
	at org.testng.internal.Invoker.invokeMethod(Invoker.java:643)
	at org.testng.internal.Invoker.invokeTestMethod(Invoker.java:820)
	at org.testng.internal.Invoker.invokeTestMethods(Invoker.java:1128)
	at org.testng.internal.TestMethodWorker.invokeTestMethods(TestMethodWorker.java:129)
	at org.testng.internal.TestMethodWorker.run(TestMethodWorker.java:112)
	at org.testng.TestRunner.privateRun(TestRunner.java:782)
	at org.testng.TestRunner.run(TestRunner.java:632)
	at org.testng.SuiteRunner.runTest(SuiteRunner.java:366)
	at org.testng.SuiteRunner.runSequentially(SuiteRunner.java:361)
	at org.testng.SuiteRunner.privateRun(SuiteRunner.java:319)
	at org.testng.SuiteRunner.run(SuiteRunner.java:268)
	at org.testng.SuiteRunnerWorker.runSuite(SuiteRunnerWorker.java:52)
	at org.testng.SuiteRunnerWorker.run(SuiteRunnerWorker.java:86)
	at org.testng.TestNG.runSuitesSequentially(TestNG.java:1244)
	at org.testng.TestNG.runSuitesLocally(TestNG.java:1169)
	at org.testng.TestNG.run(TestNG.java:1064)
	at org.testng.remote.AbstractRemoteTestNG.run(AbstractRemoteTestNG.java:132)
	at org.testng.remote.RemoteTestNG.initAndRun(RemoteTestNG.java:236)
	at org.testng.remote.RemoteTestNG.main(RemoteTestNG.java:81)
Caused by: org.openqa.selenium.NoSuchElementException: Unable to locate element: {&quot;method&quot;:&quot;css selector&quot;,&quot;selector&quot;:&quot;a[title=\&quot;Classes\&quot;] &gt; span.menu-item-parent.ng-binding&quot;}
Command duration or timeout: 28 milliseconds
For documentation on this error, please visit: http://seleniumhq.org/exceptions/no_such_element.html
Build info: version: &apos;unknown&apos;, revision: &apos;3169782&apos;, time: &apos;2016-09-29 10:24:50 -0700&apos;
System info: host: &apos;GabbooAlien&apos;, ip: &apos;192.168.30.95&apos;, os.name: &apos;Windows 8.1&apos;, os.arch: &apos;amd64&apos;, os.version: &apos;6.3&apos;, java.version: &apos;1.8.0_111&apos;
Driver info: org.openqa.selenium.firefox.FirefoxDriver
Capabilities [{applicationCacheEnabled=true, rotatable=false, handlesAlerts=true, databaseEnabled=true, version=46.0, platform=WINDOWS, nativeEvents=false, acceptSslCerts=true, webStorageEnabled=true, locationContextEnabled=true, browserName=firefox, takesScreenshot=true, javascriptEnabled=true, cssSelectorsEnabled=true}]
Session ID: 2faf8a9d-c146-4940-86db-95d0fff350ca
*** Element info: {Using=css selector, value=a[title=&quot;Classes&quot;] &gt; span.menu-item-parent.ng-binding}
	at sun.reflect.GeneratedConstructorAccessor12.newInstance(Unknown Source)
	at sun.reflect.DelegatingConstructorAccessorImpl.newInstance(Unknown Source)
	at java.lang.reflect.Constructor.newInstance(Unknown Source)
	at org.openqa.selenium.remote.ErrorHandler.createThrowable(ErrorHandler.java:206)
	at org.openqa.selenium.remote.ErrorHandler.throwIfResponseFailed(ErrorHandler.java:158)
	at org.openqa.selenium.remote.RemoteWebDriver.execute(RemoteWebDriver.java:636)
	at org.openqa.selenium.remote.RemoteWebDriver.findElement(RemoteWebDriver.java:369)
	at org.openqa.selenium.remote.RemoteWebDriver.findElementByCssSelector(RemoteWebDriver.java:466)
	at org.openqa.selenium.By$ByCssSelector.findElement(By.java:430)
	at org.openqa.selenium.remote.RemoteWebDriver.findElement(RemoteWebDriver.java:361)
	at org.openqa.selenium.support.ui.ExpectedConditions.findElement(ExpectedConditions.java:895)
	at org.openqa.selenium.support.ui.ExpectedConditions.access$000(ExpectedConditions.java:41)
	at org.openqa.selenium.support.ui.ExpectedConditions$7.apply(ExpectedConditions.java:205)
	at org.openqa.selenium.support.ui.ExpectedConditions$7.apply(ExpectedConditions.java:201)
	at org.openqa.selenium.support.ui.ExpectedConditions$22.apply(ExpectedConditions.java:651)
	at org.openqa.selenium.support.ui.ExpectedConditions$22.apply(ExpectedConditions.java:644)
	at org.openqa.selenium.support.ui.FluentWait.until(FluentWait.java:238)
	... 27 more
Caused by: org.openqa.selenium.NoSuchElementException: Unable to locate element: {&quot;method&quot;:&quot;css selector&quot;,&quot;selector&quot;:&quot;a[title=\&quot;Classes\&quot;] &gt; span.menu-item-parent.ng-binding&quot;}
For documentation on this error, please visit: http://seleniumhq.org/exceptions/no_such_element.html
Build info: version: &apos;unknown&apos;, revision: &apos;3169782&apos;, time: &apos;2016-09-29 10:24:50 -0700&apos;
System info: host: &apos;GabbooAlien&apos;, ip: &apos;192.168.30.95&apos;, os.name: &apos;Windows 8.1&apos;, os.arch: &apos;amd64&apos;, os.version: &apos;6.3&apos;, java.version: &apos;1.8.0_111&apos;
Driver info: driver.version: unknown
	at &lt;anonymous class&gt;.FirefoxDriver.prototype.findElementInternal_(file:///C:/Users/Gabo/AppData/Local/Temp/anonymous8604641325014842828webdriver-profile/extensions/fxdriver@googlecode.com/components/driver-component.js:11187)
	at &lt;anonymous class&gt;.FirefoxDriver.prototype.findElement(file:///C:/Users/Gabo/AppData/Local/Temp/anonymous8604641325014842828webdriver-profile/extensions/fxdriver@googlecode.com/components/driver-component.js:11196)
	at &lt;anonymous class&gt;.DelayedCommand.prototype.executeInternal_/h(file:///C:/Users/Gabo/AppData/Local/Temp/anonymous8604641325014842828webdriver-profile/extensions/fxdriver@googlecode.com/components/command-processor.js:12698)
	at &lt;anonymous class&gt;.DelayedCommand.prototype.executeInternal_(file:///C:/Users/Gabo/AppData/Local/Temp/anonymous8604641325014842828webdriver-profile/extensions/fxdriver@googlecode.com/components/command-processor.js:12703)
	at &lt;anonymous class&gt;.DelayedCommand.prototype.execute/&lt;(file:///C:/Users/Gabo/AppData/Local/Temp/anonymous8604641325014842828webdriver-profile/extensions/fxdriver@googlecode.com/components/command-processor.js:12645)
</pre></div></td>
<td>10</td>
<td>geForceSelenium.gForce.Script.webClassModule@598067a5</td></tr>
<tr>
<td title='geForceSelenium.gForce.Script.webClassModule.createGForceRegionalClassTest()'><b>createGForceRegionalClassTest</b><br>Test class: geForceSelenium.gForce.Script.webClassModule<br/>
<a href="#Output-370475881" onClick='toggleBox("Output-370475881", this, "Show output", "Hide output");'>Show output</a>

<a href="#Output-370475881" onClick="toggleAllBoxes();">Show all outputs</a>
<div class='log' id="Output-370475881">
<p>  Finished waiting  </p><br/>
<br> <img src=Test-Screenshot\2017-03-17_11-15-08\FAILED-createGForceRegionalClassTest.png  width='600' height='400'/> </br><br/>
<p>  Performing Screenshot  </p><br/>
</div>
</td>
<td><div><pre>org.openqa.selenium.TimeoutException: Expected condition failed: waiting for element to be clickable: By.cssSelector: a[title=&quot;Classes&quot;] &gt; span.menu-item-parent.ng-binding (tried for 10 second(s) with 500 MILLISECONDS interval)
Build info: version: &apos;unknown&apos;, revision: &apos;3169782&apos;, time: &apos;2016-09-29 10:24:50 -0700&apos;
System info: host: &apos;GabbooAlien&apos;, ip: &apos;192.168.30.95&apos;, os.name: &apos;Windows 8.1&apos;, os.arch: &apos;amd64&apos;, os.version: &apos;6.3&apos;, java.version: &apos;1.8.0_111&apos;
Driver info: org.openqa.selenium.firefox.FirefoxDriver
Capabilities [{applicationCacheEnabled=true, rotatable=false, handlesAlerts=true, databaseEnabled=true, version=46.0, platform=WINDOWS, nativeEvents=false, acceptSslCerts=true, webStorageEnabled=true, locationContextEnabled=true, browserName=firefox, takesScreenshot=true, javascriptEnabled=true, cssSelectorsEnabled=true}]
Session ID: 2faf8a9d-c146-4940-86db-95d0fff350ca
	at org.openqa.selenium.support.ui.WebDriverWait.timeoutException(WebDriverWait.java:80)
	at org.openqa.selenium.support.ui.FluentWait.until(FluentWait.java:265)
	at selenium.Util.Util.clickThis(Util.java:117)
	at geForceSelenium.gForce.POM.webClassPOM.click_class_tabLink(webClassPOM.java:62)
	at geForceSelenium.gForce.Script.webClassModule.createGForceRegionalClassTest(webClassModule.java:56)
	at sun.reflect.NativeMethodAccessorImpl.invoke0(Native Method)
	at sun.reflect.NativeMethodAccessorImpl.invoke(Unknown Source)
	at sun.reflect.DelegatingMethodAccessorImpl.invoke(Unknown Source)
	at java.lang.reflect.Method.invoke(Unknown Source)
	at org.testng.internal.MethodInvocationHelper.invokeMethod(MethodInvocationHelper.java:86)
	at org.testng.internal.Invoker.invokeMethod(Invoker.java:643)
	at org.testng.internal.Invoker.invokeTestMethod(Invoker.java:820)
	at org.testng.internal.Invoker.invokeTestMethods(Invoker.java:1128)
	at org.testng.internal.TestMethodWorker.invokeTestMethods(TestMethodWorker.java:129)
	at org.testng.internal.TestMethodWorker.run(TestMethodWorker.java:112)
	at org.testng.TestRunner.privateRun(TestRunner.java:782)
	at org.testng.TestRunner.run(TestRunner.java:632)
	at org.testng.SuiteRunner.runTest(SuiteRunner.java:366)
	at org.testng.SuiteRunner.runSequentially(SuiteRunner.java:361)
	at org.testng.SuiteRunner.privateRun(SuiteRunner.java:319)
	at org.testng.SuiteRunner.run(SuiteRunner.java:268)
	at org.testng.SuiteRunnerWorker.runSuite(SuiteRunnerWorker.java:52)
	at org.testng.SuiteRunnerWorker.run(SuiteRunnerWorker.java:86)
	at org.testng.TestNG.runSuitesSequentially(TestNG.java:1244)
	at org.testng.TestNG.runSuitesLocally(TestNG.java:1169)
	at org.testng.TestNG.run(TestNG.java:1064)
	at org.testng.remote.AbstractRemoteTestNG.run(AbstractRemoteTestNG.java:132)
	at org.testng.remote.RemoteTestNG.initAndRun(RemoteTestNG.java:236)
	at org.testng.remote.RemoteTestNG.main(RemoteTestNG.java:81)
Caused by: org.openqa.selenium.NoSuchElementException: Unable to locate element: {&quot;method&quot;:&quot;css selector&quot;,&quot;selector&quot;:&quot;a[title=\&quot;Classes\&quot;] &gt; span.menu-item-parent.ng-binding&quot;}
Command duration or timeout: 19 milliseconds
For documentation on this error, please visit: http://seleniumhq.org/exceptions/no_such_element.html
Build info: version: &apos;unknown&apos;, revision: &apos;3169782&apos;, time: &apos;2016-09-29 10:24:50 -0700&apos;
System info: host: &apos;GabbooAlien&apos;, ip: &apos;192.168.30.95&apos;, os.name: &apos;Windows 8.1&apos;, os.arch: &apos;amd64&apos;, os.version: &apos;6.3&apos;, java.version: &apos;1.8.0_111&apos;
Driver info: org.openqa.selenium.firefox.FirefoxDriver
Capabilities [{applicationCacheEnabled=true, rotatable=false, handlesAlerts=true, databaseEnabled=true, version=46.0, platform=WINDOWS, nativeEvents=false, acceptSslCerts=true, webStorageEnabled=true, locationContextEnabled=true, browserName=firefox, takesScreenshot=true, javascriptEnabled=true, cssSelectorsEnabled=true}]
Session ID: 2faf8a9d-c146-4940-86db-95d0fff350ca
*** Element info: {Using=css selector, value=a[title=&quot;Classes&quot;] &gt; span.menu-item-parent.ng-binding}
	at sun.reflect.GeneratedConstructorAccessor12.newInstance(Unknown Source)
	at sun.reflect.DelegatingConstructorAccessorImpl.newInstance(Unknown Source)
	at java.lang.reflect.Constructor.newInstance(Unknown Source)
	at org.openqa.selenium.remote.ErrorHandler.createThrowable(ErrorHandler.java:206)
	at org.openqa.selenium.remote.ErrorHandler.throwIfResponseFailed(ErrorHandler.java:158)
	at org.openqa.selenium.remote.RemoteWebDriver.execute(RemoteWebDriver.java:636)
	at org.openqa.selenium.remote.RemoteWebDriver.findElement(RemoteWebDriver.java:369)
	at org.openqa.selenium.remote.RemoteWebDriver.findElementByCssSelector(RemoteWebDriver.java:466)
	at org.openqa.selenium.By$ByCssSelector.findElement(By.java:430)
	at org.openqa.selenium.remote.RemoteWebDriver.findElement(RemoteWebDriver.java:361)
	at org.openqa.selenium.support.ui.ExpectedConditions.findElement(ExpectedConditions.java:895)
	at org.openqa.selenium.support.ui.ExpectedConditions.access$000(ExpectedConditions.java:41)
	at org.openqa.selenium.support.ui.ExpectedConditions$7.apply(ExpectedConditions.java:205)
	at org.openqa.selenium.support.ui.ExpectedConditions$7.apply(ExpectedConditions.java:201)
	at org.openqa.selenium.support.ui.ExpectedConditions$22.apply(ExpectedConditions.java:651)
	at org.openqa.selenium.support.ui.ExpectedConditions$22.apply(ExpectedConditions.java:644)
	at org.openqa.selenium.support.ui.FluentWait.until(FluentWait.java:238)
	... 27 more
Caused by: org.openqa.selenium.NoSuchElementException: Unable to locate element: {&quot;method&quot;:&quot;css selector&quot;,&quot;selector&quot;:&quot;a[title=\&quot;Classes\&quot;] &gt; span.menu-item-parent.ng-binding&quot;}
For documentation on this error, please visit: http://seleniumhq.org/exceptions/no_such_element.html
Build info: version: &apos;unknown&apos;, revision: &apos;3169782&apos;, time: &apos;2016-09-29 10:24:50 -0700&apos;
System info: host: &apos;GabbooAlien&apos;, ip: &apos;192.168.30.95&apos;, os.name: &apos;Windows 8.1&apos;, os.arch: &apos;amd64&apos;, os.version: &apos;6.3&apos;, java.version: &apos;1.8.0_111&apos;
Driver info: driver.version: unknown
	at &lt;anonymous class&gt;.FirefoxDriver.prototype.findElementInternal_(file:///C:/Users/Gabo/AppData/Local/Temp/anonymous8604641325014842828webdriver-profile/extensions/fxdriver@googlecode.com/components/driver-component.js:11187)
	at &lt;anonymous class&gt;.FirefoxDriver.prototype.findElement(file:///C:/Users/Gabo/AppData/Local/Temp/anonymous8604641325014842828webdriver-profile/extensions/fxdriver@googlecode.com/components/driver-component.js:11196)
	at &lt;anonymous class&gt;.DelayedCommand.prototype.executeInternal_/h(file:///C:/Users/Gabo/AppData/Local/Temp/anonymous8604641325014842828webdriver-profile/extensions/fxdriver@googlecode.com/components/command-processor.js:12698)
	at &lt;anonymous class&gt;.DelayedCommand.prototype.executeInternal_(file:///C:/Users/Gabo/AppData/Local/Temp/anonymous8604641325014842828webdriver-profile/extensions/fxdriver@googlecode.com/components/command-processor.js:12703)
	at &lt;anonymous class&gt;.DelayedCommand.prototype.execute/&lt;(file:///C:/Users/Gabo/AppData/Local/Temp/anonymous8604641325014842828webdriver-profile/extensions/fxdriver@googlecode.com/components/command-processor.js:12645)
</pre></div><a href='#' onClick='toggleBox("stack-trace370475881", this, "Click to show all stack frames", "Click to hide stack frames")'>Click to show all stack frames</a>
<div class='stack-trace' id='stack-trace370475881'><pre>org.openqa.selenium.TimeoutException: Expected condition failed: waiting for element to be clickable: By.cssSelector: a[title=&quot;Classes&quot;] &gt; span.menu-item-parent.ng-binding (tried for 10 second(s) with 500 MILLISECONDS interval)
Build info: version: &apos;unknown&apos;, revision: &apos;3169782&apos;, time: &apos;2016-09-29 10:24:50 -0700&apos;
System info: host: &apos;GabbooAlien&apos;, ip: &apos;192.168.30.95&apos;, os.name: &apos;Windows 8.1&apos;, os.arch: &apos;amd64&apos;, os.version: &apos;6.3&apos;, java.version: &apos;1.8.0_111&apos;
Driver info: org.openqa.selenium.firefox.FirefoxDriver
Capabilities [{applicationCacheEnabled=true, rotatable=false, handlesAlerts=true, databaseEnabled=true, version=46.0, platform=WINDOWS, nativeEvents=false, acceptSslCerts=true, webStorageEnabled=true, locationContextEnabled=true, browserName=firefox, takesScreenshot=true, javascriptEnabled=true, cssSelectorsEnabled=true}]
Session ID: 2faf8a9d-c146-4940-86db-95d0fff350ca
	at org.openqa.selenium.support.ui.WebDriverWait.timeoutException(WebDriverWait.java:80)
	at org.openqa.selenium.support.ui.FluentWait.until(FluentWait.java:265)
	at selenium.Util.Util.clickThis(Util.java:117)
	at geForceSelenium.gForce.POM.webClassPOM.click_class_tabLink(webClassPOM.java:62)
	at geForceSelenium.gForce.Script.webClassModule.createGForceRegionalClassTest(webClassModule.java:56)
	at sun.reflect.NativeMethodAccessorImpl.invoke0(Native Method)
	at sun.reflect.NativeMethodAccessorImpl.invoke(Unknown Source)
	at sun.reflect.DelegatingMethodAccessorImpl.invoke(Unknown Source)
	at java.lang.reflect.Method.invoke(Unknown Source)
	at org.testng.internal.MethodInvocationHelper.invokeMethod(MethodInvocationHelper.java:86)
	at org.testng.internal.Invoker.invokeMethod(Invoker.java:643)
	at org.testng.internal.Invoker.invokeTestMethod(Invoker.java:820)
	at org.testng.internal.Invoker.invokeTestMethods(Invoker.java:1128)
	at org.testng.internal.TestMethodWorker.invokeTestMethods(TestMethodWorker.java:129)
	at org.testng.internal.TestMethodWorker.run(TestMethodWorker.java:112)
	at org.testng.TestRunner.privateRun(TestRunner.java:782)
	at org.testng.TestRunner.run(TestRunner.java:632)
	at org.testng.SuiteRunner.runTest(SuiteRunner.java:366)
	at org.testng.SuiteRunner.runSequentially(SuiteRunner.java:361)
	at org.testng.SuiteRunner.privateRun(SuiteRunner.java:319)
	at org.testng.SuiteRunner.run(SuiteRunner.java:268)
	at org.testng.SuiteRunnerWorker.runSuite(SuiteRunnerWorker.java:52)
	at org.testng.SuiteRunnerWorker.run(SuiteRunnerWorker.java:86)
	at org.testng.TestNG.runSuitesSequentially(TestNG.java:1244)
	at org.testng.TestNG.runSuitesLocally(TestNG.java:1169)
	at org.testng.TestNG.run(TestNG.java:1064)
	at org.testng.remote.AbstractRemoteTestNG.run(AbstractRemoteTestNG.java:132)
	at org.testng.remote.RemoteTestNG.initAndRun(RemoteTestNG.java:236)
	at org.testng.remote.RemoteTestNG.main(RemoteTestNG.java:81)
Caused by: org.openqa.selenium.NoSuchElementException: Unable to locate element: {&quot;method&quot;:&quot;css selector&quot;,&quot;selector&quot;:&quot;a[title=\&quot;Classes\&quot;] &gt; span.menu-item-parent.ng-binding&quot;}
Command duration or timeout: 19 milliseconds
For documentation on this error, please visit: http://seleniumhq.org/exceptions/no_such_element.html
Build info: version: &apos;unknown&apos;, revision: &apos;3169782&apos;, time: &apos;2016-09-29 10:24:50 -0700&apos;
System info: host: &apos;GabbooAlien&apos;, ip: &apos;192.168.30.95&apos;, os.name: &apos;Windows 8.1&apos;, os.arch: &apos;amd64&apos;, os.version: &apos;6.3&apos;, java.version: &apos;1.8.0_111&apos;
Driver info: org.openqa.selenium.firefox.FirefoxDriver
Capabilities [{applicationCacheEnabled=true, rotatable=false, handlesAlerts=true, databaseEnabled=true, version=46.0, platform=WINDOWS, nativeEvents=false, acceptSslCerts=true, webStorageEnabled=true, locationContextEnabled=true, browserName=firefox, takesScreenshot=true, javascriptEnabled=true, cssSelectorsEnabled=true}]
Session ID: 2faf8a9d-c146-4940-86db-95d0fff350ca
*** Element info: {Using=css selector, value=a[title=&quot;Classes&quot;] &gt; span.menu-item-parent.ng-binding}
	at sun.reflect.GeneratedConstructorAccessor12.newInstance(Unknown Source)
	at sun.reflect.DelegatingConstructorAccessorImpl.newInstance(Unknown Source)
	at java.lang.reflect.Constructor.newInstance(Unknown Source)
	at org.openqa.selenium.remote.ErrorHandler.createThrowable(ErrorHandler.java:206)
	at org.openqa.selenium.remote.ErrorHandler.throwIfResponseFailed(ErrorHandler.java:158)
	at org.openqa.selenium.remote.RemoteWebDriver.execute(RemoteWebDriver.java:636)
	at org.openqa.selenium.remote.RemoteWebDriver.findElement(RemoteWebDriver.java:369)
	at org.openqa.selenium.remote.RemoteWebDriver.findElementByCssSelector(RemoteWebDriver.java:466)
	at org.openqa.selenium.By$ByCssSelector.findElement(By.java:430)
	at org.openqa.selenium.remote.RemoteWebDriver.findElement(RemoteWebDriver.java:361)
	at org.openqa.selenium.support.ui.ExpectedConditions.findElement(ExpectedConditions.java:895)
	at org.openqa.selenium.support.ui.ExpectedConditions.access$000(ExpectedConditions.java:41)
	at org.openqa.selenium.support.ui.ExpectedConditions$7.apply(ExpectedConditions.java:205)
	at org.openqa.selenium.support.ui.ExpectedConditions$7.apply(ExpectedConditions.java:201)
	at org.openqa.selenium.support.ui.ExpectedConditions$22.apply(ExpectedConditions.java:651)
	at org.openqa.selenium.support.ui.ExpectedConditions$22.apply(ExpectedConditions.java:644)
	at org.openqa.selenium.support.ui.FluentWait.until(FluentWait.java:238)
	... 27 more
Caused by: org.openqa.selenium.NoSuchElementException: Unable to locate element: {&quot;method&quot;:&quot;css selector&quot;,&quot;selector&quot;:&quot;a[title=\&quot;Classes\&quot;] &gt; span.menu-item-parent.ng-binding&quot;}
For documentation on this error, please visit: http://seleniumhq.org/exceptions/no_such_element.html
Build info: version: &apos;unknown&apos;, revision: &apos;3169782&apos;, time: &apos;2016-09-29 10:24:50 -0700&apos;
System info: host: &apos;GabbooAlien&apos;, ip: &apos;192.168.30.95&apos;, os.name: &apos;Windows 8.1&apos;, os.arch: &apos;amd64&apos;, os.version: &apos;6.3&apos;, java.version: &apos;1.8.0_111&apos;
Driver info: driver.version: unknown
	at &lt;anonymous class&gt;.FirefoxDriver.prototype.findElementInternal_(file:///C:/Users/Gabo/AppData/Local/Temp/anonymous8604641325014842828webdriver-profile/extensions/fxdriver@googlecode.com/components/driver-component.js:11187)
	at &lt;anonymous class&gt;.FirefoxDriver.prototype.findElement(file:///C:/Users/Gabo/AppData/Local/Temp/anonymous8604641325014842828webdriver-profile/extensions/fxdriver@googlecode.com/components/driver-component.js:11196)
	at &lt;anonymous class&gt;.DelayedCommand.prototype.executeInternal_/h(file:///C:/Users/Gabo/AppData/Local/Temp/anonymous8604641325014842828webdriver-profile/extensions/fxdriver@googlecode.com/components/command-processor.js:12698)
	at &lt;anonymous class&gt;.DelayedCommand.prototype.executeInternal_(file:///C:/Users/Gabo/AppData/Local/Temp/anonymous8604641325014842828webdriver-profile/extensions/fxdriver@googlecode.com/components/command-processor.js:12703)
	at &lt;anonymous class&gt;.DelayedCommand.prototype.execute/&lt;(file:///C:/Users/Gabo/AppData/Local/Temp/anonymous8604641325014842828webdriver-profile/extensions/fxdriver@googlecode.com/components/command-processor.js:12645)
</pre></div></td>
<td>10</td>
<td>geForceSelenium.gForce.Script.webClassModule@598067a5</td></tr>
<tr>
<td title='geForceSelenium.gForce.Script.webClassModule.searchClassTest()'><b>searchClassTest</b><br>Test class: geForceSelenium.gForce.Script.webClassModule<br/>
<a href="#Output-643290333" onClick='toggleBox("Output-643290333", this, "Show output", "Hide output");'>Show output</a>

<a href="#Output-643290333" onClick="toggleAllBoxes();">Show all outputs</a>
<div class='log' id="Output-643290333">
<p>  Finished waiting  </p><br/>
<br> <img src=Test-Screenshot\2017-03-17_11-15-08\FAILED-searchClassTest.png  width='600' height='400'/> </br><br/>
</div>
</td>
<td><div><pre>org.openqa.selenium.remote.UnreachableBrowserException: Error communicating with the remote browser. It may have died.
Build info: version: &apos;unknown&apos;, revision: &apos;3169782&apos;, time: &apos;2016-09-29 10:24:50 -0700&apos;
System info: host: &apos;GabbooAlien&apos;, ip: &apos;192.168.30.95&apos;, os.name: &apos;Windows 8.1&apos;, os.arch: &apos;amd64&apos;, os.version: &apos;6.3&apos;, java.version: &apos;1.8.0_111&apos;
Driver info: driver.version: RemoteWebDriver
Capabilities [{applicationCacheEnabled=true, rotatable=false, handlesAlerts=true, databaseEnabled=true, version=46.0, platform=WINDOWS, nativeEvents=false, acceptSslCerts=true, webStorageEnabled=true, locationContextEnabled=true, browserName=firefox, takesScreenshot=true, javascriptEnabled=true, cssSelectorsEnabled=true}]
Session ID: 2faf8a9d-c146-4940-86db-95d0fff350ca
	at org.openqa.selenium.remote.RemoteWebDriver.execute(RemoteWebDriver.java:623)
	at org.openqa.selenium.remote.RemoteWebDriver.findElement(RemoteWebDriver.java:369)
	at org.openqa.selenium.remote.RemoteWebDriver.findElementByCssSelector(RemoteWebDriver.java:466)
	at org.openqa.selenium.By$ByCssSelector.findElement(By.java:430)
	at org.openqa.selenium.remote.RemoteWebDriver.findElement(RemoteWebDriver.java:361)
	at org.openqa.selenium.support.ui.ExpectedConditions.findElement(ExpectedConditions.java:895)
	at org.openqa.selenium.support.ui.ExpectedConditions.access$000(ExpectedConditions.java:41)
	at org.openqa.selenium.support.ui.ExpectedConditions$7.apply(ExpectedConditions.java:205)
	at org.openqa.selenium.support.ui.ExpectedConditions$7.apply(ExpectedConditions.java:201)
	at org.openqa.selenium.support.ui.ExpectedConditions$22.apply(ExpectedConditions.java:651)
	at org.openqa.selenium.support.ui.ExpectedConditions$22.apply(ExpectedConditions.java:644)
	at org.openqa.selenium.support.ui.FluentWait.until(FluentWait.java:238)
	at selenium.Util.Util.clickThis(Util.java:117)
	at geForceSelenium.gForce.POM.webClassPOM.click_class_tabLink(webClassPOM.java:62)
	at geForceSelenium.gForce.Script.webClassModule.searchClassTest(webClassModule.java:81)
	at sun.reflect.NativeMethodAccessorImpl.invoke0(Native Method)
	at sun.reflect.NativeMethodAccessorImpl.invoke(Unknown Source)
	at sun.reflect.DelegatingMethodAccessorImpl.invoke(Unknown Source)
	at java.lang.reflect.Method.invoke(Unknown Source)
	at org.testng.internal.MethodInvocationHelper.invokeMethod(MethodInvocationHelper.java:86)
	at org.testng.internal.Invoker.invokeMethod(Invoker.java:643)
	at org.testng.internal.Invoker.invokeTestMethod(Invoker.java:820)
	at org.testng.internal.Invoker.invokeTestMethods(Invoker.java:1128)
	at org.testng.internal.TestMethodWorker.invokeTestMethods(TestMethodWorker.java:129)
	at org.testng.internal.TestMethodWorker.run(TestMethodWorker.java:112)
	at org.testng.TestRunner.privateRun(TestRunner.java:782)
	at org.testng.TestRunner.run(TestRunner.java:632)
	at org.testng.SuiteRunner.runTest(SuiteRunner.java:366)
	at org.testng.SuiteRunner.runSequentially(SuiteRunner.java:361)
	at org.testng.SuiteRunner.privateRun(SuiteRunner.java:319)
	at org.testng.SuiteRunner.run(SuiteRunner.java:268)
	at org.testng.SuiteRunnerWorker.runSuite(SuiteRunnerWorker.java:52)
	at org.testng.SuiteRunnerWorker.run(SuiteRunnerWorker.java:86)
	at org.testng.TestNG.runSuitesSequentially(TestNG.java:1244)
	at org.testng.TestNG.runSuitesLocally(TestNG.java:1169)
	at org.testng.TestNG.run(TestNG.java:1064)
	at org.testng.remote.AbstractRemoteTestNG.run(AbstractRemoteTestNG.java:132)
	at org.testng.remote.RemoteTestNG.initAndRun(RemoteTestNG.java:236)
	at org.testng.remote.RemoteTestNG.main(RemoteTestNG.java:81)
Caused by: org.apache.http.conn.HttpHostConnectException: Connect to 127.0.0.1:7058 [/127.0.0.1] failed: Connection refused: connect
	at org.apache.http.impl.conn.DefaultHttpClientConnectionOperator.connect(DefaultHttpClientConnectionOperator.java:158)
	at org.apache.http.impl.conn.PoolingHttpClientConnectionManager.connect(PoolingHttpClientConnectionManager.java:353)
	at org.apache.http.impl.execchain.MainClientExec.establishRoute(MainClientExec.java:380)
	at org.apache.http.impl.execchain.MainClientExec.execute(MainClientExec.java:236)
	at org.apache.http.impl.execchain.ProtocolExec.execute(ProtocolExec.java:184)
	at org.apache.http.impl.execchain.RetryExec.execute(RetryExec.java:88)
	at org.apache.http.impl.execchain.RedirectExec.execute(RedirectExec.java:110)
	at org.apache.http.impl.client.InternalHttpClient.doExecute(InternalHttpClient.java:184)
	at org.apache.http.impl.client.CloseableHttpClient.execute(CloseableHttpClient.java:71)
	at org.apache.http.impl.client.CloseableHttpClient.execute(CloseableHttpClient.java:55)
	at org.openqa.selenium.remote.internal.ApacheHttpClient.fallBackExecute(ApacheHttpClient.java:142)
	at org.openqa.selenium.remote.internal.ApacheHttpClient.execute(ApacheHttpClient.java:88)
	at org.openqa.selenium.remote.HttpCommandExecutor.execute(HttpCommandExecutor.java:160)
	at org.openqa.selenium.firefox.internal.NewProfileExtensionConnection.execute(NewProfileExtensionConnection.java:160)
	at org.openqa.selenium.firefox.FirefoxDriver$LazyCommandExecutor.execute(FirefoxDriver.java:455)
	at org.openqa.selenium.remote.RemoteWebDriver.execute(RemoteWebDriver.java:602)
	... 38 more
Caused by: java.net.ConnectException: Connection refused: connect
	at java.net.DualStackPlainSocketImpl.waitForConnect(Native Method)
	at java.net.DualStackPlainSocketImpl.socketConnect(Unknown Source)
	at java.net.AbstractPlainSocketImpl.doConnect(Unknown Source)
	at java.net.AbstractPlainSocketImpl.connectToAddress(Unknown Source)
	at java.net.AbstractPlainSocketImpl.connect(Unknown Source)
	at java.net.PlainSocketImpl.connect(Unknown Source)
	at java.net.SocksSocketImpl.connect(Unknown Source)
	at java.net.Socket.connect(Unknown Source)
	at org.apache.http.conn.socket.PlainConnectionSocketFactory.connectSocket(PlainConnectionSocketFactory.java:74)
	at org.apache.http.impl.conn.DefaultHttpClientConnectionOperator.connect(DefaultHttpClientConnectionOperator.java:141)
	... 53 more
</pre></div><a href='#' onClick='toggleBox("stack-trace643290333", this, "Click to show all stack frames", "Click to hide stack frames")'>Click to show all stack frames</a>
<div class='stack-trace' id='stack-trace643290333'><pre>org.openqa.selenium.remote.UnreachableBrowserException: Error communicating with the remote browser. It may have died.
Build info: version: &apos;unknown&apos;, revision: &apos;3169782&apos;, time: &apos;2016-09-29 10:24:50 -0700&apos;
System info: host: &apos;GabbooAlien&apos;, ip: &apos;192.168.30.95&apos;, os.name: &apos;Windows 8.1&apos;, os.arch: &apos;amd64&apos;, os.version: &apos;6.3&apos;, java.version: &apos;1.8.0_111&apos;
Driver info: driver.version: RemoteWebDriver
Capabilities [{applicationCacheEnabled=true, rotatable=false, handlesAlerts=true, databaseEnabled=true, version=46.0, platform=WINDOWS, nativeEvents=false, acceptSslCerts=true, webStorageEnabled=true, locationContextEnabled=true, browserName=firefox, takesScreenshot=true, javascriptEnabled=true, cssSelectorsEnabled=true}]
Session ID: 2faf8a9d-c146-4940-86db-95d0fff350ca
	at org.openqa.selenium.remote.RemoteWebDriver.execute(RemoteWebDriver.java:623)
	at org.openqa.selenium.remote.RemoteWebDriver.findElement(RemoteWebDriver.java:369)
	at org.openqa.selenium.remote.RemoteWebDriver.findElementByCssSelector(RemoteWebDriver.java:466)
	at org.openqa.selenium.By$ByCssSelector.findElement(By.java:430)
	at org.openqa.selenium.remote.RemoteWebDriver.findElement(RemoteWebDriver.java:361)
	at org.openqa.selenium.support.ui.ExpectedConditions.findElement(ExpectedConditions.java:895)
	at org.openqa.selenium.support.ui.ExpectedConditions.access$000(ExpectedConditions.java:41)
	at org.openqa.selenium.support.ui.ExpectedConditions$7.apply(ExpectedConditions.java:205)
	at org.openqa.selenium.support.ui.ExpectedConditions$7.apply(ExpectedConditions.java:201)
	at org.openqa.selenium.support.ui.ExpectedConditions$22.apply(ExpectedConditions.java:651)
	at org.openqa.selenium.support.ui.ExpectedConditions$22.apply(ExpectedConditions.java:644)
	at org.openqa.selenium.support.ui.FluentWait.until(FluentWait.java:238)
	at selenium.Util.Util.clickThis(Util.java:117)
	at geForceSelenium.gForce.POM.webClassPOM.click_class_tabLink(webClassPOM.java:62)
	at geForceSelenium.gForce.Script.webClassModule.searchClassTest(webClassModule.java:81)
	at sun.reflect.NativeMethodAccessorImpl.invoke0(Native Method)
	at sun.reflect.NativeMethodAccessorImpl.invoke(Unknown Source)
	at sun.reflect.DelegatingMethodAccessorImpl.invoke(Unknown Source)
	at java.lang.reflect.Method.invoke(Unknown Source)
	at org.testng.internal.MethodInvocationHelper.invokeMethod(MethodInvocationHelper.java:86)
	at org.testng.internal.Invoker.invokeMethod(Invoker.java:643)
	at org.testng.internal.Invoker.invokeTestMethod(Invoker.java:820)
	at org.testng.internal.Invoker.invokeTestMethods(Invoker.java:1128)
	at org.testng.internal.TestMethodWorker.invokeTestMethods(TestMethodWorker.java:129)
	at org.testng.internal.TestMethodWorker.run(TestMethodWorker.java:112)
	at org.testng.TestRunner.privateRun(TestRunner.java:782)
	at org.testng.TestRunner.run(TestRunner.java:632)
	at org.testng.SuiteRunner.runTest(SuiteRunner.java:366)
	at org.testng.SuiteRunner.runSequentially(SuiteRunner.java:361)
	at org.testng.SuiteRunner.privateRun(SuiteRunner.java:319)
	at org.testng.SuiteRunner.run(SuiteRunner.java:268)
	at org.testng.SuiteRunnerWorker.runSuite(SuiteRunnerWorker.java:52)
	at org.testng.SuiteRunnerWorker.run(SuiteRunnerWorker.java:86)
	at org.testng.TestNG.runSuitesSequentially(TestNG.java:1244)
	at org.testng.TestNG.runSuitesLocally(TestNG.java:1169)
	at org.testng.TestNG.run(TestNG.java:1064)
	at org.testng.remote.AbstractRemoteTestNG.run(AbstractRemoteTestNG.java:132)
	at org.testng.remote.RemoteTestNG.initAndRun(RemoteTestNG.java:236)
	at org.testng.remote.RemoteTestNG.main(RemoteTestNG.java:81)
Caused by: org.apache.http.conn.HttpHostConnectException: Connect to 127.0.0.1:7058 [/127.0.0.1] failed: Connection refused: connect
	at org.apache.http.impl.conn.DefaultHttpClientConnectionOperator.connect(DefaultHttpClientConnectionOperator.java:158)
	at org.apache.http.impl.conn.PoolingHttpClientConnectionManager.connect(PoolingHttpClientConnectionManager.java:353)
	at org.apache.http.impl.execchain.MainClientExec.establishRoute(MainClientExec.java:380)
	at org.apache.http.impl.execchain.MainClientExec.execute(MainClientExec.java:236)
	at org.apache.http.impl.execchain.ProtocolExec.execute(ProtocolExec.java:184)
	at org.apache.http.impl.execchain.RetryExec.execute(RetryExec.java:88)
	at org.apache.http.impl.execchain.RedirectExec.execute(RedirectExec.java:110)
	at org.apache.http.impl.client.InternalHttpClient.doExecute(InternalHttpClient.java:184)
	at org.apache.http.impl.client.CloseableHttpClient.execute(CloseableHttpClient.java:71)
	at org.apache.http.impl.client.CloseableHttpClient.execute(CloseableHttpClient.java:55)
	at org.openqa.selenium.remote.internal.ApacheHttpClient.fallBackExecute(ApacheHttpClient.java:142)
	at org.openqa.selenium.remote.internal.ApacheHttpClient.execute(ApacheHttpClient.java:88)
	at org.openqa.selenium.remote.HttpCommandExecutor.execute(HttpCommandExecutor.java:160)
	at org.openqa.selenium.firefox.internal.NewProfileExtensionConnection.execute(NewProfileExtensionConnection.java:160)
	at org.openqa.selenium.firefox.FirefoxDriver$LazyCommandExecutor.execute(FirefoxDriver.java:455)
	at org.openqa.selenium.remote.RemoteWebDriver.execute(RemoteWebDriver.java:602)
	... 38 more
Caused by: java.net.ConnectException: Connection refused: connect
	at java.net.DualStackPlainSocketImpl.waitForConnect(Native Method)
	at java.net.DualStackPlainSocketImpl.socketConnect(Unknown Source)
	at java.net.AbstractPlainSocketImpl.doConnect(Unknown Source)
	at java.net.AbstractPlainSocketImpl.connectToAddress(Unknown Source)
	at java.net.AbstractPlainSocketImpl.connect(Unknown Source)
	at java.net.PlainSocketImpl.connect(Unknown Source)
	at java.net.SocksSocketImpl.connect(Unknown Source)
	at java.net.Socket.connect(Unknown Source)
	at org.apache.http.conn.socket.PlainConnectionSocketFactory.connectSocket(PlainConnectionSocketFactory.java:74)
	at org.apache.http.impl.conn.DefaultHttpClientConnectionOperator.connect(DefaultHttpClientConnectionOperator.java:141)
	... 53 more
</pre></div></td>
<td>2</td>
<td>geForceSelenium.gForce.Script.webClassModule@598067a5</td></tr>
<tr>
<td title='geForceSelenium.gForce.Script.webClassModule.unifiedRunTest()'><b>unifiedRunTest</b><br>Test class: geForceSelenium.gForce.Script.webClassModule<br/>
<a href="#Output-1896305732" onClick='toggleBox("Output-1896305732", this, "Show output", "Hide output");'>Show output</a>

<a href="#Output-1896305732" onClick="toggleAllBoxes();">Show all outputs</a>
<div class='log' id="Output-1896305732">
<p>  Finished waiting  </p><br/>
<br> <img src=Test-Screenshot\2017-03-17_11-15-08\FAILED-unifiedRunTest.png  width='600' height='400'/> </br><br/>
<p>  Performing Screenshot  </p><br/>
</div>
</td>
<td><div><pre>org.openqa.selenium.TimeoutException: Expected condition failed: waiting for element to be clickable: By.cssSelector: a[title=&quot;Classes&quot;] &gt; span.menu-item-parent.ng-binding (tried for 10 second(s) with 500 MILLISECONDS interval)
Build info: version: &apos;unknown&apos;, revision: &apos;3169782&apos;, time: &apos;2016-09-29 10:24:50 -0700&apos;
System info: host: &apos;GabbooAlien&apos;, ip: &apos;192.168.30.95&apos;, os.name: &apos;Windows 8.1&apos;, os.arch: &apos;amd64&apos;, os.version: &apos;6.3&apos;, java.version: &apos;1.8.0_111&apos;
Driver info: org.openqa.selenium.firefox.FirefoxDriver
Capabilities [{applicationCacheEnabled=true, rotatable=false, handlesAlerts=true, databaseEnabled=true, version=46.0, platform=WINDOWS, nativeEvents=false, acceptSslCerts=true, webStorageEnabled=true, locationContextEnabled=true, browserName=firefox, takesScreenshot=true, javascriptEnabled=true, cssSelectorsEnabled=true}]
Session ID: 2faf8a9d-c146-4940-86db-95d0fff350ca
	at org.openqa.selenium.support.ui.WebDriverWait.timeoutException(WebDriverWait.java:80)
	at org.openqa.selenium.support.ui.FluentWait.until(FluentWait.java:265)
	at selenium.Util.Util.clickThis(Util.java:117)
	at geForceSelenium.gForce.POM.webClassPOM.click_class_tabLink(webClassPOM.java:62)
	at geForceSelenium.gForce.Script.webClassModule.createClassTest(webClassModule.java:15)
	at geForceSelenium.gForce.Script.webClassModule.unifiedRunTest(webClassModule.java:162)
	at sun.reflect.NativeMethodAccessorImpl.invoke0(Native Method)
	at sun.reflect.NativeMethodAccessorImpl.invoke(Unknown Source)
	at sun.reflect.DelegatingMethodAccessorImpl.invoke(Unknown Source)
	at java.lang.reflect.Method.invoke(Unknown Source)
	at org.testng.internal.MethodInvocationHelper.invokeMethod(MethodInvocationHelper.java:86)
	at org.testng.internal.Invoker.invokeMethod(Invoker.java:643)
	at org.testng.internal.Invoker.invokeTestMethod(Invoker.java:820)
	at org.testng.internal.Invoker.invokeTestMethods(Invoker.java:1128)
	at org.testng.internal.TestMethodWorker.invokeTestMethods(TestMethodWorker.java:129)
	at org.testng.internal.TestMethodWorker.run(TestMethodWorker.java:112)
	at org.testng.TestRunner.privateRun(TestRunner.java:782)
	at org.testng.TestRunner.run(TestRunner.java:632)
	at org.testng.SuiteRunner.runTest(SuiteRunner.java:366)
	at org.testng.SuiteRunner.runSequentially(SuiteRunner.java:361)
	at org.testng.SuiteRunner.privateRun(SuiteRunner.java:319)
	at org.testng.SuiteRunner.run(SuiteRunner.java:268)
	at org.testng.SuiteRunnerWorker.runSuite(SuiteRunnerWorker.java:52)
	at org.testng.SuiteRunnerWorker.run(SuiteRunnerWorker.java:86)
	at org.testng.TestNG.runSuitesSequentially(TestNG.java:1244)
	at org.testng.TestNG.runSuitesLocally(TestNG.java:1169)
	at org.testng.TestNG.run(TestNG.java:1064)
	at org.testng.remote.AbstractRemoteTestNG.run(AbstractRemoteTestNG.java:132)
	at org.testng.remote.RemoteTestNG.initAndRun(RemoteTestNG.java:236)
	at org.testng.remote.RemoteTestNG.main(RemoteTestNG.java:81)
Caused by: org.openqa.selenium.NoSuchElementException: Unable to locate element: {&quot;method&quot;:&quot;css selector&quot;,&quot;selector&quot;:&quot;a[title=\&quot;Classes\&quot;] &gt; span.menu-item-parent.ng-binding&quot;}
Command duration or timeout: 26 milliseconds
For documentation on this error, please visit: http://seleniumhq.org/exceptions/no_such_element.html
Build info: version: &apos;unknown&apos;, revision: &apos;3169782&apos;, time: &apos;2016-09-29 10:24:50 -0700&apos;
System info: host: &apos;GabbooAlien&apos;, ip: &apos;192.168.30.95&apos;, os.name: &apos;Windows 8.1&apos;, os.arch: &apos;amd64&apos;, os.version: &apos;6.3&apos;, java.version: &apos;1.8.0_111&apos;
Driver info: org.openqa.selenium.firefox.FirefoxDriver
Capabilities [{applicationCacheEnabled=true, rotatable=false, handlesAlerts=true, databaseEnabled=true, version=46.0, platform=WINDOWS, nativeEvents=false, acceptSslCerts=true, webStorageEnabled=true, locationContextEnabled=true, browserName=firefox, takesScreenshot=true, javascriptEnabled=true, cssSelectorsEnabled=true}]
Session ID: 2faf8a9d-c146-4940-86db-95d0fff350ca
*** Element info: {Using=css selector, value=a[title=&quot;Classes&quot;] &gt; span.menu-item-parent.ng-binding}
	at sun.reflect.GeneratedConstructorAccessor12.newInstance(Unknown Source)
	at sun.reflect.DelegatingConstructorAccessorImpl.newInstance(Unknown Source)
	at java.lang.reflect.Constructor.newInstance(Unknown Source)
	at org.openqa.selenium.remote.ErrorHandler.createThrowable(ErrorHandler.java:206)
	at org.openqa.selenium.remote.ErrorHandler.throwIfResponseFailed(ErrorHandler.java:158)
	at org.openqa.selenium.remote.RemoteWebDriver.execute(RemoteWebDriver.java:636)
	at org.openqa.selenium.remote.RemoteWebDriver.findElement(RemoteWebDriver.java:369)
	at org.openqa.selenium.remote.RemoteWebDriver.findElementByCssSelector(RemoteWebDriver.java:466)
	at org.openqa.selenium.By$ByCssSelector.findElement(By.java:430)
	at org.openqa.selenium.remote.RemoteWebDriver.findElement(RemoteWebDriver.java:361)
	at org.openqa.selenium.support.ui.ExpectedConditions.findElement(ExpectedConditions.java:895)
	at org.openqa.selenium.support.ui.ExpectedConditions.access$000(ExpectedConditions.java:41)
	at org.openqa.selenium.support.ui.ExpectedConditions$7.apply(ExpectedConditions.java:205)
	at org.openqa.selenium.support.ui.ExpectedConditions$7.apply(ExpectedConditions.java:201)
	at org.openqa.selenium.support.ui.ExpectedConditions$22.apply(ExpectedConditions.java:651)
	at org.openqa.selenium.support.ui.ExpectedConditions$22.apply(ExpectedConditions.java:644)
	at org.openqa.selenium.support.ui.FluentWait.until(FluentWait.java:238)
	... 28 more
Caused by: org.openqa.selenium.NoSuchElementException: Unable to locate element: {&quot;method&quot;:&quot;css selector&quot;,&quot;selector&quot;:&quot;a[title=\&quot;Classes\&quot;] &gt; span.menu-item-parent.ng-binding&quot;}
For documentation on this error, please visit: http://seleniumhq.org/exceptions/no_such_element.html
Build info: version: &apos;unknown&apos;, revision: &apos;3169782&apos;, time: &apos;2016-09-29 10:24:50 -0700&apos;
System info: host: &apos;GabbooAlien&apos;, ip: &apos;192.168.30.95&apos;, os.name: &apos;Windows 8.1&apos;, os.arch: &apos;amd64&apos;, os.version: &apos;6.3&apos;, java.version: &apos;1.8.0_111&apos;
Driver info: driver.version: unknown
	at &lt;anonymous class&gt;.FirefoxDriver.prototype.findElementInternal_(file:///C:/Users/Gabo/AppData/Local/Temp/anonymous8604641325014842828webdriver-profile/extensions/fxdriver@googlecode.com/components/driver-component.js:11187)
	at &lt;anonymous class&gt;.FirefoxDriver.prototype.findElement(file:///C:/Users/Gabo/AppData/Local/Temp/anonymous8604641325014842828webdriver-profile/extensions/fxdriver@googlecode.com/components/driver-component.js:11196)
	at &lt;anonymous class&gt;.DelayedCommand.prototype.executeInternal_/h(file:///C:/Users/Gabo/AppData/Local/Temp/anonymous8604641325014842828webdriver-profile/extensions/fxdriver@googlecode.com/components/command-processor.js:12698)
	at &lt;anonymous class&gt;.DelayedCommand.prototype.executeInternal_(file:///C:/Users/Gabo/AppData/Local/Temp/anonymous8604641325014842828webdriver-profile/extensions/fxdriver@googlecode.com/components/command-processor.js:12703)
	at &lt;anonymous class&gt;.DelayedCommand.prototype.execute/&lt;(file:///C:/Users/Gabo/AppData/Local/Temp/anonymous8604641325014842828webdriver-profile/extensions/fxdriver@googlecode.com/components/command-processor.js:12645)
</pre></div><a href='#' onClick='toggleBox("stack-trace1896305732", this, "Click to show all stack frames", "Click to hide stack frames")'>Click to show all stack frames</a>
<div class='stack-trace' id='stack-trace1896305732'><pre>org.openqa.selenium.TimeoutException: Expected condition failed: waiting for element to be clickable: By.cssSelector: a[title=&quot;Classes&quot;] &gt; span.menu-item-parent.ng-binding (tried for 10 second(s) with 500 MILLISECONDS interval)
Build info: version: &apos;unknown&apos;, revision: &apos;3169782&apos;, time: &apos;2016-09-29 10:24:50 -0700&apos;
System info: host: &apos;GabbooAlien&apos;, ip: &apos;192.168.30.95&apos;, os.name: &apos;Windows 8.1&apos;, os.arch: &apos;amd64&apos;, os.version: &apos;6.3&apos;, java.version: &apos;1.8.0_111&apos;
Driver info: org.openqa.selenium.firefox.FirefoxDriver
Capabilities [{applicationCacheEnabled=true, rotatable=false, handlesAlerts=true, databaseEnabled=true, version=46.0, platform=WINDOWS, nativeEvents=false, acceptSslCerts=true, webStorageEnabled=true, locationContextEnabled=true, browserName=firefox, takesScreenshot=true, javascriptEnabled=true, cssSelectorsEnabled=true}]
Session ID: 2faf8a9d-c146-4940-86db-95d0fff350ca
	at org.openqa.selenium.support.ui.WebDriverWait.timeoutException(WebDriverWait.java:80)
	at org.openqa.selenium.support.ui.FluentWait.until(FluentWait.java:265)
	at selenium.Util.Util.clickThis(Util.java:117)
	at geForceSelenium.gForce.POM.webClassPOM.click_class_tabLink(webClassPOM.java:62)
	at geForceSelenium.gForce.Script.webClassModule.createClassTest(webClassModule.java:15)
	at geForceSelenium.gForce.Script.webClassModule.unifiedRunTest(webClassModule.java:162)
	at sun.reflect.NativeMethodAccessorImpl.invoke0(Native Method)
	at sun.reflect.NativeMethodAccessorImpl.invoke(Unknown Source)
	at sun.reflect.DelegatingMethodAccessorImpl.invoke(Unknown Source)
	at java.lang.reflect.Method.invoke(Unknown Source)
	at org.testng.internal.MethodInvocationHelper.invokeMethod(MethodInvocationHelper.java:86)
	at org.testng.internal.Invoker.invokeMethod(Invoker.java:643)
	at org.testng.internal.Invoker.invokeTestMethod(Invoker.java:820)
	at org.testng.internal.Invoker.invokeTestMethods(Invoker.java:1128)
	at org.testng.internal.TestMethodWorker.invokeTestMethods(TestMethodWorker.java:129)
	at org.testng.internal.TestMethodWorker.run(TestMethodWorker.java:112)
	at org.testng.TestRunner.privateRun(TestRunner.java:782)
	at org.testng.TestRunner.run(TestRunner.java:632)
	at org.testng.SuiteRunner.runTest(SuiteRunner.java:366)
	at org.testng.SuiteRunner.runSequentially(SuiteRunner.java:361)
	at org.testng.SuiteRunner.privateRun(SuiteRunner.java:319)
	at org.testng.SuiteRunner.run(SuiteRunner.java:268)
	at org.testng.SuiteRunnerWorker.runSuite(SuiteRunnerWorker.java:52)
	at org.testng.SuiteRunnerWorker.run(SuiteRunnerWorker.java:86)
	at org.testng.TestNG.runSuitesSequentially(TestNG.java:1244)
	at org.testng.TestNG.runSuitesLocally(TestNG.java:1169)
	at org.testng.TestNG.run(TestNG.java:1064)
	at org.testng.remote.AbstractRemoteTestNG.run(AbstractRemoteTestNG.java:132)
	at org.testng.remote.RemoteTestNG.initAndRun(RemoteTestNG.java:236)
	at org.testng.remote.RemoteTestNG.main(RemoteTestNG.java:81)
Caused by: org.openqa.selenium.NoSuchElementException: Unable to locate element: {&quot;method&quot;:&quot;css selector&quot;,&quot;selector&quot;:&quot;a[title=\&quot;Classes\&quot;] &gt; span.menu-item-parent.ng-binding&quot;}
Command duration or timeout: 26 milliseconds
For documentation on this error, please visit: http://seleniumhq.org/exceptions/no_such_element.html
Build info: version: &apos;unknown&apos;, revision: &apos;3169782&apos;, time: &apos;2016-09-29 10:24:50 -0700&apos;
System info: host: &apos;GabbooAlien&apos;, ip: &apos;192.168.30.95&apos;, os.name: &apos;Windows 8.1&apos;, os.arch: &apos;amd64&apos;, os.version: &apos;6.3&apos;, java.version: &apos;1.8.0_111&apos;
Driver info: org.openqa.selenium.firefox.FirefoxDriver
Capabilities [{applicationCacheEnabled=true, rotatable=false, handlesAlerts=true, databaseEnabled=true, version=46.0, platform=WINDOWS, nativeEvents=false, acceptSslCerts=true, webStorageEnabled=true, locationContextEnabled=true, browserName=firefox, takesScreenshot=true, javascriptEnabled=true, cssSelectorsEnabled=true}]
Session ID: 2faf8a9d-c146-4940-86db-95d0fff350ca
*** Element info: {Using=css selector, value=a[title=&quot;Classes&quot;] &gt; span.menu-item-parent.ng-binding}
	at sun.reflect.GeneratedConstructorAccessor12.newInstance(Unknown Source)
	at sun.reflect.DelegatingConstructorAccessorImpl.newInstance(Unknown Source)
	at java.lang.reflect.Constructor.newInstance(Unknown Source)
	at org.openqa.selenium.remote.ErrorHandler.createThrowable(ErrorHandler.java:206)
	at org.openqa.selenium.remote.ErrorHandler.throwIfResponseFailed(ErrorHandler.java:158)
	at org.openqa.selenium.remote.RemoteWebDriver.execute(RemoteWebDriver.java:636)
	at org.openqa.selenium.remote.RemoteWebDriver.findElement(RemoteWebDriver.java:369)
	at org.openqa.selenium.remote.RemoteWebDriver.findElementByCssSelector(RemoteWebDriver.java:466)
	at org.openqa.selenium.By$ByCssSelector.findElement(By.java:430)
	at org.openqa.selenium.remote.RemoteWebDriver.findElement(RemoteWebDriver.java:361)
	at org.openqa.selenium.support.ui.ExpectedConditions.findElement(ExpectedConditions.java:895)
	at org.openqa.selenium.support.ui.ExpectedConditions.access$000(ExpectedConditions.java:41)
	at org.openqa.selenium.support.ui.ExpectedConditions$7.apply(ExpectedConditions.java:205)
	at org.openqa.selenium.support.ui.ExpectedConditions$7.apply(ExpectedConditions.java:201)
	at org.openqa.selenium.support.ui.ExpectedConditions$22.apply(ExpectedConditions.java:651)
	at org.openqa.selenium.support.ui.ExpectedConditions$22.apply(ExpectedConditions.java:644)
	at org.openqa.selenium.support.ui.FluentWait.until(FluentWait.java:238)
	... 28 more
Caused by: org.openqa.selenium.NoSuchElementException: Unable to locate element: {&quot;method&quot;:&quot;css selector&quot;,&quot;selector&quot;:&quot;a[title=\&quot;Classes\&quot;] &gt; span.menu-item-parent.ng-binding&quot;}
For documentation on this error, please visit: http://seleniumhq.org/exceptions/no_such_element.html
Build info: version: &apos;unknown&apos;, revision: &apos;3169782&apos;, time: &apos;2016-09-29 10:24:50 -0700&apos;
System info: host: &apos;GabbooAlien&apos;, ip: &apos;192.168.30.95&apos;, os.name: &apos;Windows 8.1&apos;, os.arch: &apos;amd64&apos;, os.version: &apos;6.3&apos;, java.version: &apos;1.8.0_111&apos;
Driver info: driver.version: unknown
	at &lt;anonymous class&gt;.FirefoxDriver.prototype.findElementInternal_(file:///C:/Users/Gabo/AppData/Local/Temp/anonymous8604641325014842828webdriver-profile/extensions/fxdriver@googlecode.com/components/driver-component.js:11187)
	at &lt;anonymous class&gt;.FirefoxDriver.prototype.findElement(file:///C:/Users/Gabo/AppData/Local/Temp/anonymous8604641325014842828webdriver-profile/extensions/fxdriver@googlecode.com/components/driver-component.js:11196)
	at &lt;anonymous class&gt;.DelayedCommand.prototype.executeInternal_/h(file:///C:/Users/Gabo/AppData/Local/Temp/anonymous8604641325014842828webdriver-profile/extensions/fxdriver@googlecode.com/components/command-processor.js:12698)
	at &lt;anonymous class&gt;.DelayedCommand.prototype.executeInternal_(file:///C:/Users/Gabo/AppData/Local/Temp/anonymous8604641325014842828webdriver-profile/extensions/fxdriver@googlecode.com/components/command-processor.js:12703)
	at &lt;anonymous class&gt;.DelayedCommand.prototype.execute/&lt;(file:///C:/Users/Gabo/AppData/Local/Temp/anonymous8604641325014842828webdriver-profile/extensions/fxdriver@googlecode.com/components/command-processor.js:12645)
</pre></div></td>
<td>10</td>
<td>geForceSelenium.gForce.Script.webClassModule@598067a5</td></tr>
</table><p>
<table width='100%' border='1' class='invocation-passed'>
<tr><td colspan='4' align='center'><b>PASSED TESTS</b></td></tr>
<tr><td><b>Test method</b></td>
<td width="30%"><b>Exception</b></td>
<td width="10%"><b>Time (seconds)</b></td>
<td><b>Instance</b></td>
</tr>
<tr>
<td title='geForceSelenium.gForce.Script.testing_Script.Hello()'><b>Hello</b><br>Test class: geForceSelenium.gForce.Script.testing_Script<br/>
<a href="#Output-1293680734" onClick='toggleBox("Output-1293680734", this, "Show output", "Hide output");'>Show output</a>

<a href="#Output-1293680734" onClick="toggleAllBoxes();">Show all outputs</a>
<div class='log' id="Output-1293680734">
<p>  Finished waiting  </p><br/>
<br> <img src=Test-Screenshot\2017-03-17_11-15-08\SUCCESS-Hello.png  width='600' height='400'/> </br><br/>
<p>  Performing Screenshot  </p><br/>
</div>
</td>
<td></td>
<td>0</td>
<td>geForceSelenium.gForce.Script.testing_Script@31ef45e3</td></tr>
</table><p>
<table width='100%' border='1' class='invocation-skipped'>
<tr><td colspan='4' align='center'><b>SKIPPED TESTS</b></td></tr>
<tr><td><b>Test method</b></td>
<td width="30%"><b>Exception</b></td>
<td width="10%"><b>Time (seconds)</b></td>
<td><b>Instance</b></td>
</tr>
<tr>
<td title='geForceSelenium.gForce.Script.webStudentModule.createStudentTest()'><b>createStudentTest</b><br>Test class: geForceSelenium.gForce.Script.webStudentModule</td>
<td></td>
<td>0</td>
<td>geForceSelenium.gForce.Script.webStudentModule@3c0ecd4b</td></tr>
<tr>
<td title='geForceSelenium.gForce.Script.webTeacherModule.createTeacherFutureDateTest()'><b>createTeacherFutureDateTest</b><br>Test class: geForceSelenium.gForce.Script.webTeacherModule</td>
<td></td>
<td>0</td>
<td>geForceSelenium.gForce.Script.webTeacherModule@14bf9759</td></tr>
<tr>
<td title='geForceSelenium.gForce.Script.webTeacherModule.createTeacherNotAvailableForTrainingTest()'><b>createTeacherNotAvailableForTrainingTest</b><br>Test class: geForceSelenium.gForce.Script.webTeacherModule</td>
<td></td>
<td>0</td>
<td>geForceSelenium.gForce.Script.webTeacherModule@14bf9759</td></tr>
<tr>
<td title='geForceSelenium.gForce.Script.webTeacherModule.createTeacherTest()'><b>createTeacherTest</b><br>Test class: geForceSelenium.gForce.Script.webTeacherModule</td>
<td></td>
<td>0</td>
<td>geForceSelenium.gForce.Script.webTeacherModule@14bf9759</td></tr>
<tr>
<td title='geForceSelenium.gForce.Script.webClassModule.deleteClassTest()'><b>deleteClassTest</b><br>Test class: geForceSelenium.gForce.Script.webClassModule</td>
<td></td>
<td>0</td>
<td>geForceSelenium.gForce.Script.webClassModule@598067a5</td></tr>
<tr>
<td title='geForceSelenium.gForce.Script.webStudentModule.deleteStudentTest()'><b>deleteStudentTest</b><br>Test class: geForceSelenium.gForce.Script.webStudentModule</td>
<td></td>
<td>0</td>
<td>geForceSelenium.gForce.Script.webStudentModule@3c0ecd4b</td></tr>
<tr>
<td title='geForceSelenium.gForce.Script.webClassModule.editClassTest()'><b>editClassTest</b><br>Test class: geForceSelenium.gForce.Script.webClassModule</td>
<td></td>
<td>0</td>
<td>geForceSelenium.gForce.Script.webClassModule@598067a5</td></tr>
<tr>
<td title='geForceSelenium.gForce.Script.webStudentModule.editStudentTest()'><b>editStudentTest</b><br>Test class: geForceSelenium.gForce.Script.webStudentModule</td>
<td></td>
<td>0</td>
<td>geForceSelenium.gForce.Script.webStudentModule@3c0ecd4b</td></tr>
<tr>
<td title='geForceSelenium.gForce.Script.webClassModule.publishClassTest()'><b>publishClassTest</b><br>Test class: geForceSelenium.gForce.Script.webClassModule</td>
<td></td>
<td>0</td>
<td>geForceSelenium.gForce.Script.webClassModule@598067a5</td></tr>
<tr>
<td title='geForceSelenium.gForce.Script.webStudentModule.searchStudentTest()'><b>searchStudentTest</b><br>Test class: geForceSelenium.gForce.Script.webStudentModule</td>
<td></td>
<td>0</td>
<td>geForceSelenium.gForce.Script.webStudentModule@3c0ecd4b</td></tr>
<tr>
<td title='geForceSelenium.gForce.Script.webTeacherModule.searchTeacherTest()'><b>searchTeacherTest</b><br>Test class: geForceSelenium.gForce.Script.webTeacherModule</td>
<td></td>
<td>0</td>
<td>geForceSelenium.gForce.Script.webTeacherModule@14bf9759</td></tr>
<tr>
<td title='geForceSelenium.gForce.Script.webStudentModule.viewStudentTest()'><b>viewStudentTest</b><br>Test class: geForceSelenium.gForce.Script.webStudentModule</td>
<td></td>
<td>0</td>
<td>geForceSelenium.gForce.Script.webStudentModule@3c0ecd4b</td></tr>
</table><p>
</body>
</html>