<!DOCTYPE html PUBLIC "-//W3C//DTD XHTML 1.1//EN" "http://www.w3.org/TR/xhtml11/DTD/xhtml11.dtd">
<html xmlns="http://www.w3.org/1999/xhtml"><head><title>TestNG Report</title><style type="text/css">table {margin-bottom:10px;border-collapse:collapse;empty-cells:show}th,td {border:1px solid #009;padding:.25em .5em}th {vertical-align:bottom}td {vertical-align:top}table a {font-weight:bold}.stripe td {background-color: #E6EBF9}.num {text-align:right}.passedodd td {background-color: #3F3}.passedeven td {background-color: #0A0}.skippedodd td {background-color: #DDD}.skippedeven td {background-color: #CCC}.failedodd td,.attn {background-color: #F33}.failedeven td,.stripe .attn {background-color: #D00}.stacktrace {white-space:pre;font-family:monospace}.totop {font-size:85%;text-align:center;border-bottom:2px solid #000}</style></head><body><table><tr><th>Test</th><th># Passed</th><th># Skipped</th><th># Failed</th><th>Time (ms)</th><th>Included Groups</th><th>Excluded Groups</th></tr><tr><th colspan="7">Default suite</th></tr><tr><td><a href="#t0">Default test</a></td><td class="num">5</td><td class="num">0</td><td class="num attn">3</td><td class="num">158,525</td><td></td><td></td></tr></table><table><thead><tr><th>Class</th><th>Method</th><th>Start</th><th>Time (ms)</th></tr></thead><tbody><tr><th colspan="4">Default suite</th></tr></tbody><tbody id="t0"><tr><th colspan="4">Default test &#8212; failed</th></tr><tr class="failedeven"><td rowspan="3">geForceSelenium.gForce.Script.webClassModule</td><td><a href="#m0">publishClassTest</a></td><td rowspan="1">1489720891225</td><td rowspan="1">9032</td></tr><tr class="failedeven"><td><a href="#m1">searchClassTest</a></td><td rowspan="1">1489720850046</td><td rowspan="1">4895</td></tr><tr class="failedeven"><td><a href="#m2">unifiedRunTest</a></td><td rowspan="1">1489720774480</td><td rowspan="1">21864</td></tr><tr><th colspan="4">Default test &#8212; passed</th></tr><tr class="passedeven"><td rowspan="5">geForceSelenium.gForce.Script.webClassModule</td><td><a href="#m3">createClassTest</a></td><td rowspan="1">1489720801545</td><td rowspan="1">10276</td></tr><tr class="passedeven"><td><a href="#m4">createGForceClassTest</a></td><td rowspan="1">1489720816721</td><td rowspan="1">11629</td></tr><tr class="passedeven"><td><a href="#m5">createGForceRegionalClassTest</a></td><td rowspan="1">1489720833031</td><td rowspan="1">11865</td></tr><tr class="passedeven"><td><a href="#m6">deleteClassTest</a></td><td rowspan="1">1489720878026</td><td rowspan="1">8242</td></tr><tr class="passedeven"><td><a href="#m7">editClassTest</a></td><td rowspan="1">1489720859464</td><td rowspan="1">13608</td></tr></tbody></table><h2>Default test</h2><h3 id="m0">geForceSelenium.gForce.Script.webClassModule#publishClassTest</h3><table class="result"><tr><th>Messages</th></tr><tr><td><div class="messages">&lt;p&gt;  Finished waiting  &lt;/p&gt;<br/>&lt;p&gt;  Selecting Open Class in Class Type Select Field  &lt;/p&gt;<br/>&lt;p&gt;  Typing ClassNameUld0Y in Class Name field  &lt;/p&gt;<br/>&lt;p&gt;  Typing 100.0 in Class Rate field  &lt;/p&gt;<br/>&lt;p&gt;  Selecting Danica Mozo in Class Teacher Select Field  &lt;/p&gt;<br/>&lt;p&gt;  Typing VnulNskC in Class Venue field  &lt;/p&gt;<br/>&lt;p&gt;  Typing 50.0 in Class Capacity field  &lt;/p&gt;<br/>&lt;p&gt;  Clicking Start Time  &lt;/p&gt;<br/>&lt;p&gt;  Clicking End Time  &lt;/p&gt;<br/>&lt;p&gt;  Typing https://www.youtube.com/watch?v=9azGzlvCygA in Youtube URL field  &lt;/p&gt;<br/>&lt;p&gt;  Clicking Save Class  &lt;/p&gt;<br/>&lt;p&gt;  Element has been located  &lt;/p&gt;<br/>&lt;p&gt;  Finished waiting  &lt;/p&gt;<br/>&lt;br&gt; &lt;img src=Test-Screenshot\2017-03-17_11-19-57\FAILED-publishClassTest.png  width=&apos;600&apos; height=&apos;400&apos;/&gt; &lt;/br&gt;<br/>&lt;p&gt;  Performing Screenshot  &lt;/p&gt;</div></td></tr><tr><th>Exception</th></tr><tr><td><div class="stacktrace">org.openqa.selenium.InvalidArgumentException: Element is not clickable at point (70.48333740234375, 115). Other element would receive the click: &lt;div class=&quot;modal-backdrop fade&quot;&gt;&lt;/div&gt;
Command duration or timeout: 65 milliseconds
Build info: version: &apos;unknown&apos;, revision: &apos;3169782&apos;, time: &apos;2016-09-29 10:24:50 -0700&apos;
System info: host: &apos;GabbooAlien&apos;, ip: &apos;192.168.30.95&apos;, os.name: &apos;Windows 8.1&apos;, os.arch: &apos;amd64&apos;, os.version: &apos;6.3&apos;, java.version: &apos;1.8.0_111&apos;
Driver info: org.openqa.selenium.firefox.FirefoxDriver
Capabilities [{applicationCacheEnabled=true, rotatable=false, handlesAlerts=true, databaseEnabled=true, version=46.0, platform=WINDOWS, nativeEvents=false, acceptSslCerts=true, webStorageEnabled=true, locationContextEnabled=true, browserName=firefox, takesScreenshot=true, javascriptEnabled=true, cssSelectorsEnabled=true}]
Session ID: f40980d6-e153-4fc7-ac6d-6fb208e0c1d0
	at sun.reflect.NativeConstructorAccessorImpl.newInstance0(Native Method)
	at sun.reflect.NativeConstructorAccessorImpl.newInstance(Unknown Source)
	at sun.reflect.DelegatingConstructorAccessorImpl.newInstance(Unknown Source)
	at java.lang.reflect.Constructor.newInstance(Unknown Source)
	at org.openqa.selenium.remote.ErrorHandler.createThrowable(ErrorHandler.java:206)
	at org.openqa.selenium.remote.ErrorHandler.throwIfResponseFailed(ErrorHandler.java:164)
	at org.openqa.selenium.remote.RemoteWebDriver.execute(RemoteWebDriver.java:636)
	at org.openqa.selenium.remote.RemoteWebElement.execute(RemoteWebElement.java:284)
	at org.openqa.selenium.remote.RemoteWebElement.click(RemoteWebElement.java:84)
	at selenium.Util.Util.clickThis(Util.java:117)
	at geForceSelenium.gForce.POM.webClassPOM.click_class_tabLink(webClassPOM.java:62)
	at geForceSelenium.gForce.Script.webClassModule.searchClassTest(webClassModule.java:81)
	at geForceSelenium.gForce.Script.webClassModule.publishClassTest(webClassModule.java:144)
	at sun.reflect.NativeMethodAccessorImpl.invoke0(Native Method)
	at sun.reflect.NativeMethodAccessorImpl.invoke(Unknown Source)
	at sun.reflect.DelegatingMethodAccessorImpl.invoke(Unknown Source)
	at java.lang.reflect.Method.invoke(Unknown Source)
	at org.testng.internal.MethodInvocationHelper.invokeMethod(MethodInvocationHelper.java:86)
	at org.testng.internal.Invoker.invokeMethod(Invoker.java:643)
	at org.testng.internal.Invoker.invokeTestMethod(Invoker.java:820)
	at org.testng.internal.Invoker.invokeTestMethods(Invoker.java:1128)
	at org.testng.internal.TestMethodWorker.invokeTestMethods(TestMethodWorker.java:129)
	at org.testng.internal.TestMethodWorker.run(TestMethodWorker.java:112)
	at org.testng.TestRunner.privateRun(TestRunner.java:782)
	at org.testng.TestRunner.run(TestRunner.java:632)
	at org.testng.SuiteRunner.runTest(SuiteRunner.java:366)
	at org.testng.SuiteRunner.runSequentially(SuiteRunner.java:361)
	at org.testng.SuiteRunner.privateRun(SuiteRunner.java:319)
	at org.testng.SuiteRunner.run(SuiteRunner.java:268)
	at org.testng.SuiteRunnerWorker.runSuite(SuiteRunnerWorker.java:52)
	at org.testng.SuiteRunnerWorker.run(SuiteRunnerWorker.java:86)
	at org.testng.TestNG.runSuitesSequentially(TestNG.java:1244)
	at org.testng.TestNG.runSuitesLocally(TestNG.java:1169)
	at org.testng.TestNG.run(TestNG.java:1064)
	at org.testng.remote.AbstractRemoteTestNG.run(AbstractRemoteTestNG.java:132)
	at org.testng.remote.RemoteTestNG.initAndRun(RemoteTestNG.java:236)
	at org.testng.remote.RemoteTestNG.main(RemoteTestNG.java:81)
</div></td></tr></table><p class="totop"><a href="#summary">back to summary</a></p><h3 id="m1">geForceSelenium.gForce.Script.webClassModule#searchClassTest</h3><table class="result"><tr><th>Messages</th></tr><tr><td><div class="messages">&lt;p&gt;  Typing ClassNameUld0Y in Class Name field  &lt;/p&gt;<br/>&lt;p&gt;  FAILED: Unable to Select Element, See below for more details : org.openqa.selenium.NoSuchElementException: Cannot locate element with text: Open Class
For documentation on this error, please visit: http://seleniumhq.org/exceptions/no_such_element.html
Build info: version: &apos;unknown&apos;, revision: &apos;3169782&apos;, time: &apos;2016-09-29 10:24:50 -0700&apos;
System info: host: &apos;GabbooAlien&apos;, ip: &apos;192.168.30.95&apos;, os.name: &apos;Windows 8.1&apos;, os.arch: &apos;amd64&apos;, os.version: &apos;6.3&apos;, java.version: &apos;1.8.0_111&apos;
Driver info: driver.version: unknown  &lt;/p&gt;<br/>&lt;p&gt;  Finished waiting  &lt;/p&gt;<br/>&lt;br&gt; &lt;img src=Test-Screenshot\2017-03-17_11-19-57\FAILED-searchClassTest.png  width=&apos;600&apos; height=&apos;400&apos;/&gt; &lt;/br&gt;<br/>&lt;p&gt;  Performing Screenshot  &lt;/p&gt;</div></td></tr><tr><th>Exception</th></tr><tr><td><div class="stacktrace">org.openqa.selenium.NoSuchElementException: Cannot locate element with text: Open Class
For documentation on this error, please visit: http://seleniumhq.org/exceptions/no_such_element.html
Build info: version: &apos;unknown&apos;, revision: &apos;3169782&apos;, time: &apos;2016-09-29 10:24:50 -0700&apos;
System info: host: &apos;GabbooAlien&apos;, ip: &apos;192.168.30.95&apos;, os.name: &apos;Windows 8.1&apos;, os.arch: &apos;amd64&apos;, os.version: &apos;6.3&apos;, java.version: &apos;1.8.0_111&apos;
Driver info: driver.version: unknown
	at org.openqa.selenium.support.ui.Select.selectByVisibleText(Select.java:151)
	at selenium.Util.Util.selectThis(Util.java:64)
	at selenium.Util.Util.selectThis(Util.java:55)
	at geForceSelenium.gForce.POM.webClassPOM.selectIn_searchClass_classType(webClassPOM.java:173)
	at geForceSelenium.gForce.Script.webClassModule.searchClassTest(webClassModule.java:83)
	at sun.reflect.NativeMethodAccessorImpl.invoke0(Native Method)
	at sun.reflect.NativeMethodAccessorImpl.invoke(Unknown Source)
	at sun.reflect.DelegatingMethodAccessorImpl.invoke(Unknown Source)
	at java.lang.reflect.Method.invoke(Unknown Source)
	at org.testng.internal.MethodInvocationHelper.invokeMethod(MethodInvocationHelper.java:86)
	at org.testng.internal.Invoker.invokeMethod(Invoker.java:643)
	at org.testng.internal.Invoker.invokeTestMethod(Invoker.java:820)
	at org.testng.internal.Invoker.invokeTestMethods(Invoker.java:1128)
	at org.testng.internal.TestMethodWorker.invokeTestMethods(TestMethodWorker.java:129)
	at org.testng.internal.TestMethodWorker.run(TestMethodWorker.java:112)
	at org.testng.TestRunner.privateRun(TestRunner.java:782)
	at org.testng.TestRunner.run(TestRunner.java:632)
	at org.testng.SuiteRunner.runTest(SuiteRunner.java:366)
	at org.testng.SuiteRunner.runSequentially(SuiteRunner.java:361)
	at org.testng.SuiteRunner.privateRun(SuiteRunner.java:319)
	at org.testng.SuiteRunner.run(SuiteRunner.java:268)
	at org.testng.SuiteRunnerWorker.runSuite(SuiteRunnerWorker.java:52)
	at org.testng.SuiteRunnerWorker.run(SuiteRunnerWorker.java:86)
	at org.testng.TestNG.runSuitesSequentially(TestNG.java:1244)
	at org.testng.TestNG.runSuitesLocally(TestNG.java:1169)
	at org.testng.TestNG.run(TestNG.java:1064)
	at org.testng.remote.AbstractRemoteTestNG.run(AbstractRemoteTestNG.java:132)
	at org.testng.remote.RemoteTestNG.initAndRun(RemoteTestNG.java:236)
	at org.testng.remote.RemoteTestNG.main(RemoteTestNG.java:81)
</div></td></tr></table><p class="totop"><a href="#summary">back to summary</a></p><h3 id="m2">geForceSelenium.gForce.Script.webClassModule#unifiedRunTest</h3><table class="result"><tr><th>Messages</th></tr><tr><td><div class="messages">&lt;p&gt;  Finished waiting  &lt;/p&gt;<br/>&lt;p&gt;  Selecting Open Class in Class Type Select Field  &lt;/p&gt;<br/>&lt;p&gt;  Typing ClassNameUld0Y in Class Name field  &lt;/p&gt;<br/>&lt;p&gt;  Typing 100.0 in Class Rate field  &lt;/p&gt;<br/>&lt;p&gt;  Selecting Danica Mozo in Class Teacher Select Field  &lt;/p&gt;<br/>&lt;p&gt;  Typing VnulNskC in Class Venue field  &lt;/p&gt;<br/>&lt;p&gt;  Typing 50.0 in Class Capacity field  &lt;/p&gt;<br/>&lt;p&gt;  Clicking Start Time  &lt;/p&gt;<br/>&lt;p&gt;  Clicking End Time  &lt;/p&gt;<br/>&lt;p&gt;  Typing https://www.youtube.com/watch?v=9azGzlvCygA in Youtube URL field  &lt;/p&gt;<br/>&lt;p&gt;  Clicking Save Class  &lt;/p&gt;<br/>&lt;p&gt;  Element has been located  &lt;/p&gt;<br/>&lt;p&gt;  Finished waiting  &lt;/p&gt;<br/>&lt;p&gt;  Selecting G-Force Project in Class Type Select Field  &lt;/p&gt;<br/>&lt;p&gt;  Selecting 2017 in gForceProject SubType Select Field  &lt;/p&gt;<br/>&lt;p&gt;  Typing G-Force ProjectzstJL Makati in Class Name field  &lt;/p&gt;<br/>&lt;p&gt;  Typing 100.0 in Class Rate field  &lt;/p&gt;<br/>&lt;p&gt;  Selecting Danica Mozo in Class Teacher Select Field  &lt;/p&gt;<br/>&lt;p&gt;  Typing VnubEH1U in Class Venue field  &lt;/p&gt;<br/>&lt;p&gt;  Typing Test AddressMakati in Address field  &lt;/p&gt;<br/>&lt;p&gt;  Selecting Makati in Area Select Field  &lt;/p&gt;<br/>&lt;p&gt;  Typing 50.0 in Class Capacity field  &lt;/p&gt;<br/>&lt;p&gt;  Typing https://www.youtube.com/watch?v=9azGzlvCygA in Youtube URL field  &lt;/p&gt;<br/>&lt;p&gt;  Clicking Save Class  &lt;/p&gt;<br/>&lt;p&gt;  Element has been located  &lt;/p&gt;<br/>&lt;p&gt;  Finished waiting  &lt;/p&gt;<br/>&lt;br&gt; &lt;img src=Test-Screenshot\2017-03-17_11-19-57\FAILED-unifiedRunTest.png  width=&apos;600&apos; height=&apos;400&apos;/&gt; &lt;/br&gt;<br/>&lt;p&gt;  Performing Screenshot  &lt;/p&gt;</div></td></tr><tr><th>Exception</th></tr><tr><td><div class="stacktrace">org.openqa.selenium.InvalidArgumentException: Element is not clickable at point (70.48333740234375, 115). Other element would receive the click: &lt;div style=&quot;display: block;&quot; class=&quot;modal fade in&quot; id=&quot;formModal&quot; tabindex=&quot;-1&quot; role=&quot;dialog&quot; aria-labelledby=&quot;formModalLabel&quot; aria-hidden=&quot;true&quot;&gt;&lt;/div&gt;
Command duration or timeout: 126 milliseconds
Build info: version: &apos;unknown&apos;, revision: &apos;3169782&apos;, time: &apos;2016-09-29 10:24:50 -0700&apos;
System info: host: &apos;GabbooAlien&apos;, ip: &apos;192.168.30.95&apos;, os.name: &apos;Windows 8.1&apos;, os.arch: &apos;amd64&apos;, os.version: &apos;6.3&apos;, java.version: &apos;1.8.0_111&apos;
Driver info: org.openqa.selenium.firefox.FirefoxDriver
Capabilities [{applicationCacheEnabled=true, rotatable=false, handlesAlerts=true, databaseEnabled=true, version=46.0, platform=WINDOWS, nativeEvents=false, acceptSslCerts=true, webStorageEnabled=true, locationContextEnabled=true, browserName=firefox, takesScreenshot=true, javascriptEnabled=true, cssSelectorsEnabled=true}]
Session ID: f40980d6-e153-4fc7-ac6d-6fb208e0c1d0
	at sun.reflect.NativeConstructorAccessorImpl.newInstance0(Native Method)
	at sun.reflect.NativeConstructorAccessorImpl.newInstance(Unknown Source)
	at sun.reflect.DelegatingConstructorAccessorImpl.newInstance(Unknown Source)
	at java.lang.reflect.Constructor.newInstance(Unknown Source)
	at org.openqa.selenium.remote.ErrorHandler.createThrowable(ErrorHandler.java:206)
	at org.openqa.selenium.remote.ErrorHandler.throwIfResponseFailed(ErrorHandler.java:164)
	at org.openqa.selenium.remote.RemoteWebDriver.execute(RemoteWebDriver.java:636)
	at org.openqa.selenium.remote.RemoteWebElement.execute(RemoteWebElement.java:284)
	at org.openqa.selenium.remote.RemoteWebElement.click(RemoteWebElement.java:84)
	at selenium.Util.Util.clickThis(Util.java:117)
	at geForceSelenium.gForce.POM.webClassPOM.click_class_tabLink(webClassPOM.java:62)
	at geForceSelenium.gForce.Script.webClassModule.createGForceRegionalClassTest(webClassModule.java:56)
	at geForceSelenium.gForce.Script.webClassModule.unifiedRunTest(webClassModule.java:164)
	at sun.reflect.NativeMethodAccessorImpl.invoke0(Native Method)
	at sun.reflect.NativeMethodAccessorImpl.invoke(Unknown Source)
	at sun.reflect.DelegatingMethodAccessorImpl.invoke(Unknown Source)
	at java.lang.reflect.Method.invoke(Unknown Source)
	at org.testng.internal.MethodInvocationHelper.invokeMethod(MethodInvocationHelper.java:86)
	at org.testng.internal.Invoker.invokeMethod(Invoker.java:643)
	at org.testng.internal.Invoker.invokeTestMethod(Invoker.java:820)
	at org.testng.internal.Invoker.invokeTestMethods(Invoker.java:1128)
	at org.testng.internal.TestMethodWorker.invokeTestMethods(TestMethodWorker.java:129)
	at org.testng.internal.TestMethodWorker.run(TestMethodWorker.java:112)
	at org.testng.TestRunner.privateRun(TestRunner.java:782)
	at org.testng.TestRunner.run(TestRunner.java:632)
	at org.testng.SuiteRunner.runTest(SuiteRunner.java:366)
	at org.testng.SuiteRunner.runSequentially(SuiteRunner.java:361)
	at org.testng.SuiteRunner.privateRun(SuiteRunner.java:319)
	at org.testng.SuiteRunner.run(SuiteRunner.java:268)
	at org.testng.SuiteRunnerWorker.runSuite(SuiteRunnerWorker.java:52)
	at org.testng.SuiteRunnerWorker.run(SuiteRunnerWorker.java:86)
	at org.testng.TestNG.runSuitesSequentially(TestNG.java:1244)
	at org.testng.TestNG.runSuitesLocally(TestNG.java:1169)
	at org.testng.TestNG.run(TestNG.java:1064)
	at org.testng.remote.AbstractRemoteTestNG.run(AbstractRemoteTestNG.java:132)
	at org.testng.remote.RemoteTestNG.initAndRun(RemoteTestNG.java:236)
	at org.testng.remote.RemoteTestNG.main(RemoteTestNG.java:81)
</div></td></tr></table><p class="totop"><a href="#summary">back to summary</a></p><h3 id="m3">geForceSelenium.gForce.Script.webClassModule#createClassTest</h3><table class="result"><tr><th>Messages</th></tr><tr><td><div class="messages">&lt;p&gt;  Finished waiting  &lt;/p&gt;<br/>&lt;p&gt;  Selecting Open Class in Class Type Select Field  &lt;/p&gt;<br/>&lt;p&gt;  Typing ClassNameUld0Y in Class Name field  &lt;/p&gt;<br/>&lt;p&gt;  Typing 100.0 in Class Rate field  &lt;/p&gt;<br/>&lt;p&gt;  Selecting Danica Mozo in Class Teacher Select Field  &lt;/p&gt;<br/>&lt;p&gt;  Typing VnulNskC in Class Venue field  &lt;/p&gt;<br/>&lt;p&gt;  Typing 50.0 in Class Capacity field  &lt;/p&gt;<br/>&lt;p&gt;  Clicking Start Time  &lt;/p&gt;<br/>&lt;p&gt;  Clicking End Time  &lt;/p&gt;<br/>&lt;p&gt;  Typing https://www.youtube.com/watch?v=9azGzlvCygA in Youtube URL field  &lt;/p&gt;<br/>&lt;p&gt;  Clicking Save Class  &lt;/p&gt;<br/>&lt;p&gt;  Element has been located  &lt;/p&gt;<br/>&lt;p&gt;  Finished waiting  &lt;/p&gt;<br/>&lt;br&gt; &lt;img src=Test-Screenshot\2017-03-17_11-19-57\SUCCESS-createClassTest.png  width=&apos;600&apos; height=&apos;400&apos;/&gt; &lt;/br&gt;<br/>&lt;p&gt;  Performing Screenshot  &lt;/p&gt;</div></td></tr></table><p class="totop"><a href="#summary">back to summary</a></p><h3 id="m4">geForceSelenium.gForce.Script.webClassModule#createGForceClassTest</h3><table class="result"><tr><th>Messages</th></tr><tr><td><div class="messages">&lt;p&gt;  Finished waiting  &lt;/p&gt;<br/>&lt;p&gt;  Selecting G-Force Project in Class Type Select Field  &lt;/p&gt;<br/>&lt;p&gt;  Selecting 2017 in gForceProject SubType Select Field  &lt;/p&gt;<br/>&lt;p&gt;  Typing G-Force ProjectzstJL Makati in Class Name field  &lt;/p&gt;<br/>&lt;p&gt;  Typing 100.0 in Class Rate field  &lt;/p&gt;<br/>&lt;p&gt;  Selecting Danica Mozo in Class Teacher Select Field  &lt;/p&gt;<br/>&lt;p&gt;  Typing VnubEH1U in Class Venue field  &lt;/p&gt;<br/>&lt;p&gt;  Typing Test AddressMakati in Address field  &lt;/p&gt;<br/>&lt;p&gt;  Selecting Makati in Area Select Field  &lt;/p&gt;<br/>&lt;p&gt;  Typing 50.0 in Class Capacity field  &lt;/p&gt;<br/>&lt;p&gt;  Typing https://www.youtube.com/watch?v=9azGzlvCygA in Youtube URL field  &lt;/p&gt;<br/>&lt;p&gt;  Clicking Save Class  &lt;/p&gt;<br/>&lt;p&gt;  Element has been located  &lt;/p&gt;<br/>&lt;p&gt;  Finished waiting  &lt;/p&gt;<br/>&lt;br&gt; &lt;img src=Test-Screenshot\2017-03-17_11-19-57\SUCCESS-createGForceClassTest.png  width=&apos;600&apos; height=&apos;400&apos;/&gt; &lt;/br&gt;<br/>&lt;p&gt;  Performing Screenshot  &lt;/p&gt;</div></td></tr></table><p class="totop"><a href="#summary">back to summary</a></p><h3 id="m5">geForceSelenium.gForce.Script.webClassModule#createGForceRegionalClassTest</h3><table class="result"><tr><th>Messages</th></tr><tr><td><div class="messages">&lt;p&gt;  Finished waiting  &lt;/p&gt;<br/>&lt;p&gt;  Selecting G-Force Project Regional in Class Type Select Field  &lt;/p&gt;<br/>&lt;p&gt;  Selecting 2017 in gForceProject SubType Select Field  &lt;/p&gt;<br/>&lt;p&gt;  Typing G-Force Project RegionalfYXJR Davao in Class Name field  &lt;/p&gt;<br/>&lt;p&gt;  Typing 500.0 in Class Rate field  &lt;/p&gt;<br/>&lt;p&gt;  Selecting Danica Mozo in Class Teacher Select Field  &lt;/p&gt;<br/>&lt;p&gt;  Typing VnuZQzk1 in Class Venue field  &lt;/p&gt;<br/>&lt;p&gt;  Typing Test AddressMakati in Address field  &lt;/p&gt;<br/>&lt;p&gt;  Selecting Davao in Area Select Field  &lt;/p&gt;<br/>&lt;p&gt;  Typing 50.0 in Class Capacity field  &lt;/p&gt;<br/>&lt;p&gt;  Typing https://www.youtube.com/watch?v=9azGzlvCygA in Youtube URL field  &lt;/p&gt;<br/>&lt;p&gt;  Clicking Save Class  &lt;/p&gt;<br/>&lt;p&gt;  Element has been located  &lt;/p&gt;<br/>&lt;p&gt;  Finished waiting  &lt;/p&gt;<br/>&lt;br&gt; &lt;img src=Test-Screenshot\2017-03-17_11-19-57\SUCCESS-createGForceRegionalClassTest.png  width=&apos;600&apos; height=&apos;400&apos;/&gt; &lt;/br&gt;<br/>&lt;p&gt;  Performing Screenshot  &lt;/p&gt;</div></td></tr></table><p class="totop"><a href="#summary">back to summary</a></p><h3 id="m6">geForceSelenium.gForce.Script.webClassModule#deleteClassTest</h3><table class="result"><tr><th>Messages</th></tr><tr><td><div class="messages">&lt;p&gt;  Typing ClassNameruA0b in Class Name field  &lt;/p&gt;<br/>&lt;p&gt;  Selecting Open Class in Class Type Select Field  &lt;/p&gt;<br/>&lt;p&gt;  Clicking Search Button  &lt;/p&gt;<br/>&lt;p&gt;  Finished waiting  &lt;/p&gt;<br/>&lt;p&gt;  Finished waiting  &lt;/p&gt;<br/>&lt;p&gt;  Clicking Class Table  &lt;/p&gt;<br/>&lt;p&gt;  Clicking Remove Class  &lt;/p&gt;<br/>&lt;p&gt;  Clicking Delete Class Confirmation  &lt;/p&gt;<br/>&lt;p&gt;  Element has been located  &lt;/p&gt;<br/>&lt;p&gt;  Finished waiting  &lt;/p&gt;<br/>&lt;br&gt; &lt;img src=Test-Screenshot\2017-03-17_11-19-57\SUCCESS-deleteClassTest.png  width=&apos;600&apos; height=&apos;400&apos;/&gt; &lt;/br&gt;<br/>&lt;p&gt;  Performing Screenshot  &lt;/p&gt;</div></td></tr></table><p class="totop"><a href="#summary">back to summary</a></p><h3 id="m7">geForceSelenium.gForce.Script.webClassModule#editClassTest</h3><table class="result"><tr><th>Messages</th></tr><tr><td><div class="messages">&lt;p&gt;  Typing ClassNameUld0Y in Class Name field  &lt;/p&gt;<br/>&lt;p&gt;  Selecting Open Class in Class Type Select Field  &lt;/p&gt;<br/>&lt;p&gt;  Selecting No in Class Published Select Field  &lt;/p&gt;<br/>&lt;p&gt;  Clicking Search Button  &lt;/p&gt;<br/>&lt;p&gt;  Finished waiting  &lt;/p&gt;<br/>&lt;p&gt;  Retrieve this element ClassNameUld0Y  &lt;/p&gt;<br/>&lt;p&gt;  Strings Matched : ClassNameUld0Y &amp; ClassNameUld0Y  &lt;/p&gt;<br/>&lt;p&gt;  Retrieve this element Open Class  &lt;/p&gt;<br/>&lt;p&gt;  Strings Matched : Open Class &amp; Open Class  &lt;/p&gt;<br/>&lt;p&gt;  Clicking Class Table  &lt;/p&gt;<br/>&lt;p&gt;  Clicking Edit Class  &lt;/p&gt;<br/>&lt;p&gt;  Finished waiting  &lt;/p&gt;<br/>&lt;p&gt;  Selecting Open Class in Class Type Select Field  &lt;/p&gt;<br/>&lt;p&gt;  Typing ClassNameruA0b in Class Name field  &lt;/p&gt;<br/>&lt;p&gt;  Typing 300.0 in Class Rate field  &lt;/p&gt;<br/>&lt;p&gt;  Selecting AJ Albaniel in Class Teacher Select Field  &lt;/p&gt;<br/>&lt;p&gt;  Typing VnucgPt7 in Class Venue field  &lt;/p&gt;<br/>&lt;p&gt;  Typing 50.0 in Class Capacity field  &lt;/p&gt;<br/>&lt;p&gt;  Clicking Start Time  &lt;/p&gt;<br/>&lt;p&gt;  Clicking End Time  &lt;/p&gt;<br/>&lt;p&gt;  Typing https://www.youtube.com/watch?v=ll8KDdQzoKY&amp;t=1266s in Youtube URL field  &lt;/p&gt;<br/>&lt;p&gt;  Clicking Save Class  &lt;/p&gt;<br/>&lt;p&gt;  Element has been located  &lt;/p&gt;<br/>&lt;p&gt;  Finished waiting  &lt;/p&gt;<br/>&lt;br&gt; &lt;img src=Test-Screenshot\2017-03-17_11-19-57\SUCCESS-editClassTest.png  width=&apos;600&apos; height=&apos;400&apos;/&gt; &lt;/br&gt;<br/>&lt;p&gt;  Performing Screenshot  &lt;/p&gt;</div></td></tr></table><p class="totop"><a href="#summary">back to summary</a></p></body></html>