<html>
<head>
<title>TestNG:  geForceSelenium.gForce.Script</title>
<link href="../testng.css" rel="stylesheet" type="text/css" />
<link href="../my-testng.css" rel="stylesheet" type="text/css" />

<style type="text/css">
.log { display: none;} 
.stack-trace { display: none;} 
</style>
<script type="text/javascript">
<!--
function flip(e) {
  current = e.style.display;
  if (current == 'block') {
    e.style.display = 'none';
    return 0;
  }
  else {
    e.style.display = 'block';
    return 1;
  }
}

function toggleBox(szDivId, elem, msg1, msg2)
{
  var res = -1;  if (document.getElementById) {
    res = flip(document.getElementById(szDivId));
  }
  else if (document.all) {
    // this is the way old msie versions work
    res = flip(document.all[szDivId]);
  }
  if(elem) {
    if(res == 0) elem.innerHTML = msg1; else elem.innerHTML = msg2;
  }

}

function toggleAllBoxes() {
  if (document.getElementsByTagName) {
    d = document.getElementsByTagName('div');
    for (i = 0; i < d.length; i++) {
      if (d[i].className == 'log') {
        flip(d[i]);
      }
    }
  }
}

// -->
</script>

</head>
<body>
<h2 align='center'>geForceSelenium.gForce.Script</h2><table border='1' align="center">
<tr>
<td>Tests passed/Failed/Skipped:</td><td>11/3/0</td>
</tr><tr>
<td>Started on:</td><td>Wed Feb 22 16:55:51 SGT 2017</td>
</tr>
<tr><td>Total time:</td><td>277 seconds (277965 ms)</td>
</tr><tr>
<td>Included groups:</td><td></td>
</tr><tr>
<td>Excluded groups:</td><td></td>
</tr>
</table><p/>
<small><i>(Hover the method name to see the test class name)</i></small><p/>
<table width='100%' border='1' class='invocation-failed'>
<tr><td colspan='4' align='center'><b>FAILED TESTS</b></td></tr>
<tr><td><b>Test method</b></td>
<td width="30%"><b>Exception</b></td>
<td width="10%"><b>Time (seconds)</b></td>
<td><b>Instance</b></td>
</tr>
<tr>
<td title='geForceSelenium.gForce.Script.webClassModule.createClassTest()'><b>createClassTest</b><br>Test class: geForceSelenium.gForce.Script.webClassModule</td>
<td><div><pre>org.openqa.selenium.TimeoutException: Expected condition failed: waiting for element to be clickable: By.linkText: Add Classes (tried for 10 second(s) with 500 MILLISECONDS interval)
Build info: version: &apos;unknown&apos;, revision: &apos;3169782&apos;, time: &apos;2016-09-29 10:24:50 -0700&apos;
System info: host: &apos;GabbooAlien&apos;, ip: &apos;192.168.30.95&apos;, os.name: &apos;Windows 8.1&apos;, os.arch: &apos;amd64&apos;, os.version: &apos;6.3&apos;, java.version: &apos;1.8.0_111&apos;
Driver info: org.openqa.selenium.firefox.FirefoxDriver
Capabilities [{applicationCacheEnabled=true, rotatable=false, handlesAlerts=true, databaseEnabled=true, version=46.0, platform=WINDOWS, nativeEvents=false, acceptSslCerts=true, webStorageEnabled=true, locationContextEnabled=true, browserName=firefox, takesScreenshot=true, javascriptEnabled=true, cssSelectorsEnabled=true}]
Session ID: 04f19f40-f2bf-477c-bf02-dc109e787323
	at org.openqa.selenium.support.ui.WebDriverWait.timeoutException(WebDriverWait.java:80)
	at org.openqa.selenium.support.ui.FluentWait.until(FluentWait.java:265)
	at geForceSelenium.gForce.Util.Util.clickThis(Util.java:113)
	at geForceSelenium.gForce.POM.webClassPOM.click_addClass_Button(webClassPOM.java:66)
	at geForceSelenium.gForce.Script.webClassModule.createClassTest(webClassModule.java:16)
	at sun.reflect.NativeMethodAccessorImpl.invoke0(Native Method)
	at sun.reflect.NativeMethodAccessorImpl.invoke(Unknown Source)
	at sun.reflect.DelegatingMethodAccessorImpl.invoke(Unknown Source)
	at java.lang.reflect.Method.invoke(Unknown Source)
	at org.testng.internal.MethodInvocationHelper.invokeMethod(MethodInvocationHelper.java:104)
	at org.testng.internal.Invoker.invokeMethod(Invoker.java:645)
	at org.testng.internal.Invoker.invokeTestMethod(Invoker.java:851)
	at org.testng.internal.Invoker.invokeTestMethods(Invoker.java:1177)
	at org.testng.internal.TestMethodWorker.invokeTestMethods(TestMethodWorker.java:129)
	at org.testng.internal.TestMethodWorker.run(TestMethodWorker.java:112)
	at org.testng.TestRunner.privateRun(TestRunner.java:756)
	at org.testng.TestRunner.run(TestRunner.java:610)
	at org.testng.SuiteRunner.runTest(SuiteRunner.java:387)
	at org.testng.SuiteRunner.runSequentially(SuiteRunner.java:382)
	at org.testng.SuiteRunner.privateRun(SuiteRunner.java:340)
	at org.testng.SuiteRunner.run(SuiteRunner.java:289)
	at org.testng.SuiteRunnerWorker.runSuite(SuiteRunnerWorker.java:52)
	at org.testng.SuiteRunnerWorker.run(SuiteRunnerWorker.java:86)
	at org.testng.TestNG.runSuitesSequentially(TestNG.java:1293)
	at org.testng.TestNG.runSuitesLocally(TestNG.java:1218)
	at org.testng.TestNG.runSuites(TestNG.java:1133)
	at org.testng.TestNG.run(TestNG.java:1104)
	at org.testng.remote.AbstractRemoteTestNG.run(AbstractRemoteTestNG.java:132)
	at org.testng.remote.RemoteTestNG.initAndRun(RemoteTestNG.java:236)
	at org.testng.remote.RemoteTestNG.main(RemoteTestNG.java:81)
Caused by: org.openqa.selenium.NoSuchElementException: Unable to locate element: {&quot;method&quot;:&quot;link text&quot;,&quot;selector&quot;:&quot;Add Classes&quot;}
Command duration or timeout: 12.50 seconds
For documentation on this error, please visit: http://seleniumhq.org/exceptions/no_such_element.html
Build info: version: &apos;unknown&apos;, revision: &apos;3169782&apos;, time: &apos;2016-09-29 10:24:50 -0700&apos;
System info: host: &apos;GabbooAlien&apos;, ip: &apos;192.168.30.95&apos;, os.name: &apos;Windows 8.1&apos;, os.arch: &apos;amd64&apos;, os.version: &apos;6.3&apos;, java.version: &apos;1.8.0_111&apos;
Driver info: org.openqa.selenium.firefox.FirefoxDriver
Capabilities [{applicationCacheEnabled=true, rotatable=false, handlesAlerts=true, databaseEnabled=true, version=46.0, platform=WINDOWS, nativeEvents=false, acceptSslCerts=true, webStorageEnabled=true, locationContextEnabled=true, browserName=firefox, takesScreenshot=true, javascriptEnabled=true, cssSelectorsEnabled=true}]
Session ID: 04f19f40-f2bf-477c-bf02-dc109e787323
*** Element info: {Using=link text, value=Add Classes}
	at sun.reflect.NativeConstructorAccessorImpl.newInstance0(Native Method)
	at sun.reflect.NativeConstructorAccessorImpl.newInstance(Unknown Source)
	at sun.reflect.DelegatingConstructorAccessorImpl.newInstance(Unknown Source)
	at java.lang.reflect.Constructor.newInstance(Unknown Source)
	at org.openqa.selenium.remote.ErrorHandler.createThrowable(ErrorHandler.java:206)
	at org.openqa.selenium.remote.ErrorHandler.throwIfResponseFailed(ErrorHandler.java:158)
	at org.openqa.selenium.remote.RemoteWebDriver.execute(RemoteWebDriver.java:636)
	at org.openqa.selenium.remote.RemoteWebDriver.findElement(RemoteWebDriver.java:369)
	at org.openqa.selenium.remote.RemoteWebDriver.findElementByLinkText(RemoteWebDriver.java:426)
	at org.openqa.selenium.By$ByLinkText.findElement(By.java:246)
	at org.openqa.selenium.remote.RemoteWebDriver.findElement(RemoteWebDriver.java:361)
	at org.openqa.selenium.support.ui.ExpectedConditions.findElement(ExpectedConditions.java:895)
	at org.openqa.selenium.support.ui.ExpectedConditions.access$000(ExpectedConditions.java:41)
	at org.openqa.selenium.support.ui.ExpectedConditions$7.apply(ExpectedConditions.java:205)
	at org.openqa.selenium.support.ui.ExpectedConditions$7.apply(ExpectedConditions.java:201)
	at org.openqa.selenium.support.ui.ExpectedConditions$22.apply(ExpectedConditions.java:651)
	at org.openqa.selenium.support.ui.ExpectedConditions$22.apply(ExpectedConditions.java:644)
	at org.openqa.selenium.support.ui.FluentWait.until(FluentWait.java:238)
	... 28 more
Caused by: org.openqa.selenium.NoSuchElementException: Unable to locate element: {&quot;method&quot;:&quot;link text&quot;,&quot;selector&quot;:&quot;Add Classes&quot;}
For documentation on this error, please visit: http://seleniumhq.org/exceptions/no_such_element.html
Build info: version: &apos;unknown&apos;, revision: &apos;3169782&apos;, time: &apos;2016-09-29 10:24:50 -0700&apos;
System info: host: &apos;GabbooAlien&apos;, ip: &apos;192.168.30.95&apos;, os.name: &apos;Windows 8.1&apos;, os.arch: &apos;amd64&apos;, os.version: &apos;6.3&apos;, java.version: &apos;1.8.0_111&apos;
Driver info: driver.version: unknown
	at &lt;anonymous class&gt;.FirefoxDriver.prototype.findElementInternal_(file:///C:/Users/Gabo/AppData/Local/Temp/anonymous1051115223867569056webdriver-profile/extensions/fxdriver@googlecode.com/components/driver-component.js:11187)
	at &lt;anonymous class&gt;.FirefoxDriver.prototype.findElement(file:///C:/Users/Gabo/AppData/Local/Temp/anonymous1051115223867569056webdriver-profile/extensions/fxdriver@googlecode.com/components/driver-component.js:11196)
	at &lt;anonymous class&gt;.DelayedCommand.prototype.executeInternal_/h(file:///C:/Users/Gabo/AppData/Local/Temp/anonymous1051115223867569056webdriver-profile/extensions/fxdriver@googlecode.com/components/command-processor.js:12698)
	at &lt;anonymous class&gt;.DelayedCommand.prototype.executeInternal_(file:///C:/Users/Gabo/AppData/Local/Temp/anonymous1051115223867569056webdriver-profile/extensions/fxdriver@googlecode.com/components/command-processor.js:12703)
	at &lt;anonymous class&gt;.DelayedCommand.prototype.execute/&lt;(file:///C:/Users/Gabo/AppData/Local/Temp/anonymous1051115223867569056webdriver-profile/extensions/fxdriver@googlecode.com/components/command-processor.js:12645)
</pre></div><a href='#' onClick='toggleBox("stack-trace1158676965", this, "Click to show all stack frames", "Click to hide stack frames")'>Click to show all stack frames</a>
<div class='stack-trace' id='stack-trace1158676965'><pre>org.openqa.selenium.TimeoutException: Expected condition failed: waiting for element to be clickable: By.linkText: Add Classes (tried for 10 second(s) with 500 MILLISECONDS interval)
Build info: version: &apos;unknown&apos;, revision: &apos;3169782&apos;, time: &apos;2016-09-29 10:24:50 -0700&apos;
System info: host: &apos;GabbooAlien&apos;, ip: &apos;192.168.30.95&apos;, os.name: &apos;Windows 8.1&apos;, os.arch: &apos;amd64&apos;, os.version: &apos;6.3&apos;, java.version: &apos;1.8.0_111&apos;
Driver info: org.openqa.selenium.firefox.FirefoxDriver
Capabilities [{applicationCacheEnabled=true, rotatable=false, handlesAlerts=true, databaseEnabled=true, version=46.0, platform=WINDOWS, nativeEvents=false, acceptSslCerts=true, webStorageEnabled=true, locationContextEnabled=true, browserName=firefox, takesScreenshot=true, javascriptEnabled=true, cssSelectorsEnabled=true}]
Session ID: 04f19f40-f2bf-477c-bf02-dc109e787323
	at org.openqa.selenium.support.ui.WebDriverWait.timeoutException(WebDriverWait.java:80)
	at org.openqa.selenium.support.ui.FluentWait.until(FluentWait.java:265)
	at geForceSelenium.gForce.Util.Util.clickThis(Util.java:113)
	at geForceSelenium.gForce.POM.webClassPOM.click_addClass_Button(webClassPOM.java:66)
	at geForceSelenium.gForce.Script.webClassModule.createClassTest(webClassModule.java:16)
	at sun.reflect.NativeMethodAccessorImpl.invoke0(Native Method)
	at sun.reflect.NativeMethodAccessorImpl.invoke(Unknown Source)
	at sun.reflect.DelegatingMethodAccessorImpl.invoke(Unknown Source)
	at java.lang.reflect.Method.invoke(Unknown Source)
	at org.testng.internal.MethodInvocationHelper.invokeMethod(MethodInvocationHelper.java:104)
	at org.testng.internal.Invoker.invokeMethod(Invoker.java:645)
	at org.testng.internal.Invoker.invokeTestMethod(Invoker.java:851)
	at org.testng.internal.Invoker.invokeTestMethods(Invoker.java:1177)
	at org.testng.internal.TestMethodWorker.invokeTestMethods(TestMethodWorker.java:129)
	at org.testng.internal.TestMethodWorker.run(TestMethodWorker.java:112)
	at org.testng.TestRunner.privateRun(TestRunner.java:756)
	at org.testng.TestRunner.run(TestRunner.java:610)
	at org.testng.SuiteRunner.runTest(SuiteRunner.java:387)
	at org.testng.SuiteRunner.runSequentially(SuiteRunner.java:382)
	at org.testng.SuiteRunner.privateRun(SuiteRunner.java:340)
	at org.testng.SuiteRunner.run(SuiteRunner.java:289)
	at org.testng.SuiteRunnerWorker.runSuite(SuiteRunnerWorker.java:52)
	at org.testng.SuiteRunnerWorker.run(SuiteRunnerWorker.java:86)
	at org.testng.TestNG.runSuitesSequentially(TestNG.java:1293)
	at org.testng.TestNG.runSuitesLocally(TestNG.java:1218)
	at org.testng.TestNG.runSuites(TestNG.java:1133)
	at org.testng.TestNG.run(TestNG.java:1104)
	at org.testng.remote.AbstractRemoteTestNG.run(AbstractRemoteTestNG.java:132)
	at org.testng.remote.RemoteTestNG.initAndRun(RemoteTestNG.java:236)
	at org.testng.remote.RemoteTestNG.main(RemoteTestNG.java:81)
Caused by: org.openqa.selenium.NoSuchElementException: Unable to locate element: {&quot;method&quot;:&quot;link text&quot;,&quot;selector&quot;:&quot;Add Classes&quot;}
Command duration or timeout: 12.50 seconds
For documentation on this error, please visit: http://seleniumhq.org/exceptions/no_such_element.html
Build info: version: &apos;unknown&apos;, revision: &apos;3169782&apos;, time: &apos;2016-09-29 10:24:50 -0700&apos;
System info: host: &apos;GabbooAlien&apos;, ip: &apos;192.168.30.95&apos;, os.name: &apos;Windows 8.1&apos;, os.arch: &apos;amd64&apos;, os.version: &apos;6.3&apos;, java.version: &apos;1.8.0_111&apos;
Driver info: org.openqa.selenium.firefox.FirefoxDriver
Capabilities [{applicationCacheEnabled=true, rotatable=false, handlesAlerts=true, databaseEnabled=true, version=46.0, platform=WINDOWS, nativeEvents=false, acceptSslCerts=true, webStorageEnabled=true, locationContextEnabled=true, browserName=firefox, takesScreenshot=true, javascriptEnabled=true, cssSelectorsEnabled=true}]
Session ID: 04f19f40-f2bf-477c-bf02-dc109e787323
*** Element info: {Using=link text, value=Add Classes}
	at sun.reflect.NativeConstructorAccessorImpl.newInstance0(Native Method)
	at sun.reflect.NativeConstructorAccessorImpl.newInstance(Unknown Source)
	at sun.reflect.DelegatingConstructorAccessorImpl.newInstance(Unknown Source)
	at java.lang.reflect.Constructor.newInstance(Unknown Source)
	at org.openqa.selenium.remote.ErrorHandler.createThrowable(ErrorHandler.java:206)
	at org.openqa.selenium.remote.ErrorHandler.throwIfResponseFailed(ErrorHandler.java:158)
	at org.openqa.selenium.remote.RemoteWebDriver.execute(RemoteWebDriver.java:636)
	at org.openqa.selenium.remote.RemoteWebDriver.findElement(RemoteWebDriver.java:369)
	at org.openqa.selenium.remote.RemoteWebDriver.findElementByLinkText(RemoteWebDriver.java:426)
	at org.openqa.selenium.By$ByLinkText.findElement(By.java:246)
	at org.openqa.selenium.remote.RemoteWebDriver.findElement(RemoteWebDriver.java:361)
	at org.openqa.selenium.support.ui.ExpectedConditions.findElement(ExpectedConditions.java:895)
	at org.openqa.selenium.support.ui.ExpectedConditions.access$000(ExpectedConditions.java:41)
	at org.openqa.selenium.support.ui.ExpectedConditions$7.apply(ExpectedConditions.java:205)
	at org.openqa.selenium.support.ui.ExpectedConditions$7.apply(ExpectedConditions.java:201)
	at org.openqa.selenium.support.ui.ExpectedConditions$22.apply(ExpectedConditions.java:651)
	at org.openqa.selenium.support.ui.ExpectedConditions$22.apply(ExpectedConditions.java:644)
	at org.openqa.selenium.support.ui.FluentWait.until(FluentWait.java:238)
	... 28 more
Caused by: org.openqa.selenium.NoSuchElementException: Unable to locate element: {&quot;method&quot;:&quot;link text&quot;,&quot;selector&quot;:&quot;Add Classes&quot;}
For documentation on this error, please visit: http://seleniumhq.org/exceptions/no_such_element.html
Build info: version: &apos;unknown&apos;, revision: &apos;3169782&apos;, time: &apos;2016-09-29 10:24:50 -0700&apos;
System info: host: &apos;GabbooAlien&apos;, ip: &apos;192.168.30.95&apos;, os.name: &apos;Windows 8.1&apos;, os.arch: &apos;amd64&apos;, os.version: &apos;6.3&apos;, java.version: &apos;1.8.0_111&apos;
Driver info: driver.version: unknown
	at &lt;anonymous class&gt;.FirefoxDriver.prototype.findElementInternal_(file:///C:/Users/Gabo/AppData/Local/Temp/anonymous1051115223867569056webdriver-profile/extensions/fxdriver@googlecode.com/components/driver-component.js:11187)
	at &lt;anonymous class&gt;.FirefoxDriver.prototype.findElement(file:///C:/Users/Gabo/AppData/Local/Temp/anonymous1051115223867569056webdriver-profile/extensions/fxdriver@googlecode.com/components/driver-component.js:11196)
	at &lt;anonymous class&gt;.DelayedCommand.prototype.executeInternal_/h(file:///C:/Users/Gabo/AppData/Local/Temp/anonymous1051115223867569056webdriver-profile/extensions/fxdriver@googlecode.com/components/command-processor.js:12698)
	at &lt;anonymous class&gt;.DelayedCommand.prototype.executeInternal_(file:///C:/Users/Gabo/AppData/Local/Temp/anonymous1051115223867569056webdriver-profile/extensions/fxdriver@googlecode.com/components/command-processor.js:12703)
	at &lt;anonymous class&gt;.DelayedCommand.prototype.execute/&lt;(file:///C:/Users/Gabo/AppData/Local/Temp/anonymous1051115223867569056webdriver-profile/extensions/fxdriver@googlecode.com/components/command-processor.js:12645)
</pre></div></td>
<td>15</td>
<td>geForceSelenium.gForce.Script.webClassModule@6f7fd0e6</td></tr>
<tr>
<td title='geForceSelenium.gForce.Script.webStudentModule.editStudentTest()'><b>editStudentTest</b><br>Test class: geForceSelenium.gForce.Script.webStudentModule</td>
<td><div><pre>org.openqa.selenium.NoSuchElementException: Unable to locate element: {&quot;method&quot;:&quot;css selector&quot;,&quot;selector&quot;:&quot;td.ng-binding&quot;}
Command duration or timeout: 15 milliseconds
For documentation on this error, please visit: http://seleniumhq.org/exceptions/no_such_element.html
Build info: version: &apos;unknown&apos;, revision: &apos;3169782&apos;, time: &apos;2016-09-29 10:24:50 -0700&apos;
System info: host: &apos;GabbooAlien&apos;, ip: &apos;192.168.30.95&apos;, os.name: &apos;Windows 8.1&apos;, os.arch: &apos;amd64&apos;, os.version: &apos;6.3&apos;, java.version: &apos;1.8.0_111&apos;
Driver info: org.openqa.selenium.firefox.FirefoxDriver
Capabilities [{applicationCacheEnabled=true, rotatable=false, handlesAlerts=true, databaseEnabled=true, version=46.0, platform=WINDOWS, nativeEvents=false, acceptSslCerts=true, webStorageEnabled=true, locationContextEnabled=true, browserName=firefox, takesScreenshot=true, javascriptEnabled=true, cssSelectorsEnabled=true}]
Session ID: 04f19f40-f2bf-477c-bf02-dc109e787323
*** Element info: {Using=css selector, value=td.ng-binding}
	at sun.reflect.GeneratedConstructorAccessor12.newInstance(Unknown Source)
	at sun.reflect.DelegatingConstructorAccessorImpl.newInstance(Unknown Source)
	at java.lang.reflect.Constructor.newInstance(Unknown Source)
	at org.openqa.selenium.remote.ErrorHandler.createThrowable(ErrorHandler.java:206)
	at org.openqa.selenium.remote.ErrorHandler.throwIfResponseFailed(ErrorHandler.java:158)
	at org.openqa.selenium.remote.RemoteWebDriver.execute(RemoteWebDriver.java:636)
	at org.openqa.selenium.remote.RemoteWebDriver.findElement(RemoteWebDriver.java:369)
	at org.openqa.selenium.remote.RemoteWebDriver.findElementByCssSelector(RemoteWebDriver.java:466)
	at org.openqa.selenium.By$ByCssSelector.findElement(By.java:430)
	at org.openqa.selenium.remote.RemoteWebDriver.findElement(RemoteWebDriver.java:361)
	at geForceSelenium.gForce.Script.webStudentModule.editStudentTest(webStudentModule.java:56)
	at sun.reflect.NativeMethodAccessorImpl.invoke0(Native Method)
	at sun.reflect.NativeMethodAccessorImpl.invoke(Unknown Source)
	at sun.reflect.DelegatingMethodAccessorImpl.invoke(Unknown Source)
	at java.lang.reflect.Method.invoke(Unknown Source)
	at org.testng.internal.MethodInvocationHelper.invokeMethod(MethodInvocationHelper.java:104)
	at org.testng.internal.Invoker.invokeMethod(Invoker.java:645)
	at org.testng.internal.Invoker.invokeTestMethod(Invoker.java:851)
	at org.testng.internal.Invoker.invokeTestMethods(Invoker.java:1177)
	at org.testng.internal.TestMethodWorker.invokeTestMethods(TestMethodWorker.java:129)
	at org.testng.internal.TestMethodWorker.run(TestMethodWorker.java:112)
	at org.testng.TestRunner.privateRun(TestRunner.java:756)
	at org.testng.TestRunner.run(TestRunner.java:610)
	at org.testng.SuiteRunner.runTest(SuiteRunner.java:387)
	at org.testng.SuiteRunner.runSequentially(SuiteRunner.java:382)
	at org.testng.SuiteRunner.privateRun(SuiteRunner.java:340)
	at org.testng.SuiteRunner.run(SuiteRunner.java:289)
	at org.testng.SuiteRunnerWorker.runSuite(SuiteRunnerWorker.java:52)
	at org.testng.SuiteRunnerWorker.run(SuiteRunnerWorker.java:86)
	at org.testng.TestNG.runSuitesSequentially(TestNG.java:1293)
	at org.testng.TestNG.runSuitesLocally(TestNG.java:1218)
	at org.testng.TestNG.runSuites(TestNG.java:1133)
	at org.testng.TestNG.run(TestNG.java:1104)
	at org.testng.remote.AbstractRemoteTestNG.run(AbstractRemoteTestNG.java:132)
	at org.testng.remote.RemoteTestNG.initAndRun(RemoteTestNG.java:236)
	at org.testng.remote.RemoteTestNG.main(RemoteTestNG.java:81)
Caused by: org.openqa.selenium.NoSuchElementException: Unable to locate element: {&quot;method&quot;:&quot;css selector&quot;,&quot;selector&quot;:&quot;td.ng-binding&quot;}
For documentation on this error, please visit: http://seleniumhq.org/exceptions/no_such_element.html
Build info: version: &apos;unknown&apos;, revision: &apos;3169782&apos;, time: &apos;2016-09-29 10:24:50 -0700&apos;
System info: host: &apos;GabbooAlien&apos;, ip: &apos;192.168.30.95&apos;, os.name: &apos;Windows 8.1&apos;, os.arch: &apos;amd64&apos;, os.version: &apos;6.3&apos;, java.version: &apos;1.8.0_111&apos;
Driver info: driver.version: unknown
	at &lt;anonymous class&gt;.FirefoxDriver.prototype.findElementInternal_(file:///C:/Users/Gabo/AppData/Local/Temp/anonymous1051115223867569056webdriver-profile/extensions/fxdriver@googlecode.com/components/driver-component.js:11187)
	at &lt;anonymous class&gt;.FirefoxDriver.prototype.findElement(file:///C:/Users/Gabo/AppData/Local/Temp/anonymous1051115223867569056webdriver-profile/extensions/fxdriver@googlecode.com/components/driver-component.js:11196)
	at &lt;anonymous class&gt;.DelayedCommand.prototype.executeInternal_/h(file:///C:/Users/Gabo/AppData/Local/Temp/anonymous1051115223867569056webdriver-profile/extensions/fxdriver@googlecode.com/components/command-processor.js:12698)
	at &lt;anonymous class&gt;.DelayedCommand.prototype.executeInternal_(file:///C:/Users/Gabo/AppData/Local/Temp/anonymous1051115223867569056webdriver-profile/extensions/fxdriver@googlecode.com/components/command-processor.js:12703)
	at &lt;anonymous class&gt;.DelayedCommand.prototype.execute/&lt;(file:///C:/Users/Gabo/AppData/Local/Temp/anonymous1051115223867569056webdriver-profile/extensions/fxdriver@googlecode.com/components/command-processor.js:12645)
</pre></div><a href='#' onClick='toggleBox("stack-trace872669868", this, "Click to show all stack frames", "Click to hide stack frames")'>Click to show all stack frames</a>
<div class='stack-trace' id='stack-trace872669868'><pre>org.openqa.selenium.NoSuchElementException: Unable to locate element: {&quot;method&quot;:&quot;css selector&quot;,&quot;selector&quot;:&quot;td.ng-binding&quot;}
Command duration or timeout: 15 milliseconds
For documentation on this error, please visit: http://seleniumhq.org/exceptions/no_such_element.html
Build info: version: &apos;unknown&apos;, revision: &apos;3169782&apos;, time: &apos;2016-09-29 10:24:50 -0700&apos;
System info: host: &apos;GabbooAlien&apos;, ip: &apos;192.168.30.95&apos;, os.name: &apos;Windows 8.1&apos;, os.arch: &apos;amd64&apos;, os.version: &apos;6.3&apos;, java.version: &apos;1.8.0_111&apos;
Driver info: org.openqa.selenium.firefox.FirefoxDriver
Capabilities [{applicationCacheEnabled=true, rotatable=false, handlesAlerts=true, databaseEnabled=true, version=46.0, platform=WINDOWS, nativeEvents=false, acceptSslCerts=true, webStorageEnabled=true, locationContextEnabled=true, browserName=firefox, takesScreenshot=true, javascriptEnabled=true, cssSelectorsEnabled=true}]
Session ID: 04f19f40-f2bf-477c-bf02-dc109e787323
*** Element info: {Using=css selector, value=td.ng-binding}
	at sun.reflect.GeneratedConstructorAccessor12.newInstance(Unknown Source)
	at sun.reflect.DelegatingConstructorAccessorImpl.newInstance(Unknown Source)
	at java.lang.reflect.Constructor.newInstance(Unknown Source)
	at org.openqa.selenium.remote.ErrorHandler.createThrowable(ErrorHandler.java:206)
	at org.openqa.selenium.remote.ErrorHandler.throwIfResponseFailed(ErrorHandler.java:158)
	at org.openqa.selenium.remote.RemoteWebDriver.execute(RemoteWebDriver.java:636)
	at org.openqa.selenium.remote.RemoteWebDriver.findElement(RemoteWebDriver.java:369)
	at org.openqa.selenium.remote.RemoteWebDriver.findElementByCssSelector(RemoteWebDriver.java:466)
	at org.openqa.selenium.By$ByCssSelector.findElement(By.java:430)
	at org.openqa.selenium.remote.RemoteWebDriver.findElement(RemoteWebDriver.java:361)
	at geForceSelenium.gForce.Script.webStudentModule.editStudentTest(webStudentModule.java:56)
	at sun.reflect.NativeMethodAccessorImpl.invoke0(Native Method)
	at sun.reflect.NativeMethodAccessorImpl.invoke(Unknown Source)
	at sun.reflect.DelegatingMethodAccessorImpl.invoke(Unknown Source)
	at java.lang.reflect.Method.invoke(Unknown Source)
	at org.testng.internal.MethodInvocationHelper.invokeMethod(MethodInvocationHelper.java:104)
	at org.testng.internal.Invoker.invokeMethod(Invoker.java:645)
	at org.testng.internal.Invoker.invokeTestMethod(Invoker.java:851)
	at org.testng.internal.Invoker.invokeTestMethods(Invoker.java:1177)
	at org.testng.internal.TestMethodWorker.invokeTestMethods(TestMethodWorker.java:129)
	at org.testng.internal.TestMethodWorker.run(TestMethodWorker.java:112)
	at org.testng.TestRunner.privateRun(TestRunner.java:756)
	at org.testng.TestRunner.run(TestRunner.java:610)
	at org.testng.SuiteRunner.runTest(SuiteRunner.java:387)
	at org.testng.SuiteRunner.runSequentially(SuiteRunner.java:382)
	at org.testng.SuiteRunner.privateRun(SuiteRunner.java:340)
	at org.testng.SuiteRunner.run(SuiteRunner.java:289)
	at org.testng.SuiteRunnerWorker.runSuite(SuiteRunnerWorker.java:52)
	at org.testng.SuiteRunnerWorker.run(SuiteRunnerWorker.java:86)
	at org.testng.TestNG.runSuitesSequentially(TestNG.java:1293)
	at org.testng.TestNG.runSuitesLocally(TestNG.java:1218)
	at org.testng.TestNG.runSuites(TestNG.java:1133)
	at org.testng.TestNG.run(TestNG.java:1104)
	at org.testng.remote.AbstractRemoteTestNG.run(AbstractRemoteTestNG.java:132)
	at org.testng.remote.RemoteTestNG.initAndRun(RemoteTestNG.java:236)
	at org.testng.remote.RemoteTestNG.main(RemoteTestNG.java:81)
Caused by: org.openqa.selenium.NoSuchElementException: Unable to locate element: {&quot;method&quot;:&quot;css selector&quot;,&quot;selector&quot;:&quot;td.ng-binding&quot;}
For documentation on this error, please visit: http://seleniumhq.org/exceptions/no_such_element.html
Build info: version: &apos;unknown&apos;, revision: &apos;3169782&apos;, time: &apos;2016-09-29 10:24:50 -0700&apos;
System info: host: &apos;GabbooAlien&apos;, ip: &apos;192.168.30.95&apos;, os.name: &apos;Windows 8.1&apos;, os.arch: &apos;amd64&apos;, os.version: &apos;6.3&apos;, java.version: &apos;1.8.0_111&apos;
Driver info: driver.version: unknown
	at &lt;anonymous class&gt;.FirefoxDriver.prototype.findElementInternal_(file:///C:/Users/Gabo/AppData/Local/Temp/anonymous1051115223867569056webdriver-profile/extensions/fxdriver@googlecode.com/components/driver-component.js:11187)
	at &lt;anonymous class&gt;.FirefoxDriver.prototype.findElement(file:///C:/Users/Gabo/AppData/Local/Temp/anonymous1051115223867569056webdriver-profile/extensions/fxdriver@googlecode.com/components/driver-component.js:11196)
	at &lt;anonymous class&gt;.DelayedCommand.prototype.executeInternal_/h(file:///C:/Users/Gabo/AppData/Local/Temp/anonymous1051115223867569056webdriver-profile/extensions/fxdriver@googlecode.com/components/command-processor.js:12698)
	at &lt;anonymous class&gt;.DelayedCommand.prototype.executeInternal_(file:///C:/Users/Gabo/AppData/Local/Temp/anonymous1051115223867569056webdriver-profile/extensions/fxdriver@googlecode.com/components/command-processor.js:12703)
	at &lt;anonymous class&gt;.DelayedCommand.prototype.execute/&lt;(file:///C:/Users/Gabo/AppData/Local/Temp/anonymous1051115223867569056webdriver-profile/extensions/fxdriver@googlecode.com/components/command-processor.js:12645)
</pre></div></td>
<td>0</td>
<td>geForceSelenium.gForce.Script.webStudentModule@47c62251</td></tr>
<tr>
<td title='geForceSelenium.gForce.Script.webClassModule.searchClassTest()'><b>searchClassTest</b><br>Test class: geForceSelenium.gForce.Script.webClassModule<br/>
<a href="#Output-1311844206" onClick='toggleBox("Output-1311844206", this, "Show output", "Hide output");'>Show output</a>

<a href="#Output-1311844206" onClick="toggleAllBoxes();">Show all outputs</a>
<div class='log' id="Output-1311844206">
<p>Type this ClassNamelvGBj</p><br/>
<p>Typing ClassNamelvGBj in Class Name field</p><br/>
<p>Selecting Open Class in Class Type Select Field</p><br/>
<p>Selecting No in Class Published Select Field</p><br/>
<p>Clicking Search Button</p><br/>
<p>Finished waiting</p><br/>
<p>Finished waiting</p><br/>
<p>Retrieve this element ClassNameHTfjd</p><br/>
<p>Did not match: ClassNameHTfjd & ClassNamelvGBj</p><br/>
</div>
</td>
<td><div><pre>java.lang.AssertionError: expected [true] but found [false]
	at org.testng.Assert.fail(Assert.java:94)
	at org.testng.Assert.failNotEquals(Assert.java:513)
	at org.testng.Assert.assertTrue(Assert.java:42)
	at org.testng.Assert.assertTrue(Assert.java:52)
	at geForceSelenium.gForce.Util.Util.compareStrings(Util.java:195)
	at geForceSelenium.gForce.Script.webClassModule.searchClassTest(webClassModule.java:45)
	at sun.reflect.NativeMethodAccessorImpl.invoke0(Native Method)
	at sun.reflect.NativeMethodAccessorImpl.invoke(Unknown Source)
	at sun.reflect.DelegatingMethodAccessorImpl.invoke(Unknown Source)
	at java.lang.reflect.Method.invoke(Unknown Source)
	at org.testng.internal.MethodInvocationHelper.invokeMethod(MethodInvocationHelper.java:104)
	at org.testng.internal.Invoker.invokeMethod(Invoker.java:645)
	at org.testng.internal.Invoker.invokeTestMethod(Invoker.java:851)
	at org.testng.internal.Invoker.invokeTestMethods(Invoker.java:1177)
	at org.testng.internal.TestMethodWorker.invokeTestMethods(TestMethodWorker.java:129)
	at org.testng.internal.TestMethodWorker.run(TestMethodWorker.java:112)
	at org.testng.TestRunner.privateRun(TestRunner.java:756)
	at org.testng.TestRunner.run(TestRunner.java:610)
	at org.testng.SuiteRunner.runTest(SuiteRunner.java:387)
	at org.testng.SuiteRunner.runSequentially(SuiteRunner.java:382)
	at org.testng.SuiteRunner.privateRun(SuiteRunner.java:340)
	at org.testng.SuiteRunner.run(SuiteRunner.java:289)
	at org.testng.SuiteRunnerWorker.runSuite(SuiteRunnerWorker.java:52)
	at org.testng.SuiteRunnerWorker.run(SuiteRunnerWorker.java:86)
	at org.testng.TestNG.runSuitesSequentially(TestNG.java:1293)
	at org.testng.TestNG.runSuitesLocally(TestNG.java:1218)
	at org.testng.TestNG.runSuites(TestNG.java:1133)
	at org.testng.TestNG.run(TestNG.java:1104)
	at org.testng.remote.AbstractRemoteTestNG.run(AbstractRemoteTestNG.java:132)
	at org.testng.remote.RemoteTestNG.initAndRun(RemoteTestNG.java:236)
	at org.testng.remote.RemoteTestNG.main(RemoteTestNG.java:81)
</pre></div><a href='#' onClick='toggleBox("stack-trace1311844206", this, "Click to show all stack frames", "Click to hide stack frames")'>Click to show all stack frames</a>
<div class='stack-trace' id='stack-trace1311844206'><pre>java.lang.AssertionError: expected [true] but found [false]
	at org.testng.Assert.fail(Assert.java:94)
	at org.testng.Assert.failNotEquals(Assert.java:513)
	at org.testng.Assert.assertTrue(Assert.java:42)
	at org.testng.Assert.assertTrue(Assert.java:52)
	at geForceSelenium.gForce.Util.Util.compareStrings(Util.java:195)
	at geForceSelenium.gForce.Script.webClassModule.searchClassTest(webClassModule.java:45)
	at sun.reflect.NativeMethodAccessorImpl.invoke0(Native Method)
	at sun.reflect.NativeMethodAccessorImpl.invoke(Unknown Source)
	at sun.reflect.DelegatingMethodAccessorImpl.invoke(Unknown Source)
	at java.lang.reflect.Method.invoke(Unknown Source)
	at org.testng.internal.MethodInvocationHelper.invokeMethod(MethodInvocationHelper.java:104)
	at org.testng.internal.Invoker.invokeMethod(Invoker.java:645)
	at org.testng.internal.Invoker.invokeTestMethod(Invoker.java:851)
	at org.testng.internal.Invoker.invokeTestMethods(Invoker.java:1177)
	at org.testng.internal.TestMethodWorker.invokeTestMethods(TestMethodWorker.java:129)
	at org.testng.internal.TestMethodWorker.run(TestMethodWorker.java:112)
	at org.testng.TestRunner.privateRun(TestRunner.java:756)
	at org.testng.TestRunner.run(TestRunner.java:610)
	at org.testng.SuiteRunner.runTest(SuiteRunner.java:387)
	at org.testng.SuiteRunner.runSequentially(SuiteRunner.java:382)
	at org.testng.SuiteRunner.privateRun(SuiteRunner.java:340)
	at org.testng.SuiteRunner.run(SuiteRunner.java:289)
	at org.testng.SuiteRunnerWorker.runSuite(SuiteRunnerWorker.java:52)
	at org.testng.SuiteRunnerWorker.run(SuiteRunnerWorker.java:86)
	at org.testng.TestNG.runSuitesSequentially(TestNG.java:1293)
	at org.testng.TestNG.runSuitesLocally(TestNG.java:1218)
	at org.testng.TestNG.runSuites(TestNG.java:1133)
	at org.testng.TestNG.run(TestNG.java:1104)
	at org.testng.remote.AbstractRemoteTestNG.run(AbstractRemoteTestNG.java:132)
	at org.testng.remote.RemoteTestNG.initAndRun(RemoteTestNG.java:236)
	at org.testng.remote.RemoteTestNG.main(RemoteTestNG.java:81)
</pre></div></td>
<td>9</td>
<td>geForceSelenium.gForce.Script.webClassModule@6f7fd0e6</td></tr>
</table><p>
<table width='100%' border='1' class='invocation-passed'>
<tr><td colspan='4' align='center'><b>PASSED TESTS</b></td></tr>
<tr><td><b>Test method</b></td>
<td width="30%"><b>Exception</b></td>
<td width="10%"><b>Time (seconds)</b></td>
<td><b>Instance</b></td>
</tr>
<tr>
<td title='geForceSelenium.gForce.Script.webStudentModule.createStudentTest()'><b>createStudentTest</b><br>Test class: geForceSelenium.gForce.Script.webStudentModule<br/>
<a href="#Output-2109839984" onClick='toggleBox("Output-2109839984", this, "Show output", "Hide output");'>Show output</a>

<a href="#Output-2109839984" onClick="toggleAllBoxes();">Show all outputs</a>
<div class='log' id="Output-2109839984">
<p>Clicking Student Tab Link</p><br/>
<p>Clicking Add Student</p><br/>
<p>Finished waiting</p><br/>
<p>Type this eL3J8VHA</p><br/>
<p>Typing eL3J8VHA in First Name Field field</p><br/>
<p>Type this 0bQoCl5g</p><br/>
<p>Typing 0bQoCl5g in Middle Name Field field</p><br/>
<p>Type this qCAb3zxO</p><br/>
<p>Typing qCAb3zxO in Last Name Field field</p><br/>
<p>Type this vH0clemail@mailinator.com</p><br/>
<p>Typing vH0clemail@mailinator.com in Email Address Field field</p><br/>
<p>Clicking Gender 'Male'</p><br/>
<p>Type this 1990</p><br/>
<p>Typing 1990 in Birth Date Field field</p><br/>
<p>Type this 9654321</p><br/>
<p>Typing 9654321 in Address Field field</p><br/>
<p>Type this Password1!</p><br/>
<p>Typing Password1! in New Password field</p><br/>
<p>Type this Password1!</p><br/>
<p>Typing Password1! in New Password field</p><br/>
<p>Type this emergencyName</p><br/>
<p>Typing emergencyName in Emergency Contact Name field</p><br/>
<p>Type this emergencyNumber</p><br/>
<p>Typing emergencyNumber in Emergency Contact Number field</p><br/>
<p>Clicking Save Student</p><br/>
</div>
</td>
<td></td>
<td>7</td>
<td>geForceSelenium.gForce.Script.webStudentModule@47c62251</td></tr>
<tr>
<td title='geForceSelenium.gForce.Script.webTeacherModule.createTeacherFutureDateTest()'><b>createTeacherFutureDateTest</b><br>Test class: geForceSelenium.gForce.Script.webTeacherModule<br/>
<a href="#Output-1481818223" onClick='toggleBox("Output-1481818223", this, "Show output", "Hide output");'>Show output</a>

<a href="#Output-1481818223" onClick="toggleAllBoxes();">Show all outputs</a>
<div class='log' id="Output-1481818223">
<p>Clicking Teacher</p><br/>
<p>Finished waiting</p><br/>
<p>Type this TRAINERTEACHER qA5Ul</p><br/>
<p>Typing TRAINERTEACHER qA5Ul in First Name field</p><br/>
<p>Type this CkrW88qc</p><br/>
<p>Type this LAmo2cg7</p><br/>
<p>Typing LAmo2cg7 in Last Name field</p><br/>
<p>Type this 876524315</p><br/>
<p>Typing 876524315 in Contact Number field</p><br/>
<p>Type this randomEMail1487753751638@mailinator.com</p><br/>
<p>Typing randomEMail1487753751638@mailinator.com in Email Address field</p><br/>
<p>Type this 2017-01-03</p><br/>
<p>Typing 2017-01-03 in Birth Date field</p><br/>
<p>Clicking Male Gender</p><br/>
<p>Type this Description Text Area</p><br/>
<p>Type this Password</p><br/>
<p>Typing Password in Password field</p><br/>
<p>Type this Password</p><br/>
<p>Typing Password in Confirm Password field</p><br/>
<p>Type this contactName</p><br/>
<p>Type this 876524315</p><br/>
</div>
</td>
<td></td>
<td>14</td>
<td>geForceSelenium.gForce.Script.webTeacherModule@3e6fa38a</td></tr>
<tr>
<td title='geForceSelenium.gForce.Script.webTeacherModule.createTeacherNotAvailableForTrainingTest()'><b>createTeacherNotAvailableForTrainingTest</b><br>Test class: geForceSelenium.gForce.Script.webTeacherModule<br/>
<a href="#Output-1766911337" onClick='toggleBox("Output-1766911337", this, "Show output", "Hide output");'>Show output</a>

<a href="#Output-1766911337" onClick="toggleAllBoxes();">Show all outputs</a>
<div class='log' id="Output-1766911337">
<p>Clicking Teacher</p><br/>
<p>Finished waiting</p><br/>
<p>Type this NON-TRAINERTEACHERGDj</p><br/>
<p>Typing NON-TRAINERTEACHERGDj in First Name field</p><br/>
<p>Type this CkrW88qc</p><br/>
<p>Type this LAmo2cg7</p><br/>
<p>Typing LAmo2cg7 in Last Name field</p><br/>
<p>Type this 876524315</p><br/>
<p>Typing 876524315 in Contact Number field</p><br/>
<p>Type this NON-TRAINERTEACHEREMAIL72Q@mailinator.com</p><br/>
<p>Typing NON-TRAINERTEACHEREMAIL72Q@mailinator.com in Email Address field</p><br/>
<p>Type this 2017-01-03</p><br/>
<p>Typing 2017-01-03 in Birth Date field</p><br/>
<p>Clicking Male Gender</p><br/>
<p>Type this Description Text Area</p><br/>
<p>Type this Password</p><br/>
<p>Typing Password in Password field</p><br/>
<p>Type this Password</p><br/>
<p>Typing Password in Confirm Password field</p><br/>
<p>Type this contactName</p><br/>
<p>Type this 876524315</p><br/>
</div>
</td>
<td></td>
<td>18</td>
<td>geForceSelenium.gForce.Script.webTeacherModule@3e6fa38a</td></tr>
<tr>
<td title='geForceSelenium.gForce.Script.webTeacherModule.createTeacherTest()'><b>createTeacherTest</b><br>Test class: geForceSelenium.gForce.Script.webTeacherModule<br/>
<a href="#Output-88397182" onClick='toggleBox("Output-88397182", this, "Show output", "Hide output");'>Show output</a>

<a href="#Output-88397182" onClick="toggleAllBoxes();">Show all outputs</a>
<div class='log' id="Output-88397182">
<p>Clicking Teacher</p><br/>
<p>Finished waiting</p><br/>
<p>Type this TRAINERTEACHER qA5Ul</p><br/>
<p>Typing TRAINERTEACHER qA5Ul in First Name field</p><br/>
<p>Type this CkrW88qc</p><br/>
<p>Type this LAmo2cg7</p><br/>
<p>Typing LAmo2cg7 in Last Name field</p><br/>
<p>Type this 876524315</p><br/>
<p>Typing 876524315 in Contact Number field</p><br/>
<p>Type this E5ulqv8Eemail@email.com</p><br/>
<p>Typing E5ulqv8Eemail@email.com in Email Address field</p><br/>
<p>Type this 2017-01-03</p><br/>
<p>Typing 2017-01-03 in Birth Date field</p><br/>
<p>Clicking Male Gender</p><br/>
<p>Type this Description Text Area</p><br/>
<p>Clicking Available For Training Status</p><br/>
<p>Type this Password</p><br/>
<p>Typing Password in Password field</p><br/>
<p>Type this Password</p><br/>
<p>Typing Password in Confirm Password field</p><br/>
<p>Type this contactName</p><br/>
<p>Type this 876524315</p><br/>
</div>
</td>
<td></td>
<td>13</td>
<td>geForceSelenium.gForce.Script.webTeacherModule@3e6fa38a</td></tr>
<tr>
<td title='geForceSelenium.gForce.Script.webClassModule.deleteClassTest()'><b>deleteClassTest</b><br>Test class: geForceSelenium.gForce.Script.webClassModule<br/>
<a href="#Output-1237740254" onClick='toggleBox("Output-1237740254", this, "Show output", "Hide output");'>Show output</a>

<a href="#Output-1237740254" onClick="toggleAllBoxes();">Show all outputs</a>
<div class='log' id="Output-1237740254">
<p>Type this ClassNameSQKpp</p><br/>
<p>Typing ClassNameSQKpp in Class Name field</p><br/>
<p>Selecting Open Class in Class Type Select Field</p><br/>
<p>Clicking Search Button</p><br/>
<p>Finished waiting</p><br/>
<p>Finished waiting</p><br/>
<p>Finished waiting</p><br/>
<p>Clicking Class Table</p><br/>
<p>Clicking Remove Class</p><br/>
<p>Clicking Delete Class Confirmation</p><br/>
</div>
</td>
<td></td>
<td>11</td>
<td>geForceSelenium.gForce.Script.webClassModule@6f7fd0e6</td></tr>
<tr>
<td title='geForceSelenium.gForce.Script.webStudentModule.deleteStudentTest()'><b>deleteStudentTest</b><br>Test class: geForceSelenium.gForce.Script.webStudentModule<br/>
<a href="#Output-212011969" onClick='toggleBox("Output-212011969", this, "Show output", "Hide output");'>Show output</a>

<a href="#Output-212011969" onClick="toggleAllBoxes();">Show all outputs</a>
<div class='log' id="Output-212011969">
<p>Clicking Student Tab Link</p><br/>
<p>Type this eL3J8VHA</p><br/>
<p>Typing eL3J8VHA in First Name Field field</p><br/>
<p>Type this qCAb3zxO</p><br/>
<p>Typing qCAb3zxO in Last Name Field field</p><br/>
<p>Clicking Search Student Button</p><br/>
<p>Finished waiting</p><br/>
<p>Clicking Class Row</p><br/>
<p>Clicking View Student</p><br/>
<p>Clicking Delete Confirmation</p><br/>
</div>
</td>
<td></td>
<td>5</td>
<td>geForceSelenium.gForce.Script.webStudentModule@47c62251</td></tr>
<tr>
<td title='geForceSelenium.gForce.Script.webClassModule.editClassTest()'><b>editClassTest</b><br>Test class: geForceSelenium.gForce.Script.webClassModule<br/>
<a href="#Output-1306246648" onClick='toggleBox("Output-1306246648", this, "Show output", "Hide output");'>Show output</a>

<a href="#Output-1306246648" onClick="toggleAllBoxes();">Show all outputs</a>
<div class='log' id="Output-1306246648">
<p>Finished waiting</p><br/>
<p>Clicking Class Table</p><br/>
<p>Clicking Edit Class</p><br/>
<p>Selecting Open Class in Class Type Select Field</p><br/>
<p>Type this ClassNameSQKpp</p><br/>
<p>Typing ClassNameSQKpp in Class Name field</p><br/>
<p>Type this 300.0</p><br/>
<p>Typing 300.0 in Class Rate field</p><br/>
<p>Selecting AJ Albaniel in Class Teacher Select Field</p><br/>
<p>Type this VnulJxHR</p><br/>
<p>Typing VnulJxHR in Class Venue field</p><br/>
<p>Type this 50.0</p><br/>
<p>Typing 50.0 in Class Capacity field</p><br/>
<p>Clicking Start Time</p><br/>
<p>Clicking End Time</p><br/>
<p>Type this https://www.youtube.com/watch?v=ll8KDdQzoKY&t=1266s</p><br/>
<p>Typing https://www.youtube.com/watch?v=ll8KDdQzoKY&t=1266s in Youtube URL field</p><br/>
<p>Clicking Save Class</p><br/>
</div>
</td>
<td></td>
<td>12</td>
<td>geForceSelenium.gForce.Script.webClassModule@6f7fd0e6</td></tr>
<tr>
<td title='geForceSelenium.gForce.Script.webClassModule.publishClassTest()'><b>publishClassTest</b><br>Test class: geForceSelenium.gForce.Script.webClassModule<br/>
<a href="#Output-1272883899" onClick='toggleBox("Output-1272883899", this, "Show output", "Hide output");'>Show output</a>

<a href="#Output-1272883899" onClick="toggleAllBoxes();">Show all outputs</a>
<div class='log' id="Output-1272883899">
<p>Selecting Open Class in Class Type Select Field</p><br/>
<p>Type this ClassNamelvGBj</p><br/>
<p>Typing ClassNamelvGBj in Class Name field</p><br/>
<p>Type this 100.0</p><br/>
<p>Typing 100.0 in Class Rate field</p><br/>
<p>Selecting Danica Mozo in Class Teacher Select Field</p><br/>
<p>Type this VnuPKiQp</p><br/>
<p>Typing VnuPKiQp in Class Venue field</p><br/>
<p>Type this 50.0</p><br/>
<p>Typing 50.0 in Class Capacity field</p><br/>
<p>Clicking Start Time</p><br/>
<p>Clicking End Time</p><br/>
<p>Type this https://www.youtube.com/watch?v=9azGzlvCygA</p><br/>
<p>Typing https://www.youtube.com/watch?v=9azGzlvCygA in Youtube URL field</p><br/>
<p>Clicking Save Class</p><br/>
<p>Type this ClassNamelvGBj</p><br/>
<p>Typing ClassNamelvGBj in Class Name field</p><br/>
<p>Selecting Open Class in Class Type Select Field</p><br/>
<p>Selecting No in Class Published Select Field</p><br/>
<p>Clicking Search Button</p><br/>
<p>Finished waiting</p><br/>
<p>Finished waiting</p><br/>
<p>Retrieve this element ClassNamelvGBj</p><br/>
<p>Strings Matched : ClassNamelvGBj & ClassNamelvGBj</p><br/>
<p>Retrieve this element Open Class</p><br/>
<p>Strings Matched : Open Class & Open Class</p><br/>
<p>Finished waiting</p><br/>
<p>Clicking Class Table</p><br/>
<p>Clicking Publish Class</p><br/>
<p>Clicking Confirm publish</p><br/>
<p>Finished waiting</p><br/>
<p>Type this ClassNamelvGBj</p><br/>
<p>Typing ClassNamelvGBj in Class Name field</p><br/>
<p>Selecting Open Class in Class Type Select Field</p><br/>
<p>Selecting Yes in Class Published Select Field</p><br/>
<p>Clicking Search Button</p><br/>
</div>
</td>
<td></td>
<td>22</td>
<td>geForceSelenium.gForce.Script.webClassModule@6f7fd0e6</td></tr>
<tr>
<td title='geForceSelenium.gForce.Script.webStudentModule.searchStudentTest()'><b>searchStudentTest</b><br>Test class: geForceSelenium.gForce.Script.webStudentModule<br/>
<a href="#Output-284686302" onClick='toggleBox("Output-284686302", this, "Show output", "Hide output");'>Show output</a>

<a href="#Output-284686302" onClick="toggleAllBoxes();">Show all outputs</a>
<div class='log' id="Output-284686302">
<p>Clicking Student Tab Link</p><br/>
<p>Type this eL3J8VHA</p><br/>
<p>Typing eL3J8VHA in First Name Field field</p><br/>
<p>Type this qCAb3zxO</p><br/>
<p>Typing qCAb3zxO in Last Name Field field</p><br/>
<p>Clicking Search Student Button</p><br/>
<p>Finished waiting</p><br/>
<p>Retrieve this element eL3J8VHA qCAb3zxO</p><br/>
<p>Strings Matched : eL3J8VHA qCAb3zxO & eL3J8VHA qCAb3zxO</p><br/>
<p>Retrieve this element Bayan</p><br/>
<p>Strings Matched : Bayan & Bayan</p><br/>
<p>Retrieve this element 9654321</p><br/>
<p>Strings Matched : 9654321 & 9654321</p><br/>
</div>
</td>
<td></td>
<td>3</td>
<td>geForceSelenium.gForce.Script.webStudentModule@47c62251</td></tr>
<tr>
<td title='geForceSelenium.gForce.Script.webTeacherModule.searchTeacherTest()'><b>searchTeacherTest</b><br>Test class: geForceSelenium.gForce.Script.webTeacherModule<br/>
<a href="#Output-1622458036" onClick='toggleBox("Output-1622458036", this, "Show output", "Hide output");'>Show output</a>

<a href="#Output-1622458036" onClick="toggleAllBoxes();">Show all outputs</a>
<div class='log' id="Output-1622458036">
<p>Clicking Teacher</p><br/>
<p>Type this TRAINERTEACHER qA5Ul</p><br/>
<p>Typing TRAINERTEACHER qA5Ul in First Name field</p><br/>
<p>Type this LAmo2cg7</p><br/>
<p>Typing LAmo2cg7 in Last Name field</p><br/>
<p>Finished waiting</p><br/>
<p>Retrieve this element TRAINERTEACHER qA5Ul LAmo2cg7</p><br/>
<p>Strings Matched : TRAINERTEACHER qA5Ul LAmo2cg7 & TRAINERTEACHER qA5Ul LAmo2cg7</p><br/>
<p>Retrieve this element Male</p><br/>
<p>Strings Matched : Male & Male</p><br/>
<p>Retrieve this element Bayan</p><br/>
<p>Strings Matched : Bayan & Bayan</p><br/>
<p>Retrieve this element 876524315</p><br/>
<p>Strings Matched : 876524315 & 876524315</p><br/>
</div>
</td>
<td></td>
<td>16</td>
<td>geForceSelenium.gForce.Script.webTeacherModule@3e6fa38a</td></tr>
<tr>
<td title='geForceSelenium.gForce.Script.webStudentModule.viewStudentTest()'><b>viewStudentTest</b><br>Test class: geForceSelenium.gForce.Script.webStudentModule<br/>
<a href="#Output-1611832218" onClick='toggleBox("Output-1611832218", this, "Show output", "Hide output");'>Show output</a>

<a href="#Output-1611832218" onClick="toggleAllBoxes();">Show all outputs</a>
<div class='log' id="Output-1611832218">
<p>Clicking Student Tab Link</p><br/>
<p>Clicking Class Row</p><br/>
<p>Clicking View Student</p><br/>
</div>
</td>
<td></td>
<td>6</td>
<td>geForceSelenium.gForce.Script.webStudentModule@47c62251</td></tr>
</table><p>
</body>
</html>