<?xml version="1.0" encoding="UTF-8"?>
<testng-results skipped="0" failed="1" ignored="0" total="1" passed="0">
  <reporter-output>
    <line>
      <![CDATA[<p>  ---------------------LoginPHPTravel---------------------  </p>]]>
    </line>
    <line>
      <![CDATA[<p>  ---------------------TEST STARTING---------------------  </p>]]>
    </line>
    <line>
      <![CDATA[<p>  Finished waiting  </p>]]>
    </line>
    <line>
      <![CDATA[<p>  Type this admin@demo.com  </p>]]>
    </line>
    <line>
      <![CDATA[<p>  Finished waiting  </p>]]>
    </line>
    <line>
      <![CDATA[<br> <img src=Test-Screenshot\2017-03-03_17-59-08\FAILED-LoginPHPTravel.png  width='600' height='400'/> </br>]]>
    </line>
    <line>
      <![CDATA[<p>  Performing Screenshot  </p>]]>
    </line>
    <line>
      <![CDATA[<p>  Finished waiting  </p>]]>
    </line>
    <line>
      <![CDATA[<p>  Finished waiting  </p>]]>
    </line>
  </reporter-output>
  <suite name="Default suite" duration-ms="20340" started-at="2017-03-03T09:58:50Z" finished-at="2017-03-03T09:59:10Z">
    <groups>
    </groups>
    <test name="Default test" duration-ms="20340" started-at="2017-03-03T09:58:50Z" finished-at="2017-03-03T09:59:10Z">
      <class name="selenium.gForce.Script.loginClass">
        <test-method status="PASS" signature="setupTest()[pri:0, instance:selenium.gForce.Script.loginClass@5b275dab]" name="setupTest" is-config="true" duration-ms="5804" started-at="2017-03-03T17:58:50Z" finished-at="2017-03-03T17:58:56Z">
          <reporter-output>
          </reporter-output>
        </test-method> <!-- setupTest -->
        <test-method status="PASS" signature="beforeTest(java.lang.reflect.Method)[pri:0, instance:selenium.gForce.Script.loginClass@5b275dab]" name="beforeTest" is-config="true" duration-ms="1120" started-at="2017-03-03T17:58:56Z" finished-at="2017-03-03T17:58:57Z">
          <params>
            <param index="0">
              <value>
                <![CDATA[public void selenium.gForce.Script.loginClass.LoginPHPTravel()]]>
              </value>
            </param>
          </params>
          <reporter-output>
            <line>
              <![CDATA[<p>  ---------------------LoginPHPTravel---------------------  </p>]]>
            </line>
            <line>
              <![CDATA[<p>  ---------------------TEST STARTING---------------------  </p>]]>
            </line>
            <line>
              <![CDATA[<p>  Finished waiting  </p>]]>
            </line>
          </reporter-output>
        </test-method> <!-- beforeTest -->
        <test-method status="FAIL" signature="LoginPHPTravel()[pri:0, instance:selenium.gForce.Script.loginClass@5b275dab]" name="LoginPHPTravel" duration-ms="10198" started-at="2017-03-03T17:58:57Z" finished-at="2017-03-03T17:59:07Z">
          <exception class="org.openqa.selenium.TimeoutException">
            <message>
              <![CDATA[Expected condition failed: waiting for presence of element located by: By.name: email (tried for 10 second(s) with 500 MILLISECONDS interval)
Build info: version: 'unknown', revision: '3169782', time: '2016-09-29 10:24:50 -0700'
System info: host: 'GabbooAlien', ip: '192.168.30.95', os.name: 'Windows 8.1', os.arch: 'amd64', os.version: '6.3', java.version: '1.8.0_111'
Driver info: org.openqa.selenium.firefox.FirefoxDriver
Capabilities [{applicationCacheEnabled=true, rotatable=false, handlesAlerts=true, databaseEnabled=true, version=46.0, platform=WINDOWS, nativeEvents=false, acceptSslCerts=true, webStorageEnabled=true, locationContextEnabled=true, browserName=firefox, takesScreenshot=true, javascriptEnabled=true, cssSelectorsEnabled=true}]
Session ID: a66c35e0-2dd7-4634-9657-01c1a543575b]]>
            </message>
            <full-stacktrace>
              <![CDATA[org.openqa.selenium.TimeoutException: Expected condition failed: waiting for presence of element located by: By.name: email (tried for 10 second(s) with 500 MILLISECONDS interval)
Build info: version: 'unknown', revision: '3169782', time: '2016-09-29 10:24:50 -0700'
System info: host: 'GabbooAlien', ip: '192.168.30.95', os.name: 'Windows 8.1', os.arch: 'amd64', os.version: '6.3', java.version: '1.8.0_111'
Driver info: org.openqa.selenium.firefox.FirefoxDriver
Capabilities [{applicationCacheEnabled=true, rotatable=false, handlesAlerts=true, databaseEnabled=true, version=46.0, platform=WINDOWS, nativeEvents=false, acceptSslCerts=true, webStorageEnabled=true, locationContextEnabled=true, browserName=firefox, takesScreenshot=true, javascriptEnabled=true, cssSelectorsEnabled=true}]
Session ID: a66c35e0-2dd7-4634-9657-01c1a543575b
	at org.openqa.selenium.support.ui.WebDriverWait.timeoutException(WebDriverWait.java:80)
	at org.openqa.selenium.support.ui.FluentWait.until(FluentWait.java:265)
	at selenium.Util.Util.typeThis(Util.java:86)
	at selenium.gForce.Script.loginClass.LoginPHPTravel(loginClass.java:15)
	at sun.reflect.NativeMethodAccessorImpl.invoke0(Native Method)
	at sun.reflect.NativeMethodAccessorImpl.invoke(Unknown Source)
	at sun.reflect.DelegatingMethodAccessorImpl.invoke(Unknown Source)
	at java.lang.reflect.Method.invoke(Unknown Source)
	at org.testng.internal.MethodInvocationHelper.invokeMethod(MethodInvocationHelper.java:104)
	at org.testng.internal.Invoker.invokeMethod(Invoker.java:645)
	at org.testng.internal.Invoker.invokeTestMethod(Invoker.java:851)
	at org.testng.internal.Invoker.invokeTestMethods(Invoker.java:1177)
	at org.testng.internal.TestMethodWorker.invokeTestMethods(TestMethodWorker.java:129)
	at org.testng.internal.TestMethodWorker.run(TestMethodWorker.java:112)
	at org.testng.TestRunner.privateRun(TestRunner.java:756)
	at org.testng.TestRunner.run(TestRunner.java:610)
	at org.testng.SuiteRunner.runTest(SuiteRunner.java:387)
	at org.testng.SuiteRunner.runSequentially(SuiteRunner.java:382)
	at org.testng.SuiteRunner.privateRun(SuiteRunner.java:340)
	at org.testng.SuiteRunner.run(SuiteRunner.java:289)
	at org.testng.SuiteRunnerWorker.runSuite(SuiteRunnerWorker.java:52)
	at org.testng.SuiteRunnerWorker.run(SuiteRunnerWorker.java:86)
	at org.testng.TestNG.runSuitesSequentially(TestNG.java:1293)
	at org.testng.TestNG.runSuitesLocally(TestNG.java:1218)
	at org.testng.TestNG.runSuites(TestNG.java:1133)
	at org.testng.TestNG.run(TestNG.java:1104)
	at org.testng.remote.AbstractRemoteTestNG.run(AbstractRemoteTestNG.java:132)
	at org.testng.remote.RemoteTestNG.initAndRun(RemoteTestNG.java:236)
	at org.testng.remote.RemoteTestNG.main(RemoteTestNG.java:81)
Caused by: org.openqa.selenium.NoSuchElementException: Unable to locate element: {"method":"name","selector":"email"}
Command duration or timeout: 27 milliseconds
For documentation on this error, please visit: http://seleniumhq.org/exceptions/no_such_element.html
Build info: version: 'unknown', revision: '3169782', time: '2016-09-29 10:24:50 -0700'
System info: host: 'GabbooAlien', ip: '192.168.30.95', os.name: 'Windows 8.1', os.arch: 'amd64', os.version: '6.3', java.version: '1.8.0_111'
Driver info: org.openqa.selenium.firefox.FirefoxDriver
Capabilities [{applicationCacheEnabled=true, rotatable=false, handlesAlerts=true, databaseEnabled=true, version=46.0, platform=WINDOWS, nativeEvents=false, acceptSslCerts=true, webStorageEnabled=true, locationContextEnabled=true, browserName=firefox, takesScreenshot=true, javascriptEnabled=true, cssSelectorsEnabled=true}]
Session ID: a66c35e0-2dd7-4634-9657-01c1a543575b
*** Element info: {Using=name, value=email}
	at sun.reflect.GeneratedConstructorAccessor11.newInstance(Unknown Source)
	at sun.reflect.DelegatingConstructorAccessorImpl.newInstance(Unknown Source)
	at java.lang.reflect.Constructor.newInstance(Unknown Source)
	at org.openqa.selenium.remote.ErrorHandler.createThrowable(ErrorHandler.java:206)
	at org.openqa.selenium.remote.ErrorHandler.throwIfResponseFailed(ErrorHandler.java:158)
	at org.openqa.selenium.remote.RemoteWebDriver.execute(RemoteWebDriver.java:636)
	at org.openqa.selenium.remote.RemoteWebDriver.findElement(RemoteWebDriver.java:369)
	at org.openqa.selenium.remote.RemoteWebDriver.findElementByName(RemoteWebDriver.java:450)
	at org.openqa.selenium.By$ByName.findElement(By.java:303)
	at org.openqa.selenium.remote.RemoteWebDriver.findElement(RemoteWebDriver.java:361)
	at org.openqa.selenium.support.ui.ExpectedConditions.findElement(ExpectedConditions.java:895)
	at org.openqa.selenium.support.ui.ExpectedConditions.access$000(ExpectedConditions.java:41)
	at org.openqa.selenium.support.ui.ExpectedConditions$6.apply(ExpectedConditions.java:181)
	at org.openqa.selenium.support.ui.ExpectedConditions$6.apply(ExpectedConditions.java:178)
	at org.openqa.selenium.support.ui.FluentWait.until(FluentWait.java:238)
	... 27 more
Caused by: org.openqa.selenium.NoSuchElementException: Unable to locate element: {"method":"name","selector":"email"}
For documentation on this error, please visit: http://seleniumhq.org/exceptions/no_such_element.html
Build info: version: 'unknown', revision: '3169782', time: '2016-09-29 10:24:50 -0700'
System info: host: 'GabbooAlien', ip: '192.168.30.95', os.name: 'Windows 8.1', os.arch: 'amd64', os.version: '6.3', java.version: '1.8.0_111'
Driver info: driver.version: unknown
	at <anonymous class>.FirefoxDriver.prototype.findElementInternal_(file:///C:/Users/Gabo/AppData/Local/Temp/anonymous2284138425416259421webdriver-profile/extensions/fxdriver@googlecode.com/components/driver-component.js:11187)
	at <anonymous class>.FirefoxDriver.prototype.findElement(file:///C:/Users/Gabo/AppData/Local/Temp/anonymous2284138425416259421webdriver-profile/extensions/fxdriver@googlecode.com/components/driver-component.js:11196)
	at <anonymous class>.DelayedCommand.prototype.executeInternal_/h(file:///C:/Users/Gabo/AppData/Local/Temp/anonymous2284138425416259421webdriver-profile/extensions/fxdriver@googlecode.com/components/command-processor.js:12698)
	at <anonymous class>.DelayedCommand.prototype.executeInternal_(file:///C:/Users/Gabo/AppData/Local/Temp/anonymous2284138425416259421webdriver-profile/extensions/fxdriver@googlecode.com/components/command-processor.js:12703)
	at <anonymous class>.DelayedCommand.prototype.execute/<(file:///C:/Users/Gabo/AppData/Local/Temp/anonymous2284138425416259421webdriver-profile/extensions/fxdriver@googlecode.com/components/command-processor.js:12645)
]]>
            </full-stacktrace>
          </exception> <!-- org.openqa.selenium.TimeoutException -->
          <reporter-output>
            <line>
              <![CDATA[<p>  Type this admin@demo.com  </p>]]>
            </line>
            <line>
              <![CDATA[<p>  Finished waiting  </p>]]>
            </line>
            <line>
              <![CDATA[<br> <img src=Test-Screenshot\2017-03-03_17-59-08\FAILED-LoginPHPTravel.png  width='600' height='400'/> </br>]]>
            </line>
            <line>
              <![CDATA[<p>  Performing Screenshot  </p>]]>
            </line>
          </reporter-output>
        </test-method> <!-- LoginPHPTravel -->
        <test-method status="PASS" signature="afterMethod(java.lang.reflect.Method, org.testng.ITestResult)[pri:0, instance:selenium.gForce.Script.loginClass@5b275dab]" name="afterMethod" is-config="true" duration-ms="1182" started-at="2017-03-03T17:59:07Z" finished-at="2017-03-03T17:59:08Z">
          <params>
            <param index="0">
              <value>
                <![CDATA[public void selenium.gForce.Script.loginClass.LoginPHPTravel()]]>
              </value>
            </param>
            <param index="1">
              <value>
                <![CDATA[[TestResult name=LoginPHPTravel status=FAILURE method=loginClass.LoginPHPTravel()[pri:0, instance:selenium.gForce.Script.loginClass@5b275dab] output=<p>  Type this admin@demo.com  </p>]]]>
              </value>
            </param>
          </params>
          <reporter-output>
          </reporter-output>
        </test-method> <!-- afterMethod -->
        <test-method status="PASS" signature="afterTest()[pri:0, instance:selenium.gForce.Script.loginClass@5b275dab]" name="afterTest" is-config="true" duration-ms="2008" started-at="2017-03-03T17:59:08Z" finished-at="2017-03-03T17:59:10Z">
          <reporter-output>
            <line>
              <![CDATA[<p>  Finished waiting  </p>]]>
            </line>
            <line>
              <![CDATA[<p>  Finished waiting  </p>]]>
            </line>
          </reporter-output>
        </test-method> <!-- afterTest -->
      </class> <!-- selenium.gForce.Script.loginClass -->
    </test> <!-- Default test -->
  </suite> <!-- Default suite -->
</testng-results>
